*********************************************************************
* LD Score Regression (LDSC)
* Version 1.0.1
* (C) 2014-2019 Brendan Bulik-Sullivan and Hilary Finucane
* Broad Institute of MIT and Harvard / MIT Department of Mathematics
* GNU General Public License v3
*********************************************************************
Call: 
./ldsc.py \
--ref-ld-chr /projects/pfenninggroup/machineLearningForComputationalBiology/gwasEnrichments/background/eur_w_ld_chr/ \
--out tables/p1_AgeOfInitiation-Liu_2019_correlation \
--rg /projects/pfenninggroup/machineLearningForComputationalBiology/addiction_gwas_enrichment/gwas_enrichment/gwas_sumstats/AgeOfInitiation-Liu_2019.sumstats.gz,/projects/pfenninggroup/machineLearningForComputationalBiology/addiction_gwas_enrichment/gwas_enrichment/gwas_sumstats/AgeOfInitiation-Liu_2019.sumstats.gz,/projects/pfenninggroup/machineLearningForComputationalBiology/addiction_gwas_enrichment/gwas_enrichment/gwas_sumstats/BMD-Kemp_2017.sumstats.gz,/projects/pfenninggroup/machineLearningForComputationalBiology/addiction_gwas_enrichment/gwas_enrichment/gwas_sumstats/CAD-Howson_2017.sumstats.gz,/projects/pfenninggroup/machineLearningForComputationalBiology/addiction_gwas_enrichment/gwas_enrichment/gwas_sumstats/Cannabis-Pasman_2018.sumstats.gz,/projects/pfenninggroup/machineLearningForComputationalBiology/addiction_gwas_enrichment/gwas_enrichment/gwas_sumstats/ChronicPain-Johnston_2019.sumstats.gz,/projects/pfenninggroup/machineLearningForComputationalBiology/addiction_gwas_enrichment/gwas_enrichment/gwas_sumstats/CigarettesPerDay-Liu_2019.sumstats.gz,/projects/pfenninggroup/machineLearningForComputationalBiology/addiction_gwas_enrichment/gwas_enrichment/gwas_sumstats/CocaineDep-Dominguez_2019.sumstats.gz,/projects/pfenninggroup/machineLearningForComputationalBiology/addiction_gwas_enrichment/gwas_enrichment/gwas_sumstats/CoffeePerDay-Cornelis_2015.sumstats.gz,/projects/pfenninggroup/machineLearningForComputationalBiology/addiction_gwas_enrichment/gwas_enrichment/gwas_sumstats/DrinksPerWeek-Liu_2019.sumstats.gz,/projects/pfenninggroup/machineLearningForComputationalBiology/addiction_gwas_enrichment/gwas_enrichment/gwas_sumstats/EduAttain-Lee_2018.sumstats.gz,/projects/pfenninggroup/machineLearningForComputationalBiology/addiction_gwas_enrichment/gwas_enrichment/gwas_sumstats/LBM-Zillikens_2017.sumstats.gz,/projects/pfenninggroup/machineLearningForComputationalBiology/addiction_gwas_enrichment/gwas_enrichment/gwas_sumstats/OCD-IOCDF_2017.sumstats.gz,/projects/pfenninggroup/machineLearningForComputationalBiology/addiction_gwas_enrichment/gwas_enrichment/gwas_sumstats/OpioidDep-Cheng_2018.sumstats.gz,/projects/pfenninggroup/machineLearningForComputationalBiology/addiction_gwas_enrichment/gwas_enrichment/gwas_sumstats/RiskyBehavior-Linner_2019.sumstats.gz,/projects/pfenninggroup/machineLearningForComputationalBiology/addiction_gwas_enrichment/gwas_enrichment/gwas_sumstats/Schizophrenia-PGC_2014.sumstats.gz,/projects/pfenninggroup/machineLearningForComputationalBiology/addiction_gwas_enrichment/gwas_enrichment/gwas_sumstats/SleepDuration-Dashti_2019.sumstats.gz,/projects/pfenninggroup/machineLearningForComputationalBiology/addiction_gwas_enrichment/gwas_enrichment/gwas_sumstats/SmokingCessation-Liu_2019.sumstats.gz,/projects/pfenninggroup/machineLearningForComputationalBiology/addiction_gwas_enrichment/gwas_enrichment/gwas_sumstats/SmokingInitiation-Liu_2019.sumstats.gz \
--w-ld-chr /projects/pfenninggroup/machineLearningForComputationalBiology/gwasEnrichments/background/eur_w_ld_chr/ 

Beginning analysis at Mon Jun  1 01:14:07 2020
Reading summary statistics from /projects/pfenninggroup/machineLearningForComputationalBiology/addiction_gwas_enrichment/gwas_enrichment/gwas_sumstats/AgeOfInitiation-Liu_2019.sumstats.gz ...
Read summary statistics for 1187203 SNPs.
Reading reference panel LD Score from /projects/pfenninggroup/machineLearningForComputationalBiology/gwasEnrichments/background/eur_w_ld_chr/[1-22] ...
Read reference panel LD Scores for 1290028 SNPs.
Removing partitioned LD Scores with zero variance.
Reading regression weight LD Score from /projects/pfenninggroup/machineLearningForComputationalBiology/gwasEnrichments/background/eur_w_ld_chr/[1-22] ...
Read regression weight LD Scores for 1290028 SNPs.
After merging with reference panel LD, 1172747 SNPs remain.
After merging with regression SNP LD, 1172747 SNPs remain.
Computing rg for phenotype 2/19
Reading summary statistics from /projects/pfenninggroup/machineLearningForComputationalBiology/addiction_gwas_enrichment/gwas_enrichment/gwas_sumstats/AgeOfInitiation-Liu_2019.sumstats.gz ...
Read summary statistics for 1215001 SNPs.
After merging with summary statistics, 1172747 SNPs remain.
1172747 SNPs with valid alleles.

Heritability of phenotype 1
---------------------------
Total Observed scale h2: 0.0472 (0.0029)
Lambda GC: 1.194
Mean Chi^2: 1.2181
Intercept: 0.979 (0.0077)
Ratio < 0 (usually indicates GC correction).

Heritability of phenotype 2/19
------------------------------
Total Observed scale h2: 0.0472 (0.0029)
Lambda GC: 1.194
Mean Chi^2: 1.2181
Intercept: 0.979 (0.0077)
Ratio < 0 (usually indicates GC correction).

Genetic Covariance
------------------
Total Observed scale gencov: 0.0472 (0.0029)
Mean z1*z2: 1.2181
Intercept: 0.979 (0.0077)

Genetic Correlation
-------------------
Genetic Correlation: 1. (6.3995e-07)
Z-score: 1562632.8901
P: 0.

Computing rg for phenotype 3/19
Reading summary statistics from /projects/pfenninggroup/machineLearningForComputationalBiology/addiction_gwas_enrichment/gwas_enrichment/gwas_sumstats/BMD-Kemp_2017.sumstats.gz ...
Read summary statistics for 1215001 SNPs.
After merging with summary statistics, 1172747 SNPs remain.
1156157 SNPs with valid alleles.

Heritability of phenotype 3/19
------------------------------
Total Observed scale h2: 0.3753 (0.0402)
Lambda GC: 1.4926
Mean Chi^2: 2.149
Intercept: 1.0796 (0.0307)
Ratio: 0.0692 (0.0267)

Genetic Covariance
------------------
Total Observed scale gencov: -0.0035 (0.0032)
Mean z1*z2: -0.0146
Intercept: 0.0045 (0.0059)

Genetic Correlation
-------------------
Genetic Correlation: -0.0263 (0.024)
Z-score: -1.0971
P: 0.2726

Computing rg for phenotype 4/19
Reading summary statistics from /projects/pfenninggroup/machineLearningForComputationalBiology/addiction_gwas_enrichment/gwas_enrichment/gwas_sumstats/CAD-Howson_2017.sumstats.gz ...
Read summary statistics for 1215001 SNPs.
After merging with summary statistics, 1172747 SNPs remain.
925900 SNPs with valid alleles.

Heritability of phenotype 4/19
------------------------------
Total Observed scale h2: 0.0732 (0.0094)
Lambda GC: 1.105
Mean Chi^2: 1.145
Intercept: 1.025 (0.0088)
Ratio: 0.1725 (0.061)

Genetic Covariance
------------------
Total Observed scale gencov: 0.0144 (0.003)
Mean z1*z2: 0.0348
Intercept: -0.0064 (0.0058)

Genetic Correlation
-------------------
Genetic Correlation: 0.2399 (0.0526)
Z-score: 4.5574
P: 5.1793e-06

Computing rg for phenotype 5/19
Reading summary statistics from /projects/pfenninggroup/machineLearningForComputationalBiology/addiction_gwas_enrichment/gwas_enrichment/gwas_sumstats/Cannabis-Pasman_2018.sumstats.gz ...
Read summary statistics for 1215001 SNPs.
After merging with summary statistics, 1172747 SNPs remain.
1079683 SNPs with valid alleles.

Heritability of phenotype 5/19
------------------------------
Total Observed scale h2: 0.1904 (0.0128)
Lambda GC: 1.194
Mean Chi^2: 1.2242
Intercept: 0.9996 (0.0083)
Ratio < 0 (usually indicates GC correction).

Genetic Covariance
------------------
Total Observed scale gencov: 0.0069 (0.0041)
Mean z1*z2: -0.0021
Intercept: -0.0189 (0.0058)

Genetic Correlation
-------------------
Genetic Correlation: 0.0723 (0.0424)
Z-score: 1.7039
P: 0.0884

Computing rg for phenotype 6/19
Reading summary statistics from /projects/pfenninggroup/machineLearningForComputationalBiology/addiction_gwas_enrichment/gwas_enrichment/gwas_sumstats/ChronicPain-Johnston_2019.sumstats.gz ...
Read summary statistics for 1215001 SNPs.
After merging with summary statistics, 1172747 SNPs remain.
95728 SNPs with valid alleles.
WARNING: number of SNPs less than 200k; this is almost always bad.

Heritability of phenotype 6/19
------------------------------
Total Observed scale h2: 0.0721 (0.0092)
Lambda GC: 1.4926
Mean Chi^2: 1.6568
Intercept: 1.0549 (0.0369)
Ratio: 0.0835 (0.0562)

Genetic Covariance
------------------
Total Observed scale gencov: 0.0188 (0.0052)
Mean z1*z2: 0.1854
Intercept: 0.0535 (0.0178)

Genetic Correlation
-------------------
Genetic Correlation: 0.3239 (0.0867)
Z-score: 3.7341
P: 0.0002

Computing rg for phenotype 7/19
Reading summary statistics from /projects/pfenninggroup/machineLearningForComputationalBiology/addiction_gwas_enrichment/gwas_enrichment/gwas_sumstats/CigarettesPerDay-Liu_2019.sumstats.gz ...
Read summary statistics for 1215001 SNPs.
After merging with summary statistics, 1172747 SNPs remain.
1172679 SNPs with valid alleles.

Heritability of phenotype 7/19
------------------------------
Total Observed scale h2: 0.0753 (0.0097)
Lambda GC: 1.2201
Mean Chi^2: 1.3304
Intercept: 0.9478 (0.0156)
Ratio < 0 (usually indicates GC correction).

Genetic Covariance
------------------
Total Observed scale gencov: -0.022 (0.0019)
Mean z1*z2: -0.2524
Intercept: -0.1416 (0.0056)

Genetic Correlation
-------------------
Genetic Correlation: -0.3682 (0.0369)
Z-score: -9.9848
P: 1.7760e-23

Computing rg for phenotype 8/19
Reading summary statistics from /projects/pfenninggroup/machineLearningForComputationalBiology/addiction_gwas_enrichment/gwas_enrichment/gwas_sumstats/CocaineDep-Dominguez_2019.sumstats.gz ...
Read summary statistics for 1215001 SNPs.
After merging with summary statistics, 1172747 SNPs remain.
1152874 SNPs with valid alleles.

Heritability of phenotype 8/19
------------------------------
Total Observed scale h2: 0.4257 (0.0823)
Lambda GC: 1.0618
Mean Chi^2: 1.0695
Intercept: 1.0175 (0.0068)
Ratio: 0.2516 (0.0977)

Genetic Covariance
------------------
Total Observed scale gencov: 0.0691 (0.0101)
Mean z1*z2: 0.0673
Intercept: 0.0124 (0.0049)

Genetic Correlation
-------------------
Genetic Correlation: 0.4862 (0.0783)
Z-score: 6.2089
P: 5.3345e-10

Computing rg for phenotype 9/19
Reading summary statistics from /projects/pfenninggroup/machineLearningForComputationalBiology/addiction_gwas_enrichment/gwas_enrichment/gwas_sumstats/CoffeePerDay-Cornelis_2015.sumstats.gz ...
Read summary statistics for 1215001 SNPs.
After merging with summary statistics, 1172747 SNPs remain.
1031241 SNPs with valid alleles.

Heritability of phenotype 9/19
------------------------------
Total Observed scale h2: 0.043 (0.0073)
Lambda GC: 1.0649
Mean Chi^2: 1.0844
Intercept: 1.0051 (0.0072)
Ratio: 0.0603 (0.0857)

Genetic Covariance
------------------
Total Observed scale gencov: 0.0068 (0.0027)
Mean z1*z2: 0.0247
Intercept: 0.0052 (0.0052)

Genetic Correlation
-------------------
Genetic Correlation: 0.1511 (0.06)
Z-score: 2.5187
P: 0.0118

Computing rg for phenotype 10/19
Reading summary statistics from /projects/pfenninggroup/machineLearningForComputationalBiology/addiction_gwas_enrichment/gwas_enrichment/gwas_sumstats/DrinksPerWeek-Liu_2019.sumstats.gz ...
Read summary statistics for 1215001 SNPs.
After merging with summary statistics, 1172747 SNPs remain.
1172589 SNPs with valid alleles.

Heritability of phenotype 10/19
-------------------------------
Total Observed scale h2: 0.0491 (0.0022)
Lambda GC: 1.3169
Mean Chi^2: 1.4477
Intercept: 0.9225 (0.0089)
Ratio < 0 (usually indicates GC correction).

Genetic Covariance
------------------
Total Observed scale gencov: -0.0077 (0.0015)
Mean z1*z2: -0.0732
Intercept: -0.0144 (0.0051)

Genetic Correlation
-------------------
Genetic Correlation: -0.1606 (0.031)
Z-score: -5.1764
P: 2.2619e-07

Computing rg for phenotype 11/19
Reading summary statistics from /projects/pfenninggroup/machineLearningForComputationalBiology/addiction_gwas_enrichment/gwas_enrichment/gwas_sumstats/EduAttain-Lee_2018.sumstats.gz ...
Read summary statistics for 1215001 SNPs.
After merging with summary statistics, 1172747 SNPs remain.
1164905 SNPs with valid alleles.

Heritability of phenotype 11/19
-------------------------------
Total Observed scale h2: 0.0761 (0.002)
Lambda GC: 2.094
Mean Chi^2: 2.6531
Intercept: 0.9784 (0.016)
Ratio < 0 (usually indicates GC correction).

Genetic Covariance
------------------
Total Observed scale gencov: -0.0359 (0.0016)
Mean z1*z2: -0.4421
Intercept: -0.0597 (0.0073)

Genetic Correlation
-------------------
Genetic Correlation: -0.5981 (0.022)
Z-score: -27.2431
P: 2.0068e-163

Computing rg for phenotype 12/19
Reading summary statistics from /projects/pfenninggroup/machineLearningForComputationalBiology/addiction_gwas_enrichment/gwas_enrichment/gwas_sumstats/LBM-Zillikens_2017.sumstats.gz ...
Read summary statistics for 1215001 SNPs.
After merging with summary statistics, 1172747 SNPs remain.
1017831 SNPs with valid alleles.

Heritability of phenotype 12/19
-------------------------------
Total Observed scale h2: 0.1305 (0.0153)
Lambda GC: 1.0864
Mean Chi^2: 1.0994
Intercept: 0.9995 (0.0078)
Ratio < 0 (usually indicates GC correction).

Genetic Covariance
------------------
Total Observed scale gencov: 0.0044 (0.0046)
Mean z1*z2: 0.0078
Intercept: -0.0022 (0.0057)

Genetic Correlation
-------------------
Genetic Correlation: 0.055 (0.0576)
Z-score: 0.9542
P: 0.34

Computing rg for phenotype 13/19
Reading summary statistics from /projects/pfenninggroup/machineLearningForComputationalBiology/addiction_gwas_enrichment/gwas_enrichment/gwas_sumstats/OCD-IOCDF_2017.sumstats.gz ...
Read summary statistics for 1215001 SNPs.
After merging with summary statistics, 1172747 SNPs remain.
1092016 SNPs with valid alleles.

Heritability of phenotype 13/19
-------------------------------
Total Observed scale h2: 0.3213 (0.05)
Lambda GC: 1.0527
Mean Chi^2: 1.0564
Intercept: 0.993 (0.0067)
Ratio < 0 (usually indicates GC correction).

Genetic Covariance
------------------
Total Observed scale gencov: -0.031 (0.0079)
Mean z1*z2: -0.0254
Intercept: 0.0059 (0.0048)

Genetic Correlation
-------------------
Genetic Correlation: -0.2508 (0.0635)
Z-score: -3.9525
P: 7.7325e-05

Computing rg for phenotype 14/19
Reading summary statistics from /projects/pfenninggroup/machineLearningForComputationalBiology/addiction_gwas_enrichment/gwas_enrichment/gwas_sumstats/OpioidDep-Cheng_2018.sumstats.gz ...
Read summary statistics for 1215001 SNPs.
After merging with summary statistics, 1172747 SNPs remain.
1158142 SNPs with valid alleles.

Heritability of phenotype 14/19
-------------------------------
Total Observed scale h2: 0.0378 (0.0589)
Lambda GC: 1.0436
Mean Chi^2: 1.0324
Intercept: 1.0274 (0.0056)
Ratio: 0.8456 (0.1725)

Genetic Covariance
------------------
Total Observed scale gencov: 0.0186 (0.0088)
Mean z1*z2: 0.0089
Intercept: -0.006 (0.0046)

Genetic Correlation
-------------------
Genetic Correlation: 0.4395 (0.3938)
Z-score: 1.1161
P: 0.2644

Computing rg for phenotype 15/19
Reading summary statistics from /projects/pfenninggroup/machineLearningForComputationalBiology/addiction_gwas_enrichment/gwas_enrichment/gwas_sumstats/RiskyBehavior-Linner_2019.sumstats.gz ...
Read summary statistics for 1215001 SNPs.
After merging with summary statistics, 1172747 SNPs remain.
1172141 SNPs with valid alleles.

Heritability of phenotype 15/19
-------------------------------
Total Observed scale h2: 0.1136 (0.0046)
Lambda GC: 1.5217
Mean Chi^2: 1.7173
Intercept: 1.0096 (0.0106)
Ratio: 0.0134 (0.0148)

Genetic Covariance
------------------
Total Observed scale gencov: 0.0298 (0.0023)
Mean z1*z2: 0.1539
Intercept: -0.0131 (0.006)

Genetic Correlation
-------------------
Genetic Correlation: 0.4061 (0.028)
Z-score: 14.5057
P: 1.1154e-47

Computing rg for phenotype 16/19
Reading summary statistics from /projects/pfenninggroup/machineLearningForComputationalBiology/addiction_gwas_enrichment/gwas_enrichment/gwas_sumstats/Schizophrenia-PGC_2014.sumstats.gz ...
Read summary statistics for 1215001 SNPs.
After merging with summary statistics, 1172747 SNPs remain.
1106891 SNPs with valid alleles.

Heritability of phenotype 16/19
-------------------------------
Total Observed scale h2: 0.4711 (0.0191)
Lambda GC: 1.592
Mean Chi^2: 1.7834
Intercept: 1.0396 (0.0124)
Ratio: 0.0506 (0.0158)

Genetic Covariance
------------------
Total Observed scale gencov: 0.0025 (0.0043)
Mean z1*z2: 0.018
Intercept: 0.0112 (0.0064)

Genetic Correlation
-------------------
Genetic Correlation: 0.0168 (0.0286)
Z-score: 0.5873
P: 0.557

Computing rg for phenotype 17/19
Reading summary statistics from /projects/pfenninggroup/machineLearningForComputationalBiology/addiction_gwas_enrichment/gwas_enrichment/gwas_sumstats/SleepDuration-Dashti_2019.sumstats.gz ...
Read summary statistics for 1215001 SNPs.
After merging with summary statistics, 1172747 SNPs remain.
1163823 SNPs with valid alleles.

Heritability of phenotype 17/19
-------------------------------
Total Observed scale h2: 0.0685 (0.003)
Lambda GC: 1.4926
Mean Chi^2: 1.6212
Intercept: 1.023 (0.0099)
Ratio: 0.037 (0.016)

Genetic Covariance
------------------
Total Observed scale gencov: 0.0067 (0.0017)
Mean z1*z2: 0.0425
Intercept: 0.0047 (0.0059)

Genetic Correlation
-------------------
Genetic Correlation: 0.1177 (0.0297)
Z-score: 3.9617
P: 7.4412e-05

Computing rg for phenotype 18/19
Reading summary statistics from /projects/pfenninggroup/machineLearningForComputationalBiology/addiction_gwas_enrichment/gwas_enrichment/gwas_sumstats/SmokingCessation-Liu_2019.sumstats.gz ...
Read summary statistics for 1215001 SNPs.
After merging with summary statistics, 1172747 SNPs remain.
1172567 SNPs with valid alleles.

Heritability of phenotype 18/19
-------------------------------
Total Observed scale h2: 0.0318 (0.0021)
Lambda GC: 1.1459
Mean Chi^2: 1.1757
Intercept: 0.9801 (0.0073)
Ratio < 0 (usually indicates GC correction).

Genetic Covariance
------------------
Total Observed scale gencov: -0.0112 (0.0017)
Mean z1*z2: -0.0658
Intercept: 0.0012 (0.0055)

Genetic Correlation
-------------------
Genetic Correlation: -0.2884 (0.0415)
Z-score: -6.954
P: 3.5496e-12

Computing rg for phenotype 19/19
Reading summary statistics from /projects/pfenninggroup/machineLearningForComputationalBiology/addiction_gwas_enrichment/gwas_enrichment/gwas_sumstats/SmokingInitiation-Liu_2019.sumstats.gz ...
Read summary statistics for 1215001 SNPs.
After merging with summary statistics, 1172747 SNPs remain.
1158332 SNPs with valid alleles.

Heritability of phenotype 19/19
-------------------------------
Total Observed scale h2: 0.0693 (0.0024)
Lambda GC: 1.4998
Mean Chi^2: 1.7415
Intercept: 0.8869 (0.0095)
Ratio < 0 (usually indicates GC correction).

Genetic Covariance
------------------
Total Observed scale gencov: -0.0392 (0.0019)
Mean z1*z2: -0.3358
Intercept: -0.0214 (0.006)

Genetic Correlation
-------------------
Genetic Correlation: -0.6843 (0.0219)
Z-score: -31.2679
P: 1.2755e-214


Summary of Genetic Correlation Results
p1                                                                                                                                                             p2      rg          se           z            p  h2_obs  h2_obs_se  h2_int  h2_int_se  gcov_int  gcov_int_se
/projects/pfenninggroup/machineLearningForComputationalBiology/addiction_gwas_enrichment/gwas_enrichment/gwas_sumstats/AgeOfInitiation-Liu_2019.sumstats.gz    /projects/pfenninggroup/machineLearningForComputationalBiology/addiction_gwas_enrichment/gwas_enrichment/gwas_sumstats/AgeOfInitiation-Liu_2019.sumstats.gz  1.0000  6.3995e-07  1.5626e+06   0.0000e+00  0.0472     0.0029  0.9790     0.0077    0.9790       0.0077
/projects/pfenninggroup/machineLearningForComputationalBiology/addiction_gwas_enrichment/gwas_enrichment/gwas_sumstats/AgeOfInitiation-Liu_2019.sumstats.gz               /projects/pfenninggroup/machineLearningForComputationalBiology/addiction_gwas_enrichment/gwas_enrichment/gwas_sumstats/BMD-Kemp_2017.sumstats.gz -0.0263  2.3955e-02 -1.0971e+00   2.7258e-01  0.3753     0.0402  1.0796     0.0307    0.0045       0.0059
/projects/pfenninggroup/machineLearningForComputationalBiology/addiction_gwas_enrichment/gwas_enrichment/gwas_sumstats/AgeOfInitiation-Liu_2019.sumstats.gz             /projects/pfenninggroup/machineLearningForComputationalBiology/addiction_gwas_enrichment/gwas_enrichment/gwas_sumstats/CAD-Howson_2017.sumstats.gz  0.2399  5.2635e-02  4.5574e+00   5.1793e-06  0.0732     0.0094  1.0250     0.0088   -0.0064       0.0058
/projects/pfenninggroup/machineLearningForComputationalBiology/addiction_gwas_enrichment/gwas_enrichment/gwas_sumstats/AgeOfInitiation-Liu_2019.sumstats.gz        /projects/pfenninggroup/machineLearningForComputationalBiology/addiction_gwas_enrichment/gwas_enrichment/gwas_sumstats/Cannabis-Pasman_2018.sumstats.gz  0.0723  4.2449e-02  1.7039e+00   8.8404e-02  0.1904     0.0128  0.9996     0.0083   -0.0189       0.0058
/projects/pfenninggroup/machineLearningForComputationalBiology/addiction_gwas_enrichment/gwas_enrichment/gwas_sumstats/AgeOfInitiation-Liu_2019.sumstats.gz   /projects/pfenninggroup/machineLearningForComputationalBiology/addiction_gwas_enrichment/gwas_enrichment/gwas_sumstats/ChronicPain-Johnston_2019.sumstats.gz  0.3239  8.6737e-02  3.7341e+00   1.8835e-04  0.0721     0.0092  1.0549     0.0369    0.0535       0.0178
/projects/pfenninggroup/machineLearningForComputationalBiology/addiction_gwas_enrichment/gwas_enrichment/gwas_sumstats/AgeOfInitiation-Liu_2019.sumstats.gz   /projects/pfenninggroup/machineLearningForComputationalBiology/addiction_gwas_enrichment/gwas_enrichment/gwas_sumstats/CigarettesPerDay-Liu_2019.sumstats.gz -0.3682  3.6879e-02 -9.9848e+00   1.7760e-23  0.0753     0.0097  0.9478     0.0156   -0.1416       0.0056
/projects/pfenninggroup/machineLearningForComputationalBiology/addiction_gwas_enrichment/gwas_enrichment/gwas_sumstats/AgeOfInitiation-Liu_2019.sumstats.gz   /projects/pfenninggroup/machineLearningForComputationalBiology/addiction_gwas_enrichment/gwas_enrichment/gwas_sumstats/CocaineDep-Dominguez_2019.sumstats.gz  0.4862  7.8313e-02  6.2089e+00   5.3345e-10  0.4257     0.0823  1.0175     0.0068    0.0124       0.0049
/projects/pfenninggroup/machineLearningForComputationalBiology/addiction_gwas_enrichment/gwas_enrichment/gwas_sumstats/AgeOfInitiation-Liu_2019.sumstats.gz  /projects/pfenninggroup/machineLearningForComputationalBiology/addiction_gwas_enrichment/gwas_enrichment/gwas_sumstats/CoffeePerDay-Cornelis_2015.sumstats.gz  0.1511  5.9972e-02  2.5187e+00   1.1780e-02  0.0430     0.0073  1.0051     0.0072    0.0052       0.0052
/projects/pfenninggroup/machineLearningForComputationalBiology/addiction_gwas_enrichment/gwas_enrichment/gwas_sumstats/AgeOfInitiation-Liu_2019.sumstats.gz      /projects/pfenninggroup/machineLearningForComputationalBiology/addiction_gwas_enrichment/gwas_enrichment/gwas_sumstats/DrinksPerWeek-Liu_2019.sumstats.gz -0.1606  3.1019e-02 -5.1764e+00   2.2619e-07  0.0491     0.0022  0.9225     0.0089   -0.0144       0.0051
/projects/pfenninggroup/machineLearningForComputationalBiology/addiction_gwas_enrichment/gwas_enrichment/gwas_sumstats/AgeOfInitiation-Liu_2019.sumstats.gz          /projects/pfenninggroup/machineLearningForComputationalBiology/addiction_gwas_enrichment/gwas_enrichment/gwas_sumstats/EduAttain-Lee_2018.sumstats.gz -0.5981  2.1953e-02 -2.7243e+01  2.0068e-163  0.0761     0.0020  0.9784     0.0160   -0.0597       0.0073
/projects/pfenninggroup/machineLearningForComputationalBiology/addiction_gwas_enrichment/gwas_enrichment/gwas_sumstats/AgeOfInitiation-Liu_2019.sumstats.gz          /projects/pfenninggroup/machineLearningForComputationalBiology/addiction_gwas_enrichment/gwas_enrichment/gwas_sumstats/LBM-Zillikens_2017.sumstats.gz  0.0550  5.7593e-02  9.5422e-01   3.3997e-01  0.1305     0.0153  0.9995     0.0078   -0.0022       0.0057
/projects/pfenninggroup/machineLearningForComputationalBiology/addiction_gwas_enrichment/gwas_enrichment/gwas_sumstats/AgeOfInitiation-Liu_2019.sumstats.gz              /projects/pfenninggroup/machineLearningForComputationalBiology/addiction_gwas_enrichment/gwas_enrichment/gwas_sumstats/OCD-IOCDF_2017.sumstats.gz -0.2508  6.3454e-02 -3.9525e+00   7.7325e-05  0.3213     0.0500  0.9930     0.0067    0.0059       0.0048
/projects/pfenninggroup/machineLearningForComputationalBiology/addiction_gwas_enrichment/gwas_enrichment/gwas_sumstats/AgeOfInitiation-Liu_2019.sumstats.gz        /projects/pfenninggroup/machineLearningForComputationalBiology/addiction_gwas_enrichment/gwas_enrichment/gwas_sumstats/OpioidDep-Cheng_2018.sumstats.gz  0.4395  3.9375e-01  1.1161e+00   2.6439e-01  0.0378     0.0589  1.0274     0.0056   -0.0060       0.0046
/projects/pfenninggroup/machineLearningForComputationalBiology/addiction_gwas_enrichment/gwas_enrichment/gwas_sumstats/AgeOfInitiation-Liu_2019.sumstats.gz   /projects/pfenninggroup/machineLearningForComputationalBiology/addiction_gwas_enrichment/gwas_enrichment/gwas_sumstats/RiskyBehavior-Linner_2019.sumstats.gz  0.4061  2.7997e-02  1.4506e+01   1.1154e-47  0.1136     0.0046  1.0096     0.0106   -0.0131       0.0060
/projects/pfenninggroup/machineLearningForComputationalBiology/addiction_gwas_enrichment/gwas_enrichment/gwas_sumstats/AgeOfInitiation-Liu_2019.sumstats.gz      /projects/pfenninggroup/machineLearningForComputationalBiology/addiction_gwas_enrichment/gwas_enrichment/gwas_sumstats/Schizophrenia-PGC_2014.sumstats.gz  0.0168  2.8593e-02  5.8734e-01   5.5698e-01  0.4711     0.0191  1.0396     0.0124    0.0112       0.0064
/projects/pfenninggroup/machineLearningForComputationalBiology/addiction_gwas_enrichment/gwas_enrichment/gwas_sumstats/AgeOfInitiation-Liu_2019.sumstats.gz   /projects/pfenninggroup/machineLearningForComputationalBiology/addiction_gwas_enrichment/gwas_enrichment/gwas_sumstats/SleepDuration-Dashti_2019.sumstats.gz  0.1177  2.9706e-02  3.9617e+00   7.4412e-05  0.0685     0.0030  1.0230     0.0099    0.0047       0.0059
/projects/pfenninggroup/machineLearningForComputationalBiology/addiction_gwas_enrichment/gwas_enrichment/gwas_sumstats/AgeOfInitiation-Liu_2019.sumstats.gz   /projects/pfenninggroup/machineLearningForComputationalBiology/addiction_gwas_enrichment/gwas_enrichment/gwas_sumstats/SmokingCessation-Liu_2019.sumstats.gz -0.2884  4.1472e-02 -6.9540e+00   3.5496e-12  0.0318     0.0021  0.9801     0.0073    0.0012       0.0055
/projects/pfenninggroup/machineLearningForComputationalBiology/addiction_gwas_enrichment/gwas_enrichment/gwas_sumstats/AgeOfInitiation-Liu_2019.sumstats.gz  /projects/pfenninggroup/machineLearningForComputationalBiology/addiction_gwas_enrichment/gwas_enrichment/gwas_sumstats/SmokingInitiation-Liu_2019.sumstats.gz -0.6843  2.1884e-02 -3.1268e+01  1.2755e-214  0.0693     0.0024  0.8869     0.0095   -0.0214       0.0060

Analysis finished at Mon Jun  1 01:17:08 2020
Total time elapsed: 3.0m:1.26s
