*********************************************************************
* LD Score Regression (LDSC)
* Version 1.0.1
* (C) 2014-2019 Brendan Bulik-Sullivan and Hilary Finucane
* Broad Institute of MIT and Harvard / MIT Department of Mathematics
* GNU General Public License v3
*********************************************************************
Call: 
./ldsc.py \
--ref-ld-chr /projects/pfenninggroup/machineLearningForComputationalBiology/gwasEnrichments/background/eur_w_ld_chr/ \
--out tables/p1_CigarettesPerDay-Liu_2019_correlation \
--rg /projects/pfenninggroup/machineLearningForComputationalBiology/addiction_gwas_enrichment/gwas_enrichment/gwas_sumstats/CigarettesPerDay-Liu_2019.sumstats.gz,/projects/pfenninggroup/machineLearningForComputationalBiology/addiction_gwas_enrichment/gwas_enrichment/gwas_sumstats/AgeOfInitiation-Liu_2019.sumstats.gz,/projects/pfenninggroup/machineLearningForComputationalBiology/addiction_gwas_enrichment/gwas_enrichment/gwas_sumstats/BMD-Kemp_2017.sumstats.gz,/projects/pfenninggroup/machineLearningForComputationalBiology/addiction_gwas_enrichment/gwas_enrichment/gwas_sumstats/CAD-Howson_2017.sumstats.gz,/projects/pfenninggroup/machineLearningForComputationalBiology/addiction_gwas_enrichment/gwas_enrichment/gwas_sumstats/Cannabis-Pasman_2018.sumstats.gz,/projects/pfenninggroup/machineLearningForComputationalBiology/addiction_gwas_enrichment/gwas_enrichment/gwas_sumstats/ChronicPain-Johnston_2019.sumstats.gz,/projects/pfenninggroup/machineLearningForComputationalBiology/addiction_gwas_enrichment/gwas_enrichment/gwas_sumstats/CigarettesPerDay-Liu_2019.sumstats.gz,/projects/pfenninggroup/machineLearningForComputationalBiology/addiction_gwas_enrichment/gwas_enrichment/gwas_sumstats/CocaineDep-Dominguez_2019.sumstats.gz,/projects/pfenninggroup/machineLearningForComputationalBiology/addiction_gwas_enrichment/gwas_enrichment/gwas_sumstats/CoffeePerDay-Cornelis_2015.sumstats.gz,/projects/pfenninggroup/machineLearningForComputationalBiology/addiction_gwas_enrichment/gwas_enrichment/gwas_sumstats/DrinksPerWeek-Liu_2019.sumstats.gz,/projects/pfenninggroup/machineLearningForComputationalBiology/addiction_gwas_enrichment/gwas_enrichment/gwas_sumstats/EduAttain-Lee_2018.sumstats.gz,/projects/pfenninggroup/machineLearningForComputationalBiology/addiction_gwas_enrichment/gwas_enrichment/gwas_sumstats/LBM-Zillikens_2017.sumstats.gz,/projects/pfenninggroup/machineLearningForComputationalBiology/addiction_gwas_enrichment/gwas_enrichment/gwas_sumstats/OCD-IOCDF_2017.sumstats.gz,/projects/pfenninggroup/machineLearningForComputationalBiology/addiction_gwas_enrichment/gwas_enrichment/gwas_sumstats/OpioidDep-Cheng_2018.sumstats.gz,/projects/pfenninggroup/machineLearningForComputationalBiology/addiction_gwas_enrichment/gwas_enrichment/gwas_sumstats/RiskyBehavior-Linner_2019.sumstats.gz,/projects/pfenninggroup/machineLearningForComputationalBiology/addiction_gwas_enrichment/gwas_enrichment/gwas_sumstats/Schizophrenia-PGC_2014.sumstats.gz,/projects/pfenninggroup/machineLearningForComputationalBiology/addiction_gwas_enrichment/gwas_enrichment/gwas_sumstats/SleepDuration-Dashti_2019.sumstats.gz,/projects/pfenninggroup/machineLearningForComputationalBiology/addiction_gwas_enrichment/gwas_enrichment/gwas_sumstats/SmokingCessation-Liu_2019.sumstats.gz,/projects/pfenninggroup/machineLearningForComputationalBiology/addiction_gwas_enrichment/gwas_enrichment/gwas_sumstats/SmokingInitiation-Liu_2019.sumstats.gz \
--w-ld-chr /projects/pfenninggroup/machineLearningForComputationalBiology/gwasEnrichments/background/eur_w_ld_chr/ 

Beginning analysis at Mon Jun  1 01:14:07 2020
Reading summary statistics from /projects/pfenninggroup/machineLearningForComputationalBiology/addiction_gwas_enrichment/gwas_enrichment/gwas_sumstats/CigarettesPerDay-Liu_2019.sumstats.gz ...
Read summary statistics for 1187138 SNPs.
Reading reference panel LD Score from /projects/pfenninggroup/machineLearningForComputationalBiology/gwasEnrichments/background/eur_w_ld_chr/[1-22] ...
Read reference panel LD Scores for 1290028 SNPs.
Removing partitioned LD Scores with zero variance.
Reading regression weight LD Score from /projects/pfenninggroup/machineLearningForComputationalBiology/gwasEnrichments/background/eur_w_ld_chr/[1-22] ...
Read regression weight LD Scores for 1290028 SNPs.
After merging with reference panel LD, 1172680 SNPs remain.
After merging with regression SNP LD, 1172680 SNPs remain.
Computing rg for phenotype 2/19
Reading summary statistics from /projects/pfenninggroup/machineLearningForComputationalBiology/addiction_gwas_enrichment/gwas_enrichment/gwas_sumstats/AgeOfInitiation-Liu_2019.sumstats.gz ...
Read summary statistics for 1215001 SNPs.
After merging with summary statistics, 1172680 SNPs remain.
1172679 SNPs with valid alleles.

Heritability of phenotype 1
---------------------------
Total Observed scale h2: 0.0753 (0.0097)
Lambda GC: 1.2201
Mean Chi^2: 1.3304
Intercept: 0.9478 (0.0156)
Ratio < 0 (usually indicates GC correction).

Heritability of phenotype 2/19
------------------------------
Total Observed scale h2: 0.0472 (0.0029)
Lambda GC: 1.194
Mean Chi^2: 1.2181
Intercept: 0.979 (0.0077)
Ratio < 0 (usually indicates GC correction).

Genetic Covariance
------------------
Total Observed scale gencov: -0.022 (0.0019)
Mean z1*z2: -0.2524
Intercept: -0.1416 (0.0056)

Genetic Correlation
-------------------
Genetic Correlation: -0.3682 (0.0369)
Z-score: -9.9848
P: 1.7760e-23

Computing rg for phenotype 3/19
Reading summary statistics from /projects/pfenninggroup/machineLearningForComputationalBiology/addiction_gwas_enrichment/gwas_enrichment/gwas_sumstats/BMD-Kemp_2017.sumstats.gz ...
Read summary statistics for 1215001 SNPs.
After merging with summary statistics, 1172680 SNPs remain.
1156156 SNPs with valid alleles.

Heritability of phenotype 3/19
------------------------------
Total Observed scale h2: 0.3753 (0.0402)
Lambda GC: 1.4926
Mean Chi^2: 2.149
Intercept: 1.0796 (0.0307)
Ratio: 0.0692 (0.0267)

Genetic Covariance
------------------
Total Observed scale gencov: 0.0016 (0.0038)
Mean z1*z2: 0.0202
Intercept: 0.0084 (0.0069)

Genetic Correlation
-------------------
Genetic Correlation: 0.0098 (0.0228)
Z-score: 0.4287
P: 0.6682

Computing rg for phenotype 4/19
Reading summary statistics from /projects/pfenninggroup/machineLearningForComputationalBiology/addiction_gwas_enrichment/gwas_enrichment/gwas_sumstats/CAD-Howson_2017.sumstats.gz ...
Read summary statistics for 1215001 SNPs.
After merging with summary statistics, 1172680 SNPs remain.
925877 SNPs with valid alleles.

Heritability of phenotype 4/19
------------------------------
Total Observed scale h2: 0.0732 (0.0093)
Lambda GC: 1.105
Mean Chi^2: 1.145
Intercept: 1.025 (0.0088)
Ratio: 0.1723 (0.061)

Genetic Covariance
------------------
Total Observed scale gencov: -0.0202 (0.0033)
Mean z1*z2: -0.0587
Intercept: 0.0032 (0.0063)

Genetic Correlation
-------------------
Genetic Correlation: -0.273 (0.0556)
Z-score: -4.9073
P: 9.2361e-07

Computing rg for phenotype 5/19
Reading summary statistics from /projects/pfenninggroup/machineLearningForComputationalBiology/addiction_gwas_enrichment/gwas_enrichment/gwas_sumstats/Cannabis-Pasman_2018.sumstats.gz ...
Read summary statistics for 1215001 SNPs.
After merging with summary statistics, 1172680 SNPs remain.
1079679 SNPs with valid alleles.

Heritability of phenotype 5/19
------------------------------
Total Observed scale h2: 0.1904 (0.0128)
Lambda GC: 1.194
Mean Chi^2: 1.2242
Intercept: 0.9996 (0.0083)
Ratio < 0 (usually indicates GC correction).

Genetic Covariance
------------------
Total Observed scale gencov: 0.0097 (0.0047)
Mean z1*z2: 0.0219
Intercept: -0.002 (0.006)

Genetic Correlation
-------------------
Genetic Correlation: 0.0819 (0.0394)
Z-score: 2.0797
P: 0.0376

Computing rg for phenotype 6/19
Reading summary statistics from /projects/pfenninggroup/machineLearningForComputationalBiology/addiction_gwas_enrichment/gwas_enrichment/gwas_sumstats/ChronicPain-Johnston_2019.sumstats.gz ...
Read summary statistics for 1215001 SNPs.
After merging with summary statistics, 1172680 SNPs remain.
95728 SNPs with valid alleles.
WARNING: number of SNPs less than 200k; this is almost always bad.

Heritability of phenotype 6/19
------------------------------
Total Observed scale h2: 0.0721 (0.0092)
Lambda GC: 1.4926
Mean Chi^2: 1.6568
Intercept: 1.0549 (0.0369)
Ratio: 0.0835 (0.0562)

Genetic Covariance
------------------
Total Observed scale gencov: -0.0329 (0.0064)
Mean z1*z2: -0.2495
Intercept: 0.0013 (0.0211)

Genetic Correlation
-------------------
Genetic Correlation: -0.4756 (0.082)
Z-score: -5.7998
P: 6.6387e-09

Computing rg for phenotype 7/19
Reading summary statistics from /projects/pfenninggroup/machineLearningForComputationalBiology/addiction_gwas_enrichment/gwas_enrichment/gwas_sumstats/CigarettesPerDay-Liu_2019.sumstats.gz ...
Read summary statistics for 1215001 SNPs.
After merging with summary statistics, 1172680 SNPs remain.
1172680 SNPs with valid alleles.

Heritability of phenotype 7/19
------------------------------
Total Observed scale h2: 0.0753 (0.0097)
Lambda GC: 1.2201
Mean Chi^2: 1.3304
Intercept: 0.9477 (0.0156)
Ratio < 0 (usually indicates GC correction).

Genetic Covariance
------------------
Total Observed scale gencov: 0.0753 (0.0097)
Mean z1*z2: 1.3304
Intercept: 0.9477 (0.0156)

Genetic Correlation
-------------------
Genetic Correlation: 1. (5.7952e-07)
Z-score: 1725565.9544
P: 0.

Computing rg for phenotype 8/19
Reading summary statistics from /projects/pfenninggroup/machineLearningForComputationalBiology/addiction_gwas_enrichment/gwas_enrichment/gwas_sumstats/CocaineDep-Dominguez_2019.sumstats.gz ...
Read summary statistics for 1215001 SNPs.
After merging with summary statistics, 1172680 SNPs remain.
1152869 SNPs with valid alleles.

Heritability of phenotype 8/19
------------------------------
Total Observed scale h2: 0.4256 (0.0823)
Lambda GC: 1.0618
Mean Chi^2: 1.0695
Intercept: 1.0175 (0.0068)
Ratio: 0.2518 (0.0977)

Genetic Covariance
------------------
Total Observed scale gencov: -0.058 (0.011)
Mean z1*z2: -0.0565
Intercept: -0.0093 (0.0048)

Genetic Correlation
-------------------
Genetic Correlation: -0.3234 (0.0659)
Z-score: -4.9037
P: 9.4033e-07

Computing rg for phenotype 9/19
Reading summary statistics from /projects/pfenninggroup/machineLearningForComputationalBiology/addiction_gwas_enrichment/gwas_enrichment/gwas_sumstats/CoffeePerDay-Cornelis_2015.sumstats.gz ...
Read summary statistics for 1215001 SNPs.
After merging with summary statistics, 1172680 SNPs remain.
1031210 SNPs with valid alleles.

Heritability of phenotype 9/19
------------------------------
Total Observed scale h2: 0.043 (0.0073)
Lambda GC: 1.0649
Mean Chi^2: 1.0844
Intercept: 1.0051 (0.0072)
Ratio: 0.0605 (0.0858)

Genetic Covariance
------------------
Total Observed scale gencov: -0.0206 (0.0032)
Mean z1*z2: -0.0648
Intercept: -0.0047 (0.0051)

Genetic Correlation
-------------------
Genetic Correlation: -0.3627 (0.0685)
Z-score: -5.2942
P: 1.1954e-07

Computing rg for phenotype 10/19
Reading summary statistics from /projects/pfenninggroup/machineLearningForComputationalBiology/addiction_gwas_enrichment/gwas_enrichment/gwas_sumstats/DrinksPerWeek-Liu_2019.sumstats.gz ...
Read summary statistics for 1215001 SNPs.
After merging with summary statistics, 1172680 SNPs remain.
1172525 SNPs with valid alleles.

Heritability of phenotype 10/19
-------------------------------
Total Observed scale h2: 0.0491 (0.0022)
Lambda GC: 1.3169
Mean Chi^2: 1.4477
Intercept: 0.9224 (0.0089)
Ratio < 0 (usually indicates GC correction).

Genetic Covariance
------------------
Total Observed scale gencov: 0.005 (0.0017)
Mean z1*z2: 0.0679
Intercept: 0.0277 (0.0055)

Genetic Correlation
-------------------
Genetic Correlation: 0.0828 (0.0288)
Z-score: 2.8785
P: 0.004

Computing rg for phenotype 11/19
Reading summary statistics from /projects/pfenninggroup/machineLearningForComputationalBiology/addiction_gwas_enrichment/gwas_enrichment/gwas_sumstats/EduAttain-Lee_2018.sumstats.gz ...
Read summary statistics for 1215001 SNPs.
After merging with summary statistics, 1172680 SNPs remain.
1164900 SNPs with valid alleles.

Heritability of phenotype 11/19
-------------------------------
Total Observed scale h2: 0.0761 (0.002)
Lambda GC: 2.094
Mean Chi^2: 2.6531
Intercept: 0.9784 (0.016)
Ratio < 0 (usually indicates GC correction).

Genetic Covariance
------------------
Total Observed scale gencov: 0.0214 (0.0015)
Mean z1*z2: 0.2531
Intercept: 0.033 (0.007)

Genetic Correlation
-------------------
Genetic Correlation: 0.2827 (0.0259)
Z-score: 10.9183
P: 9.4213e-28

Computing rg for phenotype 12/19
Reading summary statistics from /projects/pfenninggroup/machineLearningForComputationalBiology/addiction_gwas_enrichment/gwas_enrichment/gwas_sumstats/LBM-Zillikens_2017.sumstats.gz ...
Read summary statistics for 1215001 SNPs.
After merging with summary statistics, 1172680 SNPs remain.
1017802 SNPs with valid alleles.

Heritability of phenotype 12/19
-------------------------------
Total Observed scale h2: 0.1305 (0.0153)
Lambda GC: 1.0864
Mean Chi^2: 1.0994
Intercept: 0.9995 (0.0078)
Ratio < 0 (usually indicates GC correction).

Genetic Covariance
------------------
Total Observed scale gencov: -0.0008 (0.0046)
Mean z1*z2: -0.0149
Intercept: -0.0116 (0.0057)

Genetic Correlation
-------------------
Genetic Correlation: -0.0076 (0.0466)
Z-score: -0.163
P: 0.8705

Computing rg for phenotype 13/19
Reading summary statistics from /projects/pfenninggroup/machineLearningForComputationalBiology/addiction_gwas_enrichment/gwas_enrichment/gwas_sumstats/OCD-IOCDF_2017.sumstats.gz ...
Read summary statistics for 1215001 SNPs.
After merging with summary statistics, 1172680 SNPs remain.
1091985 SNPs with valid alleles.

Heritability of phenotype 13/19
-------------------------------
Total Observed scale h2: 0.3213 (0.05)
Lambda GC: 1.0527
Mean Chi^2: 1.0564
Intercept: 0.993 (0.0067)
Ratio < 0 (usually indicates GC correction).

Genetic Covariance
------------------
Total Observed scale gencov: 0.0183 (0.0085)
Mean z1*z2: 0.0107
Intercept: -0.0079 (0.0055)

Genetic Correlation
-------------------
Genetic Correlation: 0.1182 (0.0569)
Z-score: 2.076
P: 0.0379

Computing rg for phenotype 14/19
Reading summary statistics from /projects/pfenninggroup/machineLearningForComputationalBiology/addiction_gwas_enrichment/gwas_enrichment/gwas_sumstats/OpioidDep-Cheng_2018.sumstats.gz ...
Read summary statistics for 1215001 SNPs.
After merging with summary statistics, 1172680 SNPs remain.
1158137 SNPs with valid alleles.

Heritability of phenotype 14/19
-------------------------------
Total Observed scale h2: 0.0379 (0.0589)
Lambda GC: 1.0436
Mean Chi^2: 1.0324
Intercept: 1.0274 (0.0056)
Ratio: 0.8456 (0.1723)

Genetic Covariance
------------------
Total Observed scale gencov: -0.0119 (0.0087)
Mean z1*z2: -0.0089
Intercept: 0.0022 (0.0045)

Genetic Correlation
-------------------
Genetic Correlation: -0.2232 (0.2433)
Z-score: -0.9174
P: 0.3589

Computing rg for phenotype 15/19
Reading summary statistics from /projects/pfenninggroup/machineLearningForComputationalBiology/addiction_gwas_enrichment/gwas_enrichment/gwas_sumstats/RiskyBehavior-Linner_2019.sumstats.gz ...
Read summary statistics for 1215001 SNPs.
After merging with summary statistics, 1172680 SNPs remain.
1172083 SNPs with valid alleles.

Heritability of phenotype 15/19
-------------------------------
Total Observed scale h2: 0.1136 (0.0046)
Lambda GC: 1.5217
Mean Chi^2: 1.7173
Intercept: 1.0096 (0.0106)
Ratio: 0.0134 (0.0147)

Genetic Covariance
------------------
Total Observed scale gencov: -0.011 (0.0024)
Mean z1*z2: -0.0734
Intercept: -0.0097 (0.006)

Genetic Correlation
-------------------
Genetic Correlation: -0.1189 (0.03)
Z-score: -3.9616
P: 7.4436e-05

Computing rg for phenotype 16/19
Reading summary statistics from /projects/pfenninggroup/machineLearningForComputationalBiology/addiction_gwas_enrichment/gwas_enrichment/gwas_sumstats/Schizophrenia-PGC_2014.sumstats.gz ...
Read summary statistics for 1215001 SNPs.
After merging with summary statistics, 1172680 SNPs remain.
1106861 SNPs with valid alleles.

Heritability of phenotype 16/19
-------------------------------
Total Observed scale h2: 0.4711 (0.0191)
Lambda GC: 1.592
Mean Chi^2: 1.7834
Intercept: 1.0396 (0.0124)
Ratio: 0.0506 (0.0158)

Genetic Covariance
------------------
Total Observed scale gencov: -0.0204 (0.0059)
Mean z1*z2: -0.0521
Intercept: 0.0055 (0.0078)

Genetic Correlation
-------------------
Genetic Correlation: -0.1091 (0.0281)
Z-score: -3.8783
P: 0.0001

Computing rg for phenotype 17/19
Reading summary statistics from /projects/pfenninggroup/machineLearningForComputationalBiology/addiction_gwas_enrichment/gwas_enrichment/gwas_sumstats/SleepDuration-Dashti_2019.sumstats.gz ...
Read summary statistics for 1215001 SNPs.
After merging with summary statistics, 1172680 SNPs remain.
1163785 SNPs with valid alleles.

Heritability of phenotype 17/19
-------------------------------
Total Observed scale h2: 0.0685 (0.003)
Lambda GC: 1.4926
Mean Chi^2: 1.6212
Intercept: 1.0229 (0.0099)
Ratio: 0.0369 (0.016)

Genetic Covariance
------------------
Total Observed scale gencov: -0.0038 (0.0018)
Mean z1*z2: -0.026
Intercept: -0.0038 (0.0053)

Genetic Correlation
-------------------
Genetic Correlation: -0.0527 (0.0255)
Z-score: -2.069
P: 0.0385

Computing rg for phenotype 18/19
Reading summary statistics from /projects/pfenninggroup/machineLearningForComputationalBiology/addiction_gwas_enrichment/gwas_enrichment/gwas_sumstats/SmokingCessation-Liu_2019.sumstats.gz ...
Read summary statistics for 1215001 SNPs.
After merging with summary statistics, 1172680 SNPs remain.
1172503 SNPs with valid alleles.

Heritability of phenotype 18/19
-------------------------------
Total Observed scale h2: 0.0318 (0.0021)
Lambda GC: 1.1459
Mean Chi^2: 1.1757
Intercept: 0.9802 (0.0073)
Ratio < 0 (usually indicates GC correction).

Genetic Covariance
------------------
Total Observed scale gencov: 0.0215 (0.0023)
Mean z1*z2: 0.1356
Intercept: 0.0089 (0.0061)

Genetic Correlation
-------------------
Genetic Correlation: 0.4384 (0.0325)
Z-score: 13.4745
P: 2.2097e-41

Computing rg for phenotype 19/19
Reading summary statistics from /projects/pfenninggroup/machineLearningForComputationalBiology/addiction_gwas_enrichment/gwas_enrichment/gwas_sumstats/SmokingInitiation-Liu_2019.sumstats.gz ...
Read summary statistics for 1215001 SNPs.
After merging with summary statistics, 1172680 SNPs remain.
1158270 SNPs with valid alleles.

Heritability of phenotype 19/19
-------------------------------
Total Observed scale h2: 0.0693 (0.0024)
Lambda GC: 1.4998
Mean Chi^2: 1.7415
Intercept: 0.8869 (0.0095)
Ratio < 0 (usually indicates GC correction).

Genetic Covariance
------------------
Total Observed scale gencov: 0.0205 (0.0017)
Mean z1*z2: 0.187
Intercept: 0.0231 (0.0062)

Genetic Correlation
-------------------
Genetic Correlation: 0.2841 (0.0333)
Z-score: 8.5401
P: 1.3413e-17


Summary of Genetic Correlation Results
p1                                                                                                                                                             p2      rg          se           z           p  h2_obs  h2_obs_se  h2_int  h2_int_se  gcov_int  gcov_int_se
/projects/pfenninggroup/machineLearningForComputationalBiology/addiction_gwas_enrichment/gwas_enrichment/gwas_sumstats/CigarettesPerDay-Liu_2019.sumstats.gz    /projects/pfenninggroup/machineLearningForComputationalBiology/addiction_gwas_enrichment/gwas_enrichment/gwas_sumstats/AgeOfInitiation-Liu_2019.sumstats.gz -0.3682  3.6879e-02 -9.9848e+00  1.7760e-23  0.0472     0.0029  0.9790     0.0077   -0.1416       0.0056
/projects/pfenninggroup/machineLearningForComputationalBiology/addiction_gwas_enrichment/gwas_enrichment/gwas_sumstats/CigarettesPerDay-Liu_2019.sumstats.gz               /projects/pfenninggroup/machineLearningForComputationalBiology/addiction_gwas_enrichment/gwas_enrichment/gwas_sumstats/BMD-Kemp_2017.sumstats.gz  0.0098  2.2809e-02  4.2865e-01  6.6818e-01  0.3753     0.0402  1.0796     0.0307    0.0084       0.0069
/projects/pfenninggroup/machineLearningForComputationalBiology/addiction_gwas_enrichment/gwas_enrichment/gwas_sumstats/CigarettesPerDay-Liu_2019.sumstats.gz             /projects/pfenninggroup/machineLearningForComputationalBiology/addiction_gwas_enrichment/gwas_enrichment/gwas_sumstats/CAD-Howson_2017.sumstats.gz -0.2730  5.5624e-02 -4.9073e+00  9.2361e-07  0.0732     0.0093  1.0250     0.0088    0.0032       0.0063
/projects/pfenninggroup/machineLearningForComputationalBiology/addiction_gwas_enrichment/gwas_enrichment/gwas_sumstats/CigarettesPerDay-Liu_2019.sumstats.gz        /projects/pfenninggroup/machineLearningForComputationalBiology/addiction_gwas_enrichment/gwas_enrichment/gwas_sumstats/Cannabis-Pasman_2018.sumstats.gz  0.0819  3.9376e-02  2.0797e+00  3.7551e-02  0.1904     0.0128  0.9996     0.0083   -0.0020       0.0060
/projects/pfenninggroup/machineLearningForComputationalBiology/addiction_gwas_enrichment/gwas_enrichment/gwas_sumstats/CigarettesPerDay-Liu_2019.sumstats.gz   /projects/pfenninggroup/machineLearningForComputationalBiology/addiction_gwas_enrichment/gwas_enrichment/gwas_sumstats/ChronicPain-Johnston_2019.sumstats.gz -0.4756  8.2006e-02 -5.7998e+00  6.6387e-09  0.0721     0.0092  1.0549     0.0369    0.0013       0.0211
/projects/pfenninggroup/machineLearningForComputationalBiology/addiction_gwas_enrichment/gwas_enrichment/gwas_sumstats/CigarettesPerDay-Liu_2019.sumstats.gz   /projects/pfenninggroup/machineLearningForComputationalBiology/addiction_gwas_enrichment/gwas_enrichment/gwas_sumstats/CigarettesPerDay-Liu_2019.sumstats.gz  1.0000  5.7952e-07  1.7256e+06  0.0000e+00  0.0753     0.0097  0.9477     0.0156    0.9477       0.0156
/projects/pfenninggroup/machineLearningForComputationalBiology/addiction_gwas_enrichment/gwas_enrichment/gwas_sumstats/CigarettesPerDay-Liu_2019.sumstats.gz   /projects/pfenninggroup/machineLearningForComputationalBiology/addiction_gwas_enrichment/gwas_enrichment/gwas_sumstats/CocaineDep-Dominguez_2019.sumstats.gz -0.3234  6.5945e-02 -4.9037e+00  9.4033e-07  0.4256     0.0823  1.0175     0.0068   -0.0093       0.0048
/projects/pfenninggroup/machineLearningForComputationalBiology/addiction_gwas_enrichment/gwas_enrichment/gwas_sumstats/CigarettesPerDay-Liu_2019.sumstats.gz  /projects/pfenninggroup/machineLearningForComputationalBiology/addiction_gwas_enrichment/gwas_enrichment/gwas_sumstats/CoffeePerDay-Cornelis_2015.sumstats.gz -0.3627  6.8508e-02 -5.2942e+00  1.1954e-07  0.0430     0.0073  1.0051     0.0072   -0.0047       0.0051
/projects/pfenninggroup/machineLearningForComputationalBiology/addiction_gwas_enrichment/gwas_enrichment/gwas_sumstats/CigarettesPerDay-Liu_2019.sumstats.gz      /projects/pfenninggroup/machineLearningForComputationalBiology/addiction_gwas_enrichment/gwas_enrichment/gwas_sumstats/DrinksPerWeek-Liu_2019.sumstats.gz  0.0828  2.8750e-02  2.8785e+00  3.9953e-03  0.0491     0.0022  0.9224     0.0089    0.0277       0.0055
/projects/pfenninggroup/machineLearningForComputationalBiology/addiction_gwas_enrichment/gwas_enrichment/gwas_sumstats/CigarettesPerDay-Liu_2019.sumstats.gz          /projects/pfenninggroup/machineLearningForComputationalBiology/addiction_gwas_enrichment/gwas_enrichment/gwas_sumstats/EduAttain-Lee_2018.sumstats.gz  0.2827  2.5891e-02  1.0918e+01  9.4213e-28  0.0761     0.0020  0.9784     0.0160    0.0330       0.0070
/projects/pfenninggroup/machineLearningForComputationalBiology/addiction_gwas_enrichment/gwas_enrichment/gwas_sumstats/CigarettesPerDay-Liu_2019.sumstats.gz          /projects/pfenninggroup/machineLearningForComputationalBiology/addiction_gwas_enrichment/gwas_enrichment/gwas_sumstats/LBM-Zillikens_2017.sumstats.gz -0.0076  4.6587e-02 -1.6303e-01  8.7050e-01  0.1305     0.0153  0.9995     0.0078   -0.0116       0.0057
/projects/pfenninggroup/machineLearningForComputationalBiology/addiction_gwas_enrichment/gwas_enrichment/gwas_sumstats/CigarettesPerDay-Liu_2019.sumstats.gz              /projects/pfenninggroup/machineLearningForComputationalBiology/addiction_gwas_enrichment/gwas_enrichment/gwas_sumstats/OCD-IOCDF_2017.sumstats.gz  0.1182  5.6912e-02  2.0760e+00  3.7891e-02  0.3213     0.0500  0.9930     0.0067   -0.0079       0.0055
/projects/pfenninggroup/machineLearningForComputationalBiology/addiction_gwas_enrichment/gwas_enrichment/gwas_sumstats/CigarettesPerDay-Liu_2019.sumstats.gz        /projects/pfenninggroup/machineLearningForComputationalBiology/addiction_gwas_enrichment/gwas_enrichment/gwas_sumstats/OpioidDep-Cheng_2018.sumstats.gz -0.2232  2.4330e-01 -9.1743e-01  3.5892e-01  0.0379     0.0589  1.0274     0.0056    0.0022       0.0045
/projects/pfenninggroup/machineLearningForComputationalBiology/addiction_gwas_enrichment/gwas_enrichment/gwas_sumstats/CigarettesPerDay-Liu_2019.sumstats.gz   /projects/pfenninggroup/machineLearningForComputationalBiology/addiction_gwas_enrichment/gwas_enrichment/gwas_sumstats/RiskyBehavior-Linner_2019.sumstats.gz -0.1189  3.0012e-02 -3.9616e+00  7.4436e-05  0.1136     0.0046  1.0096     0.0106   -0.0097       0.0060
/projects/pfenninggroup/machineLearningForComputationalBiology/addiction_gwas_enrichment/gwas_enrichment/gwas_sumstats/CigarettesPerDay-Liu_2019.sumstats.gz      /projects/pfenninggroup/machineLearningForComputationalBiology/addiction_gwas_enrichment/gwas_enrichment/gwas_sumstats/Schizophrenia-PGC_2014.sumstats.gz -0.1091  2.8130e-02 -3.8783e+00  1.0518e-04  0.4711     0.0191  1.0396     0.0124    0.0055       0.0078
/projects/pfenninggroup/machineLearningForComputationalBiology/addiction_gwas_enrichment/gwas_enrichment/gwas_sumstats/CigarettesPerDay-Liu_2019.sumstats.gz   /projects/pfenninggroup/machineLearningForComputationalBiology/addiction_gwas_enrichment/gwas_enrichment/gwas_sumstats/SleepDuration-Dashti_2019.sumstats.gz -0.0527  2.5494e-02 -2.0690e+00  3.8549e-02  0.0685     0.0030  1.0229     0.0099   -0.0038       0.0053
/projects/pfenninggroup/machineLearningForComputationalBiology/addiction_gwas_enrichment/gwas_enrichment/gwas_sumstats/CigarettesPerDay-Liu_2019.sumstats.gz   /projects/pfenninggroup/machineLearningForComputationalBiology/addiction_gwas_enrichment/gwas_enrichment/gwas_sumstats/SmokingCessation-Liu_2019.sumstats.gz  0.4384  3.2536e-02  1.3475e+01  2.2097e-41  0.0318     0.0021  0.9802     0.0073    0.0089       0.0061
/projects/pfenninggroup/machineLearningForComputationalBiology/addiction_gwas_enrichment/gwas_enrichment/gwas_sumstats/CigarettesPerDay-Liu_2019.sumstats.gz  /projects/pfenninggroup/machineLearningForComputationalBiology/addiction_gwas_enrichment/gwas_enrichment/gwas_sumstats/SmokingInitiation-Liu_2019.sumstats.gz  0.2841  3.3267e-02  8.5401e+00  1.3413e-17  0.0693     0.0024  0.8869     0.0095    0.0231       0.0062

Analysis finished at Mon Jun  1 01:16:47 2020
Total time elapsed: 2.0m:40.07s
