*********************************************************************
* LD Score Regression (LDSC)
* Version 1.0.1
* (C) 2014-2019 Brendan Bulik-Sullivan and Hilary Finucane
* Broad Institute of MIT and Harvard / MIT Department of Mathematics
* GNU General Public License v3
*********************************************************************
Call: 
./ldsc.py \
--ref-ld-chr /projects/pfenninggroup/machineLearningForComputationalBiology/gwasEnrichments/background/eur_w_ld_chr/ \
--out tables/p1_CocaineDep-Dominguez_2019_correlation \
--rg /projects/pfenninggroup/machineLearningForComputationalBiology/addiction_gwas_enrichment/gwas_enrichment/gwas_sumstats/CocaineDep-Dominguez_2019.sumstats.gz,/projects/pfenninggroup/machineLearningForComputationalBiology/addiction_gwas_enrichment/gwas_enrichment/gwas_sumstats/AgeOfInitiation-Liu_2019.sumstats.gz,/projects/pfenninggroup/machineLearningForComputationalBiology/addiction_gwas_enrichment/gwas_enrichment/gwas_sumstats/BMD-Kemp_2017.sumstats.gz,/projects/pfenninggroup/machineLearningForComputationalBiology/addiction_gwas_enrichment/gwas_enrichment/gwas_sumstats/CAD-Howson_2017.sumstats.gz,/projects/pfenninggroup/machineLearningForComputationalBiology/addiction_gwas_enrichment/gwas_enrichment/gwas_sumstats/Cannabis-Pasman_2018.sumstats.gz,/projects/pfenninggroup/machineLearningForComputationalBiology/addiction_gwas_enrichment/gwas_enrichment/gwas_sumstats/ChronicPain-Johnston_2019.sumstats.gz,/projects/pfenninggroup/machineLearningForComputationalBiology/addiction_gwas_enrichment/gwas_enrichment/gwas_sumstats/CigarettesPerDay-Liu_2019.sumstats.gz,/projects/pfenninggroup/machineLearningForComputationalBiology/addiction_gwas_enrichment/gwas_enrichment/gwas_sumstats/CocaineDep-Dominguez_2019.sumstats.gz,/projects/pfenninggroup/machineLearningForComputationalBiology/addiction_gwas_enrichment/gwas_enrichment/gwas_sumstats/CoffeePerDay-Cornelis_2015.sumstats.gz,/projects/pfenninggroup/machineLearningForComputationalBiology/addiction_gwas_enrichment/gwas_enrichment/gwas_sumstats/DrinksPerWeek-Liu_2019.sumstats.gz,/projects/pfenninggroup/machineLearningForComputationalBiology/addiction_gwas_enrichment/gwas_enrichment/gwas_sumstats/EduAttain-Lee_2018.sumstats.gz,/projects/pfenninggroup/machineLearningForComputationalBiology/addiction_gwas_enrichment/gwas_enrichment/gwas_sumstats/LBM-Zillikens_2017.sumstats.gz,/projects/pfenninggroup/machineLearningForComputationalBiology/addiction_gwas_enrichment/gwas_enrichment/gwas_sumstats/OCD-IOCDF_2017.sumstats.gz,/projects/pfenninggroup/machineLearningForComputationalBiology/addiction_gwas_enrichment/gwas_enrichment/gwas_sumstats/OpioidDep-Cheng_2018.sumstats.gz,/projects/pfenninggroup/machineLearningForComputationalBiology/addiction_gwas_enrichment/gwas_enrichment/gwas_sumstats/RiskyBehavior-Linner_2019.sumstats.gz,/projects/pfenninggroup/machineLearningForComputationalBiology/addiction_gwas_enrichment/gwas_enrichment/gwas_sumstats/Schizophrenia-PGC_2014.sumstats.gz,/projects/pfenninggroup/machineLearningForComputationalBiology/addiction_gwas_enrichment/gwas_enrichment/gwas_sumstats/SleepDuration-Dashti_2019.sumstats.gz,/projects/pfenninggroup/machineLearningForComputationalBiology/addiction_gwas_enrichment/gwas_enrichment/gwas_sumstats/SmokingCessation-Liu_2019.sumstats.gz,/projects/pfenninggroup/machineLearningForComputationalBiology/addiction_gwas_enrichment/gwas_enrichment/gwas_sumstats/SmokingInitiation-Liu_2019.sumstats.gz \
--w-ld-chr /projects/pfenninggroup/machineLearningForComputationalBiology/gwasEnrichments/background/eur_w_ld_chr/ 

Beginning analysis at Mon Jun  1 01:14:07 2020
Reading summary statistics from /projects/pfenninggroup/machineLearningForComputationalBiology/addiction_gwas_enrichment/gwas_enrichment/gwas_sumstats/CocaineDep-Dominguez_2019.sumstats.gz ...
Read summary statistics for 1160954 SNPs.
Reading reference panel LD Score from /projects/pfenninggroup/machineLearningForComputationalBiology/gwasEnrichments/background/eur_w_ld_chr/[1-22] ...
Read reference panel LD Scores for 1290028 SNPs.
Removing partitioned LD Scores with zero variance.
Reading regression weight LD Score from /projects/pfenninggroup/machineLearningForComputationalBiology/gwasEnrichments/background/eur_w_ld_chr/[1-22] ...
Read regression weight LD Scores for 1290028 SNPs.
After merging with reference panel LD, 1157359 SNPs remain.
After merging with regression SNP LD, 1157359 SNPs remain.
Computing rg for phenotype 2/19
Reading summary statistics from /projects/pfenninggroup/machineLearningForComputationalBiology/addiction_gwas_enrichment/gwas_enrichment/gwas_sumstats/AgeOfInitiation-Liu_2019.sumstats.gz ...
Read summary statistics for 1215001 SNPs.
After merging with summary statistics, 1157359 SNPs remain.
1152874 SNPs with valid alleles.

Heritability of phenotype 1
---------------------------
Total Observed scale h2: 0.4257 (0.0823)
Lambda GC: 1.0618
Mean Chi^2: 1.0695
Intercept: 1.0175 (0.0068)
Ratio: 0.2516 (0.0977)

Heritability of phenotype 2/19
------------------------------
Total Observed scale h2: 0.0474 (0.0029)
Lambda GC: 1.194
Mean Chi^2: 1.2201
Intercept: 0.9782 (0.0074)
Ratio < 0 (usually indicates GC correction).

Genetic Covariance
------------------
Total Observed scale gencov: 0.0691 (0.0101)
Mean z1*z2: 0.0673
Intercept: 0.0124 (0.0049)

Genetic Correlation
-------------------
Genetic Correlation: 0.4862 (0.0783)
Z-score: 6.2089
P: 5.3345e-10

Computing rg for phenotype 3/19
Reading summary statistics from /projects/pfenninggroup/machineLearningForComputationalBiology/addiction_gwas_enrichment/gwas_enrichment/gwas_sumstats/BMD-Kemp_2017.sumstats.gz ...
Read summary statistics for 1215001 SNPs.
After merging with summary statistics, 1157359 SNPs remain.
1144459 SNPs with valid alleles.

Heritability of phenotype 3/19
------------------------------
Total Observed scale h2: 0.3745 (0.041)
Lambda GC: 1.4926
Mean Chi^2: 2.1575
Intercept: 1.0826 (0.0333)
Ratio: 0.0714 (0.0287)

Genetic Covariance
------------------
Total Observed scale gencov: -0.0542 (0.0196)
Mean z1*z2: -0.028
Intercept: 0.0026 (0.0058)

Genetic Correlation
-------------------
Genetic Correlation: -0.138 (0.0514)
Z-score: -2.6846
P: 0.0073

Computing rg for phenotype 4/19
Reading summary statistics from /projects/pfenninggroup/machineLearningForComputationalBiology/addiction_gwas_enrichment/gwas_enrichment/gwas_sumstats/CAD-Howson_2017.sumstats.gz ...
Read summary statistics for 1215001 SNPs.
After merging with summary statistics, 1157359 SNPs remain.
924503 SNPs with valid alleles.

Heritability of phenotype 4/19
------------------------------
Total Observed scale h2: 0.0733 (0.0096)
Lambda GC: 1.105
Mean Chi^2: 1.1454
Intercept: 1.0251 (0.0094)
Ratio: 0.1729 (0.0649)

Genetic Covariance
------------------
Total Observed scale gencov: 0.0101 (0.0167)
Mean z1*z2: 0.0102
Intercept: 0.006 (0.0044)

Genetic Correlation
-------------------
Genetic Correlation: 0.0616 (0.1032)
Z-score: 0.5976
P: 0.5501

Computing rg for phenotype 5/19
Reading summary statistics from /projects/pfenninggroup/machineLearningForComputationalBiology/addiction_gwas_enrichment/gwas_enrichment/gwas_sumstats/Cannabis-Pasman_2018.sumstats.gz ...
Read summary statistics for 1215001 SNPs.
After merging with summary statistics, 1157359 SNPs remain.
1076579 SNPs with valid alleles.

Heritability of phenotype 5/19
------------------------------
Total Observed scale h2: 0.1908 (0.0127)
Lambda GC: 1.194
Mean Chi^2: 1.2236
Intercept: 0.9992 (0.0078)
Ratio < 0 (usually indicates GC correction).

Genetic Covariance
------------------
Total Observed scale gencov: 0.0603 (0.0212)
Mean z1*z2: 0.0266
Intercept: 0.0031 (0.0052)

Genetic Correlation
-------------------
Genetic Correlation: 0.2233 (0.078)
Z-score: 2.8622
P: 0.0042

Computing rg for phenotype 6/19
Reading summary statistics from /projects/pfenninggroup/machineLearningForComputationalBiology/addiction_gwas_enrichment/gwas_enrichment/gwas_sumstats/ChronicPain-Johnston_2019.sumstats.gz ...
Read summary statistics for 1215001 SNPs.
After merging with summary statistics, 1157359 SNPs remain.
95113 SNPs with valid alleles.
WARNING: number of SNPs less than 200k; this is almost always bad.

Heritability of phenotype 6/19
------------------------------
Total Observed scale h2: 0.0723 (0.0091)
Lambda GC: 1.4926
Mean Chi^2: 1.6606
Intercept: 1.0539 (0.0391)
Ratio: 0.0816 (0.0591)

Genetic Covariance
------------------
Total Observed scale gencov: 0.053 (0.0339)
Mean z1*z2: 0.0693
Intercept: 0.0008 (0.0189)

Genetic Correlation
-------------------
Genetic Correlation: 0.2341 (0.1433)
Z-score: 1.6328
P: 0.1025

Computing rg for phenotype 7/19
Reading summary statistics from /projects/pfenninggroup/machineLearningForComputationalBiology/addiction_gwas_enrichment/gwas_enrichment/gwas_sumstats/CigarettesPerDay-Liu_2019.sumstats.gz ...
Read summary statistics for 1215001 SNPs.
After merging with summary statistics, 1157359 SNPs remain.
1152869 SNPs with valid alleles.

Heritability of phenotype 7/19
------------------------------
Total Observed scale h2: 0.0757 (0.0098)
Lambda GC: 1.2267
Mean Chi^2: 1.3354
Intercept: 0.9478 (0.0164)
Ratio < 0 (usually indicates GC correction).

Genetic Covariance
------------------
Total Observed scale gencov: -0.058 (0.011)
Mean z1*z2: -0.0565
Intercept: -0.0093 (0.0048)

Genetic Correlation
-------------------
Genetic Correlation: -0.3234 (0.0659)
Z-score: -4.9037
P: 9.4033e-07

Computing rg for phenotype 8/19
Reading summary statistics from /projects/pfenninggroup/machineLearningForComputationalBiology/addiction_gwas_enrichment/gwas_enrichment/gwas_sumstats/CocaineDep-Dominguez_2019.sumstats.gz ...
Read summary statistics for 1215001 SNPs.
After merging with summary statistics, 1157359 SNPs remain.
1157359 SNPs with valid alleles.

Heritability of phenotype 8/19
------------------------------
Total Observed scale h2: 0.4246 (0.0815)
Lambda GC: 1.0618
Mean Chi^2: 1.0695
Intercept: 1.0176 (0.0068)
Ratio: 0.2538 (0.0979)

Genetic Covariance
------------------
Total Observed scale gencov: 0.4246 (0.0815)
Mean z1*z2: 1.0695
Intercept: 1.0176 (0.0068)

Genetic Correlation
-------------------
Genetic Correlation: 1. (5.1783e-06)
Z-score: 193109.9208
P: 0.

Computing rg for phenotype 9/19
Reading summary statistics from /projects/pfenninggroup/machineLearningForComputationalBiology/addiction_gwas_enrichment/gwas_enrichment/gwas_sumstats/CoffeePerDay-Cornelis_2015.sumstats.gz ...
Read summary statistics for 1215001 SNPs.
After merging with summary statistics, 1157359 SNPs remain.
1027661 SNPs with valid alleles.

Heritability of phenotype 9/19
------------------------------
Total Observed scale h2: 0.0435 (0.0083)
Lambda GC: 1.0649
Mean Chi^2: 1.0851
Intercept: 1.0048 (0.0079)
Ratio: 0.0559 (0.0933)

Genetic Covariance
------------------
Total Observed scale gencov: 0.0049 (0.0139)
Mean z1*z2: 0.0093
Intercept: 0.0071 (0.005)

Genetic Correlation
-------------------
Genetic Correlation: 0.0374 (0.106)
Z-score: 0.3529
P: 0.7242

Computing rg for phenotype 10/19
Reading summary statistics from /projects/pfenninggroup/machineLearningForComputationalBiology/addiction_gwas_enrichment/gwas_enrichment/gwas_sumstats/DrinksPerWeek-Liu_2019.sumstats.gz ...
Read summary statistics for 1215001 SNPs.
After merging with summary statistics, 1157359 SNPs remain.
1152723 SNPs with valid alleles.

Heritability of phenotype 10/19
-------------------------------
Total Observed scale h2: 0.0493 (0.0023)
Lambda GC: 1.3169
Mean Chi^2: 1.4528
Intercept: 0.9219 (0.0092)
Ratio < 0 (usually indicates GC correction).

Genetic Covariance
------------------
Total Observed scale gencov: -0.0393 (0.0078)
Mean z1*z2: -0.0538
Intercept: -0.0079 (0.0053)

Genetic Correlation
-------------------
Genetic Correlation: -0.2714 (0.0557)
Z-score: -4.8697
P: 1.1178e-06

Computing rg for phenotype 11/19
Reading summary statistics from /projects/pfenninggroup/machineLearningForComputationalBiology/addiction_gwas_enrichment/gwas_enrichment/gwas_sumstats/EduAttain-Lee_2018.sumstats.gz ...
Read summary statistics for 1215001 SNPs.
After merging with summary statistics, 1157359 SNPs remain.
1152863 SNPs with valid alleles.

Heritability of phenotype 11/19
-------------------------------
Total Observed scale h2: 0.0759 (0.0022)
Lambda GC: 2.1112
Mean Chi^2: 2.6663
Intercept: 0.9853 (0.0169)
Ratio < 0 (usually indicates GC correction).

Genetic Covariance
------------------
Total Observed scale gencov: -0.092 (0.0077)
Mean z1*z2: -0.1456
Intercept: 0.0042 (0.0058)

Genetic Correlation
-------------------
Genetic Correlation: -0.5178 (0.0589)
Z-score: -8.7894
P: 1.5041e-18

Computing rg for phenotype 12/19
Reading summary statistics from /projects/pfenninggroup/machineLearningForComputationalBiology/addiction_gwas_enrichment/gwas_enrichment/gwas_sumstats/LBM-Zillikens_2017.sumstats.gz ...
Read summary statistics for 1215001 SNPs.
After merging with summary statistics, 1157359 SNPs remain.
1014793 SNPs with valid alleles.

Heritability of phenotype 12/19
-------------------------------
Total Observed scale h2: 0.1294 (0.0159)
Lambda GC: 1.0864
Mean Chi^2: 1.0989
Intercept: 1.0002 (0.0078)
Ratio: 0.0024 (0.0791)

Genetic Covariance
------------------
Total Observed scale gencov: -0.0384 (0.0262)
Mean z1*z2: -0.0097
Intercept: 0.0019 (0.0053)

Genetic Correlation
-------------------
Genetic Correlation: -0.1707 (0.1158)
Z-score: -1.4746
P: 0.1403

Computing rg for phenotype 13/19
Reading summary statistics from /projects/pfenninggroup/machineLearningForComputationalBiology/addiction_gwas_enrichment/gwas_enrichment/gwas_sumstats/OCD-IOCDF_2017.sumstats.gz ...
Read summary statistics for 1215001 SNPs.
After merging with summary statistics, 1157359 SNPs remain.
1087196 SNPs with valid alleles.

Heritability of phenotype 13/19
-------------------------------
Total Observed scale h2: 0.3199 (0.0495)
Lambda GC: 1.0527
Mean Chi^2: 1.0567
Intercept: 0.9935 (0.0071)
Ratio < 0 (usually indicates GC correction).

Genetic Covariance
------------------
Total Observed scale gencov: -0.0598 (0.047)
Mean z1*z2: 0.0342
Intercept: 0.0446 (0.0049)

Genetic Correlation
-------------------
Genetic Correlation: -0.165 (0.1341)
Z-score: -1.2301
P: 0.2187

Computing rg for phenotype 14/19
Reading summary statistics from /projects/pfenninggroup/machineLearningForComputationalBiology/addiction_gwas_enrichment/gwas_enrichment/gwas_sumstats/OpioidDep-Cheng_2018.sumstats.gz ...
Read summary statistics for 1215001 SNPs.
After merging with summary statistics, 1157359 SNPs remain.
1151796 SNPs with valid alleles.

Heritability of phenotype 14/19
-------------------------------
Total Observed scale h2: 0.0455 (0.0599)
Lambda GC: 1.0436
Mean Chi^2: 1.0326
Intercept: 1.0266 (0.0061)
Ratio: 0.8154 (0.1865)

Genetic Covariance
------------------
Total Observed scale gencov: 0.1289 (0.0436)
Mean z1*z2: -0.0029
Intercept: -0.0192 (0.0041)

Genetic Correlation
-------------------
Genetic Correlation: 0.9295 (0.7258)
Z-score: 1.2806
P: 0.2003

Computing rg for phenotype 15/19
Reading summary statistics from /projects/pfenninggroup/machineLearningForComputationalBiology/addiction_gwas_enrichment/gwas_enrichment/gwas_sumstats/RiskyBehavior-Linner_2019.sumstats.gz ...
Read summary statistics for 1215001 SNPs.
After merging with summary statistics, 1157359 SNPs remain.
1153873 SNPs with valid alleles.

Heritability of phenotype 15/19
-------------------------------
Total Observed scale h2: 0.1133 (0.0046)
Lambda GC: 1.5217
Mean Chi^2: 1.7251
Intercept: 1.0134 (0.011)
Ratio: 0.0185 (0.0152)

Genetic Covariance
------------------
Total Observed scale gencov: 0.0896 (0.0118)
Mean z1*z2: 0.0744
Intercept: -0.0048 (0.006)

Genetic Correlation
-------------------
Genetic Correlation: 0.4079 (0.0609)
Z-score: 6.7024
P: 2.0498e-11

Computing rg for phenotype 16/19
Reading summary statistics from /projects/pfenninggroup/machineLearningForComputationalBiology/addiction_gwas_enrichment/gwas_enrichment/gwas_sumstats/Schizophrenia-PGC_2014.sumstats.gz ...
Read summary statistics for 1215001 SNPs.
After merging with summary statistics, 1157359 SNPs remain.
1101551 SNPs with valid alleles.

Heritability of phenotype 16/19
-------------------------------
Total Observed scale h2: 0.4727 (0.0197)
Lambda GC: 1.5957
Mean Chi^2: 1.787
Intercept: 1.0399 (0.0127)
Ratio: 0.0507 (0.0161)

Genetic Covariance
------------------
Total Observed scale gencov: 0.0881 (0.0235)
Mean z1*z2: 0.062
Intercept: 0.0218 (0.0058)

Genetic Correlation
-------------------
Genetic Correlation: 0.2015 (0.0564)
Z-score: 3.5702
P: 0.0004

Computing rg for phenotype 17/19
Reading summary statistics from /projects/pfenninggroup/machineLearningForComputationalBiology/addiction_gwas_enrichment/gwas_enrichment/gwas_sumstats/SleepDuration-Dashti_2019.sumstats.gz ...
Read summary statistics for 1215001 SNPs.
After merging with summary statistics, 1157359 SNPs remain.
1149878 SNPs with valid alleles.

Heritability of phenotype 17/19
-------------------------------
Total Observed scale h2: 0.0683 (0.003)
Lambda GC: 1.4926
Mean Chi^2: 1.6264
Intercept: 1.0251 (0.0101)
Ratio: 0.0401 (0.0161)

Genetic Covariance
------------------
Total Observed scale gencov: 0.0248 (0.0092)
Mean z1*z2: 0.0143
Intercept: -0.0106 (0.0061)

Genetic Correlation
-------------------
Genetic Correlation: 0.1477 (0.056)
Z-score: 2.6351
P: 0.0084

Computing rg for phenotype 18/19
Reading summary statistics from /projects/pfenninggroup/machineLearningForComputationalBiology/addiction_gwas_enrichment/gwas_enrichment/gwas_sumstats/SmokingCessation-Liu_2019.sumstats.gz ...
Read summary statistics for 1215001 SNPs.
After merging with summary statistics, 1157359 SNPs remain.
1153859 SNPs with valid alleles.

Heritability of phenotype 18/19
-------------------------------
Total Observed scale h2: 0.0321 (0.0023)
Lambda GC: 1.1523
Mean Chi^2: 1.1775
Intercept: 0.979 (0.0084)
Ratio < 0 (usually indicates GC correction).

Genetic Covariance
------------------
Total Observed scale gencov: -0.0489 (0.0082)
Mean z1*z2: -0.0401
Intercept: 0.0029 (0.0043)

Genetic Correlation
-------------------
Genetic Correlation: -0.4185 (0.0747)
Z-score: -5.6036
P: 2.0998e-08

Computing rg for phenotype 19/19
Reading summary statistics from /projects/pfenninggroup/machineLearningForComputationalBiology/addiction_gwas_enrichment/gwas_enrichment/gwas_sumstats/SmokingInitiation-Liu_2019.sumstats.gz ...
Read summary statistics for 1215001 SNPs.
After merging with summary statistics, 1157359 SNPs remain.
1138718 SNPs with valid alleles.

Heritability of phenotype 19/19
-------------------------------
Total Observed scale h2: 0.0692 (0.0024)
Lambda GC: 1.5035
Mean Chi^2: 1.7511
Intercept: 0.8895 (0.0102)
Ratio < 0 (usually indicates GC correction).

Genetic Covariance
------------------
Total Observed scale gencov: -0.0825 (0.0088)
Mean z1*z2: -0.1078
Intercept: -0.0049 (0.0051)

Genetic Correlation
-------------------
Genetic Correlation: -0.4763 (0.0566)
Z-score: -8.4096
P: 4.1142e-17


Summary of Genetic Correlation Results
p1                                                                                                                                                             p2      rg          se            z           p  h2_obs  h2_obs_se  h2_int  h2_int_se  gcov_int  gcov_int_se
/projects/pfenninggroup/machineLearningForComputationalBiology/addiction_gwas_enrichment/gwas_enrichment/gwas_sumstats/CocaineDep-Dominguez_2019.sumstats.gz    /projects/pfenninggroup/machineLearningForComputationalBiology/addiction_gwas_enrichment/gwas_enrichment/gwas_sumstats/AgeOfInitiation-Liu_2019.sumstats.gz  0.4862  7.8313e-02       6.2089  5.3345e-10  0.0474     0.0029  0.9782     0.0074    0.0124       0.0049
/projects/pfenninggroup/machineLearningForComputationalBiology/addiction_gwas_enrichment/gwas_enrichment/gwas_sumstats/CocaineDep-Dominguez_2019.sumstats.gz               /projects/pfenninggroup/machineLearningForComputationalBiology/addiction_gwas_enrichment/gwas_enrichment/gwas_sumstats/BMD-Kemp_2017.sumstats.gz -0.1380  5.1411e-02      -2.6846  7.2617e-03  0.3745     0.0410  1.0826     0.0333    0.0026       0.0058
/projects/pfenninggroup/machineLearningForComputationalBiology/addiction_gwas_enrichment/gwas_enrichment/gwas_sumstats/CocaineDep-Dominguez_2019.sumstats.gz             /projects/pfenninggroup/machineLearningForComputationalBiology/addiction_gwas_enrichment/gwas_enrichment/gwas_sumstats/CAD-Howson_2017.sumstats.gz  0.0616  1.0316e-01       0.5976  5.5014e-01  0.0733     0.0096  1.0251     0.0094    0.0060       0.0044
/projects/pfenninggroup/machineLearningForComputationalBiology/addiction_gwas_enrichment/gwas_enrichment/gwas_sumstats/CocaineDep-Dominguez_2019.sumstats.gz        /projects/pfenninggroup/machineLearningForComputationalBiology/addiction_gwas_enrichment/gwas_enrichment/gwas_sumstats/Cannabis-Pasman_2018.sumstats.gz  0.2233  7.8010e-02       2.8622  4.2067e-03  0.1908     0.0127  0.9992     0.0078    0.0031       0.0052
/projects/pfenninggroup/machineLearningForComputationalBiology/addiction_gwas_enrichment/gwas_enrichment/gwas_sumstats/CocaineDep-Dominguez_2019.sumstats.gz   /projects/pfenninggroup/machineLearningForComputationalBiology/addiction_gwas_enrichment/gwas_enrichment/gwas_sumstats/ChronicPain-Johnston_2019.sumstats.gz  0.2341  1.4335e-01       1.6328  1.0251e-01  0.0723     0.0091  1.0539     0.0391    0.0008       0.0189
/projects/pfenninggroup/machineLearningForComputationalBiology/addiction_gwas_enrichment/gwas_enrichment/gwas_sumstats/CocaineDep-Dominguez_2019.sumstats.gz   /projects/pfenninggroup/machineLearningForComputationalBiology/addiction_gwas_enrichment/gwas_enrichment/gwas_sumstats/CigarettesPerDay-Liu_2019.sumstats.gz -0.3234  6.5945e-02      -4.9037  9.4033e-07  0.0757     0.0098  0.9478     0.0164   -0.0093       0.0048
/projects/pfenninggroup/machineLearningForComputationalBiology/addiction_gwas_enrichment/gwas_enrichment/gwas_sumstats/CocaineDep-Dominguez_2019.sumstats.gz   /projects/pfenninggroup/machineLearningForComputationalBiology/addiction_gwas_enrichment/gwas_enrichment/gwas_sumstats/CocaineDep-Dominguez_2019.sumstats.gz  1.0000  5.1783e-06  193109.9208  0.0000e+00  0.4246     0.0815  1.0176     0.0068    1.0176       0.0068
/projects/pfenninggroup/machineLearningForComputationalBiology/addiction_gwas_enrichment/gwas_enrichment/gwas_sumstats/CocaineDep-Dominguez_2019.sumstats.gz  /projects/pfenninggroup/machineLearningForComputationalBiology/addiction_gwas_enrichment/gwas_enrichment/gwas_sumstats/CoffeePerDay-Cornelis_2015.sumstats.gz  0.0374  1.0604e-01       0.3529  7.2420e-01  0.0435     0.0083  1.0048     0.0079    0.0071       0.0050
/projects/pfenninggroup/machineLearningForComputationalBiology/addiction_gwas_enrichment/gwas_enrichment/gwas_sumstats/CocaineDep-Dominguez_2019.sumstats.gz      /projects/pfenninggroup/machineLearningForComputationalBiology/addiction_gwas_enrichment/gwas_enrichment/gwas_sumstats/DrinksPerWeek-Liu_2019.sumstats.gz -0.2714  5.5726e-02      -4.8697  1.1178e-06  0.0493     0.0023  0.9219     0.0092   -0.0079       0.0053
/projects/pfenninggroup/machineLearningForComputationalBiology/addiction_gwas_enrichment/gwas_enrichment/gwas_sumstats/CocaineDep-Dominguez_2019.sumstats.gz          /projects/pfenninggroup/machineLearningForComputationalBiology/addiction_gwas_enrichment/gwas_enrichment/gwas_sumstats/EduAttain-Lee_2018.sumstats.gz -0.5178  5.8911e-02      -8.7894  1.5041e-18  0.0759     0.0022  0.9853     0.0169    0.0042       0.0058
/projects/pfenninggroup/machineLearningForComputationalBiology/addiction_gwas_enrichment/gwas_enrichment/gwas_sumstats/CocaineDep-Dominguez_2019.sumstats.gz          /projects/pfenninggroup/machineLearningForComputationalBiology/addiction_gwas_enrichment/gwas_enrichment/gwas_sumstats/LBM-Zillikens_2017.sumstats.gz -0.1707  1.1579e-01      -1.4746  1.4033e-01  0.1294     0.0159  1.0002     0.0078    0.0019       0.0053
/projects/pfenninggroup/machineLearningForComputationalBiology/addiction_gwas_enrichment/gwas_enrichment/gwas_sumstats/CocaineDep-Dominguez_2019.sumstats.gz              /projects/pfenninggroup/machineLearningForComputationalBiology/addiction_gwas_enrichment/gwas_enrichment/gwas_sumstats/OCD-IOCDF_2017.sumstats.gz -0.1650  1.3411e-01      -1.2301  2.1866e-01  0.3199     0.0495  0.9935     0.0071    0.0446       0.0049
/projects/pfenninggroup/machineLearningForComputationalBiology/addiction_gwas_enrichment/gwas_enrichment/gwas_sumstats/CocaineDep-Dominguez_2019.sumstats.gz        /projects/pfenninggroup/machineLearningForComputationalBiology/addiction_gwas_enrichment/gwas_enrichment/gwas_sumstats/OpioidDep-Cheng_2018.sumstats.gz  0.9295  7.2581e-01       1.2806  2.0032e-01  0.0455     0.0599  1.0266     0.0061   -0.0192       0.0041
/projects/pfenninggroup/machineLearningForComputationalBiology/addiction_gwas_enrichment/gwas_enrichment/gwas_sumstats/CocaineDep-Dominguez_2019.sumstats.gz   /projects/pfenninggroup/machineLearningForComputationalBiology/addiction_gwas_enrichment/gwas_enrichment/gwas_sumstats/RiskyBehavior-Linner_2019.sumstats.gz  0.4079  6.0858e-02       6.7024  2.0498e-11  0.1133     0.0046  1.0134     0.0110   -0.0048       0.0060
/projects/pfenninggroup/machineLearningForComputationalBiology/addiction_gwas_enrichment/gwas_enrichment/gwas_sumstats/CocaineDep-Dominguez_2019.sumstats.gz      /projects/pfenninggroup/machineLearningForComputationalBiology/addiction_gwas_enrichment/gwas_enrichment/gwas_sumstats/Schizophrenia-PGC_2014.sumstats.gz  0.2015  5.6443e-02       3.5702  3.5667e-04  0.4727     0.0197  1.0399     0.0127    0.0218       0.0058
/projects/pfenninggroup/machineLearningForComputationalBiology/addiction_gwas_enrichment/gwas_enrichment/gwas_sumstats/CocaineDep-Dominguez_2019.sumstats.gz   /projects/pfenninggroup/machineLearningForComputationalBiology/addiction_gwas_enrichment/gwas_enrichment/gwas_sumstats/SleepDuration-Dashti_2019.sumstats.gz  0.1477  5.6034e-02       2.6351  8.4101e-03  0.0683     0.0030  1.0251     0.0101   -0.0106       0.0061
/projects/pfenninggroup/machineLearningForComputationalBiology/addiction_gwas_enrichment/gwas_enrichment/gwas_sumstats/CocaineDep-Dominguez_2019.sumstats.gz   /projects/pfenninggroup/machineLearningForComputationalBiology/addiction_gwas_enrichment/gwas_enrichment/gwas_sumstats/SmokingCessation-Liu_2019.sumstats.gz -0.4185  7.4687e-02      -5.6036  2.0998e-08  0.0321     0.0023  0.9790     0.0084    0.0029       0.0043
/projects/pfenninggroup/machineLearningForComputationalBiology/addiction_gwas_enrichment/gwas_enrichment/gwas_sumstats/CocaineDep-Dominguez_2019.sumstats.gz  /projects/pfenninggroup/machineLearningForComputationalBiology/addiction_gwas_enrichment/gwas_enrichment/gwas_sumstats/SmokingInitiation-Liu_2019.sumstats.gz -0.4763  5.6635e-02      -8.4096  4.1142e-17  0.0692     0.0024  0.8895     0.0102   -0.0049       0.0051

Analysis finished at Mon Jun  1 01:17:17 2020
Total time elapsed: 3.0m:10.01s
