*********************************************************************
* LD Score Regression (LDSC)
* Version 1.0.1
* (C) 2014-2019 Brendan Bulik-Sullivan and Hilary Finucane
* Broad Institute of MIT and Harvard / MIT Department of Mathematics
* GNU General Public License v3
*********************************************************************
Call: 
./ldsc.py \
--ref-ld-chr /projects/pfenninggroup/machineLearningForComputationalBiology/gwasEnrichments/background/eur_w_ld_chr/ \
--out tables/p1_ChronicPain-Johnston_2019_correlation \
--rg /projects/pfenninggroup/machineLearningForComputationalBiology/addiction_gwas_enrichment/gwas_enrichment/gwas_sumstats/ChronicPain-Johnston_2019.sumstats.gz,/projects/pfenninggroup/machineLearningForComputationalBiology/addiction_gwas_enrichment/gwas_enrichment/gwas_sumstats/AgeOfInitiation-Liu_2019.sumstats.gz,/projects/pfenninggroup/machineLearningForComputationalBiology/addiction_gwas_enrichment/gwas_enrichment/gwas_sumstats/BMD-Kemp_2017.sumstats.gz,/projects/pfenninggroup/machineLearningForComputationalBiology/addiction_gwas_enrichment/gwas_enrichment/gwas_sumstats/CAD-Howson_2017.sumstats.gz,/projects/pfenninggroup/machineLearningForComputationalBiology/addiction_gwas_enrichment/gwas_enrichment/gwas_sumstats/Cannabis-Pasman_2018.sumstats.gz,/projects/pfenninggroup/machineLearningForComputationalBiology/addiction_gwas_enrichment/gwas_enrichment/gwas_sumstats/ChronicPain-Johnston_2019.sumstats.gz,/projects/pfenninggroup/machineLearningForComputationalBiology/addiction_gwas_enrichment/gwas_enrichment/gwas_sumstats/CigarettesPerDay-Liu_2019.sumstats.gz,/projects/pfenninggroup/machineLearningForComputationalBiology/addiction_gwas_enrichment/gwas_enrichment/gwas_sumstats/CocaineDep-Dominguez_2019.sumstats.gz,/projects/pfenninggroup/machineLearningForComputationalBiology/addiction_gwas_enrichment/gwas_enrichment/gwas_sumstats/CoffeePerDay-Cornelis_2015.sumstats.gz,/projects/pfenninggroup/machineLearningForComputationalBiology/addiction_gwas_enrichment/gwas_enrichment/gwas_sumstats/DrinksPerWeek-Liu_2019.sumstats.gz,/projects/pfenninggroup/machineLearningForComputationalBiology/addiction_gwas_enrichment/gwas_enrichment/gwas_sumstats/EduAttain-Lee_2018.sumstats.gz,/projects/pfenninggroup/machineLearningForComputationalBiology/addiction_gwas_enrichment/gwas_enrichment/gwas_sumstats/LBM-Zillikens_2017.sumstats.gz,/projects/pfenninggroup/machineLearningForComputationalBiology/addiction_gwas_enrichment/gwas_enrichment/gwas_sumstats/OCD-IOCDF_2017.sumstats.gz,/projects/pfenninggroup/machineLearningForComputationalBiology/addiction_gwas_enrichment/gwas_enrichment/gwas_sumstats/OpioidDep-Cheng_2018.sumstats.gz,/projects/pfenninggroup/machineLearningForComputationalBiology/addiction_gwas_enrichment/gwas_enrichment/gwas_sumstats/RiskyBehavior-Linner_2019.sumstats.gz,/projects/pfenninggroup/machineLearningForComputationalBiology/addiction_gwas_enrichment/gwas_enrichment/gwas_sumstats/Schizophrenia-PGC_2014.sumstats.gz,/projects/pfenninggroup/machineLearningForComputationalBiology/addiction_gwas_enrichment/gwas_enrichment/gwas_sumstats/SleepDuration-Dashti_2019.sumstats.gz,/projects/pfenninggroup/machineLearningForComputationalBiology/addiction_gwas_enrichment/gwas_enrichment/gwas_sumstats/SmokingCessation-Liu_2019.sumstats.gz,/projects/pfenninggroup/machineLearningForComputationalBiology/addiction_gwas_enrichment/gwas_enrichment/gwas_sumstats/SmokingInitiation-Liu_2019.sumstats.gz \
--w-ld-chr /projects/pfenninggroup/machineLearningForComputationalBiology/gwasEnrichments/background/eur_w_ld_chr/ 

Beginning analysis at Mon Jun  1 01:14:07 2020
Reading summary statistics from /projects/pfenninggroup/machineLearningForComputationalBiology/addiction_gwas_enrichment/gwas_enrichment/gwas_sumstats/ChronicPain-Johnston_2019.sumstats.gz ...
Read summary statistics for 96797 SNPs.
Reading reference panel LD Score from /projects/pfenninggroup/machineLearningForComputationalBiology/gwasEnrichments/background/eur_w_ld_chr/[1-22] ...
Read reference panel LD Scores for 1290028 SNPs.
Removing partitioned LD Scores with zero variance.
Reading regression weight LD Score from /projects/pfenninggroup/machineLearningForComputationalBiology/gwasEnrichments/background/eur_w_ld_chr/[1-22] ...
Read regression weight LD Scores for 1290028 SNPs.
After merging with reference panel LD, 96488 SNPs remain.
After merging with regression SNP LD, 96488 SNPs remain.
Computing rg for phenotype 2/19
Reading summary statistics from /projects/pfenninggroup/machineLearningForComputationalBiology/addiction_gwas_enrichment/gwas_enrichment/gwas_sumstats/AgeOfInitiation-Liu_2019.sumstats.gz ...
Read summary statistics for 1215001 SNPs.
After merging with summary statistics, 96488 SNPs remain.
95728 SNPs with valid alleles.
WARNING: number of SNPs less than 200k; this is almost always bad.

Heritability of phenotype 1
---------------------------
Total Observed scale h2: 0.0721 (0.0092)
Lambda GC: 1.4926
Mean Chi^2: 1.6568
Intercept: 1.0549 (0.0369)
Ratio: 0.0835 (0.0562)

Heritability of phenotype 2/19
------------------------------
Total Observed scale h2: 0.0465 (0.0072)
Lambda GC: 1.2038
Mean Chi^2: 1.2072
Intercept: 0.9651 (0.0235)
Ratio < 0 (usually indicates GC correction).

Genetic Covariance
------------------
Total Observed scale gencov: 0.0188 (0.0052)
Mean z1*z2: 0.1854
Intercept: 0.0535 (0.0178)

Genetic Correlation
-------------------
Genetic Correlation: 0.3239 (0.0867)
Z-score: 3.7341
P: 0.0002

Computing rg for phenotype 3/19
Reading summary statistics from /projects/pfenninggroup/machineLearningForComputationalBiology/addiction_gwas_enrichment/gwas_enrichment/gwas_sumstats/BMD-Kemp_2017.sumstats.gz ...
Read summary statistics for 1215001 SNPs.
After merging with summary statistics, 96488 SNPs remain.
95715 SNPs with valid alleles.
WARNING: number of SNPs less than 200k; this is almost always bad.

Heritability of phenotype 3/19
------------------------------
Total Observed scale h2: 0.3188 (0.0551)
Lambda GC: 1.4926
Mean Chi^2: 2.0108
Intercept: 1.1644 (0.1207)
Ratio: 0.1626 (0.1194)

Genetic Covariance
------------------
Total Observed scale gencov: -0.0051 (0.0091)
Mean z1*z2: -0.0239
Intercept: 0.0198 (0.0221)

Genetic Correlation
-------------------
Genetic Correlation: -0.0335 (0.0604)
Z-score: -0.5552
P: 0.5788

Computing rg for phenotype 4/19
Reading summary statistics from /projects/pfenninggroup/machineLearningForComputationalBiology/addiction_gwas_enrichment/gwas_enrichment/gwas_sumstats/CAD-Howson_2017.sumstats.gz ...
Read summary statistics for 1215001 SNPs.
After merging with summary statistics, 96488 SNPs remain.
74334 SNPs with valid alleles.
WARNING: number of SNPs less than 200k; this is almost always bad.

Heritability of phenotype 4/19
------------------------------
Total Observed scale h2: 0.0401 (0.0227)
Lambda GC: 1.0436
Mean Chi^2: 1.1193
Intercept: 1.053 (0.0267)
Ratio: 0.4443 (0.2241)

Genetic Covariance
------------------
Total Observed scale gencov: 0.0282 (0.0098)
Mean z1*z2: 0.0913
Intercept: -0.0132 (0.0237)

Genetic Correlation
-------------------
Genetic Correlation: 0.4986 (0.2356)
Z-score: 2.1165
P: 0.0343

Computing rg for phenotype 5/19
Reading summary statistics from /projects/pfenninggroup/machineLearningForComputationalBiology/addiction_gwas_enrichment/gwas_enrichment/gwas_sumstats/Cannabis-Pasman_2018.sumstats.gz ...
Read summary statistics for 1215001 SNPs.
After merging with summary statistics, 96488 SNPs remain.
89806 SNPs with valid alleles.
WARNING: number of SNPs less than 200k; this is almost always bad.

Heritability of phenotype 5/19
------------------------------
Total Observed scale h2: 0.1462 (0.0391)
Lambda GC: 1.1428
Mean Chi^2: 1.1926
Intercept: 1.0181 (0.0301)
Ratio: 0.0942 (0.1565)

Genetic Covariance
------------------
Total Observed scale gencov: -0.0053 (0.0134)
Mean z1*z2: -0.033
Intercept: -0.0114 (0.0233)

Genetic Correlation
-------------------
Genetic Correlation: -0.0503 (0.1301)
Z-score: -0.3865
P: 0.6991

Computing rg for phenotype 6/19
Reading summary statistics from /projects/pfenninggroup/machineLearningForComputationalBiology/addiction_gwas_enrichment/gwas_enrichment/gwas_sumstats/ChronicPain-Johnston_2019.sumstats.gz ...
Read summary statistics for 1215001 SNPs.
After merging with summary statistics, 96488 SNPs remain.
96488 SNPs with valid alleles.
WARNING: number of SNPs less than 200k; this is almost always bad.

Heritability of phenotype 6/19
------------------------------
Total Observed scale h2: 0.0714 (0.009)
Lambda GC: 1.4926
Mean Chi^2: 1.6564
Intercept: 1.059 (0.0361)
Ratio: 0.0899 (0.055)

Genetic Covariance
------------------
Total Observed scale gencov: 0.0714 (0.009)
Mean z1*z2: 1.6564
Intercept: 1.059 (0.0361)

Genetic Correlation
-------------------
Genetic Correlation: 1. (1.3155e-05)
Z-score: 76013.3378
P: 0.

Computing rg for phenotype 7/19
Reading summary statistics from /projects/pfenninggroup/machineLearningForComputationalBiology/addiction_gwas_enrichment/gwas_enrichment/gwas_sumstats/CigarettesPerDay-Liu_2019.sumstats.gz ...
Read summary statistics for 1215001 SNPs.
After merging with summary statistics, 96488 SNPs remain.
95728 SNPs with valid alleles.
WARNING: number of SNPs less than 200k; this is almost always bad.

Heritability of phenotype 7/19
------------------------------
Total Observed scale h2: 0.0662 (0.0085)
Lambda GC: 1.2865
Mean Chi^2: 1.3562
Intercept: 0.9733 (0.0267)
Ratio < 0 (usually indicates GC correction).

Genetic Covariance
------------------
Total Observed scale gencov: -0.0329 (0.0064)
Mean z1*z2: -0.2495
Intercept: 0.0013 (0.0211)

Genetic Correlation
-------------------
Genetic Correlation: -0.4756 (0.082)
Z-score: -5.7998
P: 6.6387e-09

Computing rg for phenotype 8/19
Reading summary statistics from /projects/pfenninggroup/machineLearningForComputationalBiology/addiction_gwas_enrichment/gwas_enrichment/gwas_sumstats/CocaineDep-Dominguez_2019.sumstats.gz ...
Read summary statistics for 1215001 SNPs.
After merging with summary statistics, 96488 SNPs remain.
95113 SNPs with valid alleles.
WARNING: number of SNPs less than 200k; this is almost always bad.

Heritability of phenotype 8/19
------------------------------
Total Observed scale h2: 0.7089 (0.2432)
Lambda GC: 1.0802
Mean Chi^2: 1.0858
Intercept: 0.9949 (0.0205)
Ratio < 0 (usually indicates GC correction).

Genetic Covariance
------------------
Total Observed scale gencov: 0.053 (0.0339)
Mean z1*z2: 0.0693
Intercept: 0.0008 (0.0189)

Genetic Correlation
-------------------
Genetic Correlation: 0.2341 (0.1433)
Z-score: 1.6328
P: 0.1025

Computing rg for phenotype 9/19
Reading summary statistics from /projects/pfenninggroup/machineLearningForComputationalBiology/addiction_gwas_enrichment/gwas_enrichment/gwas_sumstats/CoffeePerDay-Cornelis_2015.sumstats.gz ...
Read summary statistics for 1215001 SNPs.
After merging with summary statistics, 96488 SNPs remain.
82493 SNPs with valid alleles.
WARNING: number of SNPs less than 200k; this is almost always bad.

Heritability of phenotype 9/19
------------------------------
Total Observed scale h2: 0.0351 (0.02)
Lambda GC: 1.0618
Mean Chi^2: 1.0678
Intercept: 1.0026 (0.0258)
Ratio: 0.038 (0.3813)

Genetic Covariance
------------------
Total Observed scale gencov: -0.0015 (0.0091)
Mean z1*z2: 0.0138
Intercept: 0.015 (0.0213)

Genetic Correlation
-------------------
Genetic Correlation: -0.0295 (0.1829)
Z-score: -0.1611
P: 0.872

Computing rg for phenotype 10/19
Reading summary statistics from /projects/pfenninggroup/machineLearningForComputationalBiology/addiction_gwas_enrichment/gwas_enrichment/gwas_sumstats/DrinksPerWeek-Liu_2019.sumstats.gz ...
Read summary statistics for 1215001 SNPs.
After merging with summary statistics, 96488 SNPs remain.
95709 SNPs with valid alleles.
WARNING: number of SNPs less than 200k; this is almost always bad.

Heritability of phenotype 10/19
-------------------------------
Total Observed scale h2: 0.04 (0.005)
Lambda GC: 1.2865
Mean Chi^2: 1.395
Intercept: 0.9389 (0.0258)
Ratio < 0 (usually indicates GC correction).

Genetic Covariance
------------------
Total Observed scale gencov: -0.0072 (0.0048)
Mean z1*z2: -0.0633
Intercept: 0.0543 (0.0224)

Genetic Correlation
-------------------
Genetic Correlation: -0.1347 (0.0895)
Z-score: -1.5048
P: 0.1324

Computing rg for phenotype 11/19
Reading summary statistics from /projects/pfenninggroup/machineLearningForComputationalBiology/addiction_gwas_enrichment/gwas_enrichment/gwas_sumstats/EduAttain-Lee_2018.sumstats.gz ...
Read summary statistics for 1215001 SNPs.
After merging with summary statistics, 96488 SNPs remain.
95682 SNPs with valid alleles.
WARNING: number of SNPs less than 200k; this is almost always bad.

Heritability of phenotype 11/19
-------------------------------
Total Observed scale h2: 0.0754 (0.0071)
Lambda GC: 2.094
Mean Chi^2: 2.6958
Intercept: 0.9971 (0.0547)
Ratio < 0 (usually indicates GC correction).

Genetic Covariance
------------------
Total Observed scale gencov: -0.0324 (0.0046)
Mean z1*z2: -0.5383
Intercept: -0.0671 (0.0284)

Genetic Correlation
-------------------
Genetic Correlation: -0.4414 (0.0548)
Z-score: -8.05
P: 8.2763e-16

Computing rg for phenotype 12/19
Reading summary statistics from /projects/pfenninggroup/machineLearningForComputationalBiology/addiction_gwas_enrichment/gwas_enrichment/gwas_sumstats/LBM-Zillikens_2017.sumstats.gz ...
Read summary statistics for 1215001 SNPs.
After merging with summary statistics, 96488 SNPs remain.
81784 SNPs with valid alleles.
WARNING: number of SNPs less than 200k; this is almost always bad.

Heritability of phenotype 12/19
-------------------------------
Total Observed scale h2: 0.0985 (0.0504)
Lambda GC: 1.0405
Mean Chi^2: 1.0622
Intercept: 0.9875 (0.0254)
Ratio < 0 (usually indicates GC correction).

Genetic Covariance
------------------
Total Observed scale gencov: 0.001 (0.0153)
Mean z1*z2: 0.0192
Intercept: 0.0146 (0.0228)

Genetic Correlation
-------------------
Genetic Correlation: 0.0117 (0.1761)
Z-score: 0.0664
P: 0.9471

Computing rg for phenotype 13/19
Reading summary statistics from /projects/pfenninggroup/machineLearningForComputationalBiology/addiction_gwas_enrichment/gwas_enrichment/gwas_sumstats/OCD-IOCDF_2017.sumstats.gz ...
Read summary statistics for 1215001 SNPs.
After merging with summary statistics, 96488 SNPs remain.
89829 SNPs with valid alleles.
WARNING: number of SNPs less than 200k; this is almost always bad.

Heritability of phenotype 13/19
-------------------------------
Total Observed scale h2: 0.1646 (0.1757)
Lambda GC: 1.0255
Mean Chi^2: 1.0274
Intercept: 0.9942 (0.0248)
Ratio < 0 (usually indicates GC correction).

Genetic Covariance
------------------
Total Observed scale gencov: -0.0461 (0.0263)
Mean z1*z2: -0.0394
Intercept: 0.0253 (0.0211)

Genetic Correlation
-------------------
Genetic Correlation: -0.4186 (0.3221)
Z-score: -1.2997
P: 0.1937

Computing rg for phenotype 14/19
Reading summary statistics from /projects/pfenninggroup/machineLearningForComputationalBiology/addiction_gwas_enrichment/gwas_enrichment/gwas_sumstats/OpioidDep-Cheng_2018.sumstats.gz ...
Read summary statistics for 1215001 SNPs.
After merging with summary statistics, 96488 SNPs remain.
95643 SNPs with valid alleles.
WARNING: number of SNPs less than 200k; this is almost always bad.

Heritability of phenotype 14/19
-------------------------------
Total Observed scale h2: -0.0769 (0.1825)
Lambda GC: 1.0225
Mean Chi^2: 1.0231
Intercept: 1.0335 (0.0188)
Ratio: 1.4506 (0.8136)

Genetic Covariance
------------------
Total Observed scale gencov: 0.0043 (0.0279)
Mean z1*z2: 0.0151
Intercept: 0.0106 (0.019)

Genetic Correlation
-------------------
Genetic Correlation: nan (nan) (h2  out of bounds) 
Z-score: nan (nan) (h2  out of bounds)
P: nan (nan) (h2  out of bounds)
WARNING: One of the h2's was out of bounds.
This usually indicates a data-munging error or that h2 or N is low.

Computing rg for phenotype 15/19
Reading summary statistics from /projects/pfenninggroup/machineLearningForComputationalBiology/addiction_gwas_enrichment/gwas_enrichment/gwas_sumstats/RiskyBehavior-Linner_2019.sumstats.gz ...
Read summary statistics for 1215001 SNPs.
After merging with summary statistics, 96488 SNPs remain.
96099 SNPs with valid alleles.
WARNING: number of SNPs less than 200k; this is almost always bad.

Heritability of phenotype 15/19
-------------------------------
Total Observed scale h2: 0.1114 (0.0107)
Lambda GC: 1.5883
Mean Chi^2: 1.7259
Intercept: 1.0124 (0.0346)
Ratio: 0.0171 (0.0476)

Genetic Covariance
------------------
Total Observed scale gencov: 0.0116 (0.0067)
Mean z1*z2: 0.1109
Intercept: 0.0051 (0.0241)

Genetic Correlation
-------------------
Genetic Correlation: 0.1293 (0.0747)
Z-score: 1.7302
P: 0.0836

Computing rg for phenotype 16/19
Reading summary statistics from /projects/pfenninggroup/machineLearningForComputationalBiology/addiction_gwas_enrichment/gwas_enrichment/gwas_sumstats/Schizophrenia-PGC_2014.sumstats.gz ...
Read summary statistics for 1215001 SNPs.
After merging with summary statistics, 96488 SNPs remain.
91582 SNPs with valid alleles.
WARNING: number of SNPs less than 200k; this is almost always bad.

Heritability of phenotype 16/19
-------------------------------
Total Observed scale h2: 0.5175 (0.0619)
Lambda GC: 1.6448
Mean Chi^2: 1.9163
Intercept: 1.0135 (0.0454)
Ratio: 0.0147 (0.0495)

Genetic Covariance
------------------
Total Observed scale gencov: -0.0147 (0.0153)
Mean z1*z2: -0.0078
Intercept: 0.0576 (0.0297)

Genetic Correlation
-------------------
Genetic Correlation: -0.074 (0.0767)
Z-score: -0.9651
P: 0.3345

Computing rg for phenotype 17/19
Reading summary statistics from /projects/pfenninggroup/machineLearningForComputationalBiology/addiction_gwas_enrichment/gwas_enrichment/gwas_sumstats/SleepDuration-Dashti_2019.sumstats.gz ...
Read summary statistics for 1215001 SNPs.
After merging with summary statistics, 96488 SNPs remain.
96455 SNPs with valid alleles.
WARNING: number of SNPs less than 200k; this is almost always bad.

Heritability of phenotype 17/19
-------------------------------
Total Observed scale h2: 0.0595 (0.0077)
Lambda GC: 1.4926
Mean Chi^2: 1.6003
Intercept: 1.0675 (0.0371)
Ratio: 0.1125 (0.0618)

Genetic Covariance
------------------
Total Observed scale gencov: 0.0194 (0.0058)
Mean z1*z2: 0.2369
Intercept: 0.0645 (0.024)

Genetic Correlation
-------------------
Genetic Correlation: 0.2978 (0.083)
Z-score: 3.5881
P: 0.0003

Computing rg for phenotype 18/19
Reading summary statistics from /projects/pfenninggroup/machineLearningForComputationalBiology/addiction_gwas_enrichment/gwas_enrichment/gwas_sumstats/SmokingCessation-Liu_2019.sumstats.gz ...
Read summary statistics for 1215001 SNPs.
After merging with summary statistics, 96488 SNPs remain.
96068 SNPs with valid alleles.
WARNING: number of SNPs less than 200k; this is almost always bad.

Heritability of phenotype 18/19
-------------------------------
Total Observed scale h2: 0.0432 (0.007)
Lambda GC: 1.2038
Mean Chi^2: 1.201
Intercept: 0.9368 (0.0237)
Ratio < 0 (usually indicates GC correction).

Genetic Covariance
------------------
Total Observed scale gencov: -0.0219 (0.0048)
Mean z1*z2: -0.1664
Intercept: -0.01 (0.0181)

Genetic Correlation
-------------------
Genetic Correlation: -0.3908 (0.0849)
Z-score: -4.6026
P: 4.1733e-06

Computing rg for phenotype 19/19
Reading summary statistics from /projects/pfenninggroup/machineLearningForComputationalBiology/addiction_gwas_enrichment/gwas_enrichment/gwas_sumstats/SmokingInitiation-Liu_2019.sumstats.gz ...
Read summary statistics for 1215001 SNPs.
After merging with summary statistics, 96488 SNPs remain.
95718 SNPs with valid alleles.
WARNING: number of SNPs less than 200k; this is almost always bad.

Heritability of phenotype 19/19
-------------------------------
Total Observed scale h2: 0.0677 (0.0072)
Lambda GC: 1.4673
Mean Chi^2: 1.793
Intercept: 0.8937 (0.0357)
Ratio < 0 (usually indicates GC correction).

Genetic Covariance
------------------
Total Observed scale gencov: -0.0217 (0.0053)
Mean z1*z2: -0.2621
Intercept: -0.027 (0.0238)

Genetic Correlation
-------------------
Genetic Correlation: -0.3093 (0.071)
Z-score: -4.3558
P: 1.3258e-05


Summary of Genetic Correlation Results
p1                                                                                                                                                             p2       rg         se          z          p  h2_obs  h2_obs_se  h2_int  h2_int_se  gcov_int  gcov_int_se
/projects/pfenninggroup/machineLearningForComputationalBiology/addiction_gwas_enrichment/gwas_enrichment/gwas_sumstats/ChronicPain-Johnston_2019.sumstats.gz    /projects/pfenninggroup/machineLearningForComputationalBiology/addiction_gwas_enrichment/gwas_enrichment/gwas_sumstats/AgeOfInitiation-Liu_2019.sumstats.gz   0.3239    0.08674      3.734  0.0001884  0.0465     0.0072  0.9651     0.0235    0.0535       0.0178
/projects/pfenninggroup/machineLearningForComputationalBiology/addiction_gwas_enrichment/gwas_enrichment/gwas_sumstats/ChronicPain-Johnston_2019.sumstats.gz               /projects/pfenninggroup/machineLearningForComputationalBiology/addiction_gwas_enrichment/gwas_enrichment/gwas_sumstats/BMD-Kemp_2017.sumstats.gz -0.03355    0.06043    -0.5552     0.5788  0.3188     0.0551  1.1644     0.1207    0.0198       0.0221
/projects/pfenninggroup/machineLearningForComputationalBiology/addiction_gwas_enrichment/gwas_enrichment/gwas_sumstats/ChronicPain-Johnston_2019.sumstats.gz             /projects/pfenninggroup/machineLearningForComputationalBiology/addiction_gwas_enrichment/gwas_enrichment/gwas_sumstats/CAD-Howson_2017.sumstats.gz   0.4986     0.2356      2.117     0.0343  0.0401     0.0227  1.0530     0.0267   -0.0132       0.0237
/projects/pfenninggroup/machineLearningForComputationalBiology/addiction_gwas_enrichment/gwas_enrichment/gwas_sumstats/ChronicPain-Johnston_2019.sumstats.gz        /projects/pfenninggroup/machineLearningForComputationalBiology/addiction_gwas_enrichment/gwas_enrichment/gwas_sumstats/Cannabis-Pasman_2018.sumstats.gz -0.05031     0.1301    -0.3865     0.6991  0.1462     0.0391  1.0181     0.0301   -0.0114       0.0233
/projects/pfenninggroup/machineLearningForComputationalBiology/addiction_gwas_enrichment/gwas_enrichment/gwas_sumstats/ChronicPain-Johnston_2019.sumstats.gz   /projects/pfenninggroup/machineLearningForComputationalBiology/addiction_gwas_enrichment/gwas_enrichment/gwas_sumstats/ChronicPain-Johnston_2019.sumstats.gz        1  1.316e-05  7.601e+04          0  0.0714     0.0090  1.0590     0.0361    1.0590       0.0361
/projects/pfenninggroup/machineLearningForComputationalBiology/addiction_gwas_enrichment/gwas_enrichment/gwas_sumstats/ChronicPain-Johnston_2019.sumstats.gz   /projects/pfenninggroup/machineLearningForComputationalBiology/addiction_gwas_enrichment/gwas_enrichment/gwas_sumstats/CigarettesPerDay-Liu_2019.sumstats.gz  -0.4756    0.08201       -5.8  6.639e-09  0.0662     0.0085  0.9733     0.0267    0.0013       0.0211
/projects/pfenninggroup/machineLearningForComputationalBiology/addiction_gwas_enrichment/gwas_enrichment/gwas_sumstats/ChronicPain-Johnston_2019.sumstats.gz   /projects/pfenninggroup/machineLearningForComputationalBiology/addiction_gwas_enrichment/gwas_enrichment/gwas_sumstats/CocaineDep-Dominguez_2019.sumstats.gz   0.2341     0.1433      1.633     0.1025  0.7089     0.2432  0.9949     0.0205    0.0008       0.0189
/projects/pfenninggroup/machineLearningForComputationalBiology/addiction_gwas_enrichment/gwas_enrichment/gwas_sumstats/ChronicPain-Johnston_2019.sumstats.gz  /projects/pfenninggroup/machineLearningForComputationalBiology/addiction_gwas_enrichment/gwas_enrichment/gwas_sumstats/CoffeePerDay-Cornelis_2015.sumstats.gz -0.02946     0.1829    -0.1611      0.872  0.0351     0.0200  1.0026     0.0258    0.0150       0.0213
/projects/pfenninggroup/machineLearningForComputationalBiology/addiction_gwas_enrichment/gwas_enrichment/gwas_sumstats/ChronicPain-Johnston_2019.sumstats.gz      /projects/pfenninggroup/machineLearningForComputationalBiology/addiction_gwas_enrichment/gwas_enrichment/gwas_sumstats/DrinksPerWeek-Liu_2019.sumstats.gz  -0.1347    0.08954     -1.505     0.1324  0.0400     0.0050  0.9389     0.0258    0.0543       0.0224
/projects/pfenninggroup/machineLearningForComputationalBiology/addiction_gwas_enrichment/gwas_enrichment/gwas_sumstats/ChronicPain-Johnston_2019.sumstats.gz          /projects/pfenninggroup/machineLearningForComputationalBiology/addiction_gwas_enrichment/gwas_enrichment/gwas_sumstats/EduAttain-Lee_2018.sumstats.gz  -0.4414    0.05483      -8.05  8.276e-16  0.0754     0.0071  0.9971     0.0547   -0.0671       0.0284
/projects/pfenninggroup/machineLearningForComputationalBiology/addiction_gwas_enrichment/gwas_enrichment/gwas_sumstats/ChronicPain-Johnston_2019.sumstats.gz          /projects/pfenninggroup/machineLearningForComputationalBiology/addiction_gwas_enrichment/gwas_enrichment/gwas_sumstats/LBM-Zillikens_2017.sumstats.gz   0.0117     0.1761    0.06641     0.9471  0.0985     0.0504  0.9875     0.0254    0.0146       0.0228
/projects/pfenninggroup/machineLearningForComputationalBiology/addiction_gwas_enrichment/gwas_enrichment/gwas_sumstats/ChronicPain-Johnston_2019.sumstats.gz              /projects/pfenninggroup/machineLearningForComputationalBiology/addiction_gwas_enrichment/gwas_enrichment/gwas_sumstats/OCD-IOCDF_2017.sumstats.gz  -0.4186     0.3221       -1.3     0.1937  0.1646     0.1757  0.9942     0.0248    0.0253       0.0211
/projects/pfenninggroup/machineLearningForComputationalBiology/addiction_gwas_enrichment/gwas_enrichment/gwas_sumstats/ChronicPain-Johnston_2019.sumstats.gz        /projects/pfenninggroup/machineLearningForComputationalBiology/addiction_gwas_enrichment/gwas_enrichment/gwas_sumstats/OpioidDep-Cheng_2018.sumstats.gz       NA         NA         NA         NA -0.0769     0.1825  1.0335     0.0188    0.0106       0.0190
/projects/pfenninggroup/machineLearningForComputationalBiology/addiction_gwas_enrichment/gwas_enrichment/gwas_sumstats/ChronicPain-Johnston_2019.sumstats.gz   /projects/pfenninggroup/machineLearningForComputationalBiology/addiction_gwas_enrichment/gwas_enrichment/gwas_sumstats/RiskyBehavior-Linner_2019.sumstats.gz   0.1293    0.07471       1.73     0.0836  0.1114     0.0107  1.0124     0.0346    0.0051       0.0241
/projects/pfenninggroup/machineLearningForComputationalBiology/addiction_gwas_enrichment/gwas_enrichment/gwas_sumstats/ChronicPain-Johnston_2019.sumstats.gz      /projects/pfenninggroup/machineLearningForComputationalBiology/addiction_gwas_enrichment/gwas_enrichment/gwas_sumstats/Schizophrenia-PGC_2014.sumstats.gz -0.07401    0.07669    -0.9651     0.3345  0.5175     0.0619  1.0135     0.0454    0.0576       0.0297
/projects/pfenninggroup/machineLearningForComputationalBiology/addiction_gwas_enrichment/gwas_enrichment/gwas_sumstats/ChronicPain-Johnston_2019.sumstats.gz   /projects/pfenninggroup/machineLearningForComputationalBiology/addiction_gwas_enrichment/gwas_enrichment/gwas_sumstats/SleepDuration-Dashti_2019.sumstats.gz   0.2978    0.08299      3.588   0.000333  0.0595     0.0077  1.0675     0.0371    0.0645       0.0240
/projects/pfenninggroup/machineLearningForComputationalBiology/addiction_gwas_enrichment/gwas_enrichment/gwas_sumstats/ChronicPain-Johnston_2019.sumstats.gz   /projects/pfenninggroup/machineLearningForComputationalBiology/addiction_gwas_enrichment/gwas_enrichment/gwas_sumstats/SmokingCessation-Liu_2019.sumstats.gz  -0.3908     0.0849     -4.603  4.173e-06  0.0432     0.0070  0.9368     0.0237   -0.0100       0.0181
/projects/pfenninggroup/machineLearningForComputationalBiology/addiction_gwas_enrichment/gwas_enrichment/gwas_sumstats/ChronicPain-Johnston_2019.sumstats.gz  /projects/pfenninggroup/machineLearningForComputationalBiology/addiction_gwas_enrichment/gwas_enrichment/gwas_sumstats/SmokingInitiation-Liu_2019.sumstats.gz  -0.3093    0.07101     -4.356  1.326e-05  0.0677     0.0072  0.8937     0.0357   -0.0270       0.0238

Analysis finished at Mon Jun  1 01:15:49 2020
Total time elapsed: 1.0m:41.87s
