*********************************************************************
* LD Score Regression (LDSC)
* Version 1.0.1
* (C) 2014-2019 Brendan Bulik-Sullivan and Hilary Finucane
* Broad Institute of MIT and Harvard / MIT Department of Mathematics
* GNU General Public License v3
*********************************************************************
Call: 
./ldsc.py \
--ref-ld-chr /projects/pfenninggroup/machineLearningForComputationalBiology/gwasEnrichments/background/eur_w_ld_chr/ \
--out tables/p1_LBM-Zillikens_2017_correlation \
--rg /projects/pfenninggroup/machineLearningForComputationalBiology/addiction_gwas_enrichment/gwas_enrichment/gwas_sumstats/LBM-Zillikens_2017.sumstats.gz,/projects/pfenninggroup/machineLearningForComputationalBiology/addiction_gwas_enrichment/gwas_enrichment/gwas_sumstats/AgeOfInitiation-Liu_2019.sumstats.gz,/projects/pfenninggroup/machineLearningForComputationalBiology/addiction_gwas_enrichment/gwas_enrichment/gwas_sumstats/BMD-Kemp_2017.sumstats.gz,/projects/pfenninggroup/machineLearningForComputationalBiology/addiction_gwas_enrichment/gwas_enrichment/gwas_sumstats/CAD-Howson_2017.sumstats.gz,/projects/pfenninggroup/machineLearningForComputationalBiology/addiction_gwas_enrichment/gwas_enrichment/gwas_sumstats/Cannabis-Pasman_2018.sumstats.gz,/projects/pfenninggroup/machineLearningForComputationalBiology/addiction_gwas_enrichment/gwas_enrichment/gwas_sumstats/ChronicPain-Johnston_2019.sumstats.gz,/projects/pfenninggroup/machineLearningForComputationalBiology/addiction_gwas_enrichment/gwas_enrichment/gwas_sumstats/CigarettesPerDay-Liu_2019.sumstats.gz,/projects/pfenninggroup/machineLearningForComputationalBiology/addiction_gwas_enrichment/gwas_enrichment/gwas_sumstats/CocaineDep-Dominguez_2019.sumstats.gz,/projects/pfenninggroup/machineLearningForComputationalBiology/addiction_gwas_enrichment/gwas_enrichment/gwas_sumstats/CoffeePerDay-Cornelis_2015.sumstats.gz,/projects/pfenninggroup/machineLearningForComputationalBiology/addiction_gwas_enrichment/gwas_enrichment/gwas_sumstats/DrinksPerWeek-Liu_2019.sumstats.gz,/projects/pfenninggroup/machineLearningForComputationalBiology/addiction_gwas_enrichment/gwas_enrichment/gwas_sumstats/EduAttain-Lee_2018.sumstats.gz,/projects/pfenninggroup/machineLearningForComputationalBiology/addiction_gwas_enrichment/gwas_enrichment/gwas_sumstats/LBM-Zillikens_2017.sumstats.gz,/projects/pfenninggroup/machineLearningForComputationalBiology/addiction_gwas_enrichment/gwas_enrichment/gwas_sumstats/OCD-IOCDF_2017.sumstats.gz,/projects/pfenninggroup/machineLearningForComputationalBiology/addiction_gwas_enrichment/gwas_enrichment/gwas_sumstats/OpioidDep-Cheng_2018.sumstats.gz,/projects/pfenninggroup/machineLearningForComputationalBiology/addiction_gwas_enrichment/gwas_enrichment/gwas_sumstats/RiskyBehavior-Linner_2019.sumstats.gz,/projects/pfenninggroup/machineLearningForComputationalBiology/addiction_gwas_enrichment/gwas_enrichment/gwas_sumstats/Schizophrenia-PGC_2014.sumstats.gz,/projects/pfenninggroup/machineLearningForComputationalBiology/addiction_gwas_enrichment/gwas_enrichment/gwas_sumstats/SleepDuration-Dashti_2019.sumstats.gz,/projects/pfenninggroup/machineLearningForComputationalBiology/addiction_gwas_enrichment/gwas_enrichment/gwas_sumstats/SmokingCessation-Liu_2019.sumstats.gz,/projects/pfenninggroup/machineLearningForComputationalBiology/addiction_gwas_enrichment/gwas_enrichment/gwas_sumstats/SmokingInitiation-Liu_2019.sumstats.gz \
--w-ld-chr /projects/pfenninggroup/machineLearningForComputationalBiology/gwasEnrichments/background/eur_w_ld_chr/ 

Beginning analysis at Mon Jun  1 01:14:06 2020
Reading summary statistics from /projects/pfenninggroup/machineLearningForComputationalBiology/addiction_gwas_enrichment/gwas_enrichment/gwas_sumstats/LBM-Zillikens_2017.sumstats.gz ...
Read summary statistics for 1028736 SNPs.
Reading reference panel LD Score from /projects/pfenninggroup/machineLearningForComputationalBiology/gwasEnrichments/background/eur_w_ld_chr/[1-22] ...
Read reference panel LD Scores for 1290028 SNPs.
Removing partitioned LD Scores with zero variance.
Reading regression weight LD Score from /projects/pfenninggroup/machineLearningForComputationalBiology/gwasEnrichments/background/eur_w_ld_chr/[1-22] ...
Read regression weight LD Scores for 1290028 SNPs.
After merging with reference panel LD, 1026562 SNPs remain.
After merging with regression SNP LD, 1026562 SNPs remain.
Computing rg for phenotype 2/19
Reading summary statistics from /projects/pfenninggroup/machineLearningForComputationalBiology/addiction_gwas_enrichment/gwas_enrichment/gwas_sumstats/AgeOfInitiation-Liu_2019.sumstats.gz ...
Read summary statistics for 1215001 SNPs.
After merging with summary statistics, 1026562 SNPs remain.
1017831 SNPs with valid alleles.

Heritability of phenotype 1
---------------------------
Total Observed scale h2: 0.1305 (0.0153)
Lambda GC: 1.0864
Mean Chi^2: 1.0994
Intercept: 0.9995 (0.0078)
Ratio < 0 (usually indicates GC correction).

Heritability of phenotype 2/19
------------------------------
Total Observed scale h2: 0.0491 (0.0031)
Lambda GC: 1.2005
Mean Chi^2: 1.2244
Intercept: 0.9704 (0.0089)
Ratio < 0 (usually indicates GC correction).

Genetic Covariance
------------------
Total Observed scale gencov: 0.0044 (0.0046)
Mean z1*z2: 0.0078
Intercept: -0.0022 (0.0057)

Genetic Correlation
-------------------
Genetic Correlation: 0.055 (0.0576)
Z-score: 0.9542
P: 0.34

Computing rg for phenotype 3/19
Reading summary statistics from /projects/pfenninggroup/machineLearningForComputationalBiology/addiction_gwas_enrichment/gwas_enrichment/gwas_sumstats/BMD-Kemp_2017.sumstats.gz ...
Read summary statistics for 1215001 SNPs.
After merging with summary statistics, 1026562 SNPs remain.
1015454 SNPs with valid alleles.

Heritability of phenotype 3/19
------------------------------
Total Observed scale h2: 0.3905 (0.0386)
Lambda GC: 1.4926
Mean Chi^2: 2.1624
Intercept: 1.0381 (0.0324)
Ratio: 0.0328 (0.0279)

Genetic Covariance
------------------
Total Observed scale gencov: -0.0034 (0.0095)
Mean z1*z2: -0.0006
Intercept: 0.0093 (0.0068)

Genetic Correlation
-------------------
Genetic Correlation: -0.0152 (0.0426)
Z-score: -0.3574
P: 0.7208

Computing rg for phenotype 4/19
Reading summary statistics from /projects/pfenninggroup/machineLearningForComputationalBiology/addiction_gwas_enrichment/gwas_enrichment/gwas_sumstats/CAD-Howson_2017.sumstats.gz ...
Read summary statistics for 1215001 SNPs.
After merging with summary statistics, 1026562 SNPs remain.
930551 SNPs with valid alleles.

Heritability of phenotype 4/19
------------------------------
Total Observed scale h2: 0.073 (0.0097)
Lambda GC: 1.105
Mean Chi^2: 1.1453
Intercept: 1.0254 (0.0095)
Ratio: 0.175 (0.0651)

Genetic Covariance
------------------
Total Observed scale gencov: -0.0009 (0.0083)
Mean z1*z2: -0.0047
Intercept: -0.0024 (0.0058)

Genetic Correlation
-------------------
Genetic Correlation: -0.0096 (0.0848)
Z-score: -0.1128
P: 0.9102

Computing rg for phenotype 5/19
Reading summary statistics from /projects/pfenninggroup/machineLearningForComputationalBiology/addiction_gwas_enrichment/gwas_enrichment/gwas_sumstats/Cannabis-Pasman_2018.sumstats.gz ...
Read summary statistics for 1215001 SNPs.
After merging with summary statistics, 1026562 SNPs remain.
964381 SNPs with valid alleles.

Heritability of phenotype 5/19
------------------------------
Total Observed scale h2: 0.187 (0.0133)
Lambda GC: 1.1973
Mean Chi^2: 1.2249
Intercept: 1.0021 (0.0089)
Ratio: 0.0092 (0.0394)

Genetic Covariance
------------------
Total Observed scale gencov: 0.0111 (0.009)
Mean z1*z2: 0.002
Intercept: -0.0101 (0.0056)

Genetic Correlation
-------------------
Genetic Correlation: 0.07 (0.0567)
Z-score: 1.2333
P: 0.2175

Computing rg for phenotype 6/19
Reading summary statistics from /projects/pfenninggroup/machineLearningForComputationalBiology/addiction_gwas_enrichment/gwas_enrichment/gwas_sumstats/ChronicPain-Johnston_2019.sumstats.gz ...
Read summary statistics for 1215001 SNPs.
After merging with summary statistics, 1026562 SNPs remain.
81784 SNPs with valid alleles.
WARNING: number of SNPs less than 200k; this is almost always bad.

Heritability of phenotype 6/19
------------------------------
Total Observed scale h2: 0.0798 (0.0095)
Lambda GC: 1.4926
Mean Chi^2: 1.647
Intercept: 0.9978 (0.04)
Ratio < 0 (usually indicates GC correction).

Genetic Covariance
------------------
Total Observed scale gencov: 0.001 (0.0153)
Mean z1*z2: 0.0192
Intercept: 0.0146 (0.0228)

Genetic Correlation
-------------------
Genetic Correlation: 0.0117 (0.1761)
Z-score: 0.0664
P: 0.9471

Computing rg for phenotype 7/19
Reading summary statistics from /projects/pfenninggroup/machineLearningForComputationalBiology/addiction_gwas_enrichment/gwas_enrichment/gwas_sumstats/CigarettesPerDay-Liu_2019.sumstats.gz ...
Read summary statistics for 1215001 SNPs.
After merging with summary statistics, 1026562 SNPs remain.
1017802 SNPs with valid alleles.

Heritability of phenotype 7/19
------------------------------
Total Observed scale h2: 0.0751 (0.0104)
Lambda GC: 1.2267
Mean Chi^2: 1.3365
Intercept: 0.9457 (0.0178)
Ratio < 0 (usually indicates GC correction).

Genetic Covariance
------------------
Total Observed scale gencov: -0.0008 (0.0046)
Mean z1*z2: -0.0149
Intercept: -0.0116 (0.0057)

Genetic Correlation
-------------------
Genetic Correlation: -0.0076 (0.0466)
Z-score: -0.163
P: 0.8705

Computing rg for phenotype 8/19
Reading summary statistics from /projects/pfenninggroup/machineLearningForComputationalBiology/addiction_gwas_enrichment/gwas_enrichment/gwas_sumstats/CocaineDep-Dominguez_2019.sumstats.gz ...
Read summary statistics for 1215001 SNPs.
After merging with summary statistics, 1026562 SNPs remain.
1014793 SNPs with valid alleles.

Heritability of phenotype 8/19
------------------------------
Total Observed scale h2: 0.3914 (0.0855)
Lambda GC: 1.0618
Mean Chi^2: 1.0707
Intercept: 1.022 (0.0078)
Ratio: 0.3109 (0.1105)

Genetic Covariance
------------------
Total Observed scale gencov: -0.0384 (0.0262)
Mean z1*z2: -0.0097
Intercept: 0.0019 (0.0053)

Genetic Correlation
-------------------
Genetic Correlation: -0.1707 (0.1158)
Z-score: -1.4746
P: 0.1403

Computing rg for phenotype 9/19
Reading summary statistics from /projects/pfenninggroup/machineLearningForComputationalBiology/addiction_gwas_enrichment/gwas_enrichment/gwas_sumstats/CoffeePerDay-Cornelis_2015.sumstats.gz ...
Read summary statistics for 1215001 SNPs.
After merging with summary statistics, 1026562 SNPs remain.
1013503 SNPs with valid alleles.

Heritability of phenotype 9/19
------------------------------
Total Observed scale h2: 0.0477 (0.0095)
Lambda GC: 1.0618
Mean Chi^2: 1.0855
Intercept: 0.9964 (0.0091)
Ratio < 0 (usually indicates GC correction).

Genetic Covariance
------------------
Total Observed scale gencov: 0.0168 (0.0064)
Mean z1*z2: 0.0313
Intercept: 0.0119 (0.0051)

Genetic Correlation
-------------------
Genetic Correlation: 0.2116 (0.0832)
Z-score: 2.5425
P: 0.011

Computing rg for phenotype 10/19
Reading summary statistics from /projects/pfenninggroup/machineLearningForComputationalBiology/addiction_gwas_enrichment/gwas_enrichment/gwas_sumstats/DrinksPerWeek-Liu_2019.sumstats.gz ...
Read summary statistics for 1215001 SNPs.
After merging with summary statistics, 1026562 SNPs remain.
1017712 SNPs with valid alleles.

Heritability of phenotype 10/19
-------------------------------
Total Observed scale h2: 0.0491 (0.0023)
Lambda GC: 1.3272
Mean Chi^2: 1.4558
Intercept: 0.9194 (0.0105)
Ratio < 0 (usually indicates GC correction).

Genetic Covariance
------------------
Total Observed scale gencov: 0.0068 (0.0034)
Mean z1*z2: 0.0042
Intercept: -0.0097 (0.006)

Genetic Correlation
-------------------
Genetic Correlation: 0.0846 (0.0423)
Z-score: 2.0019
P: 0.0453

Computing rg for phenotype 11/19
Reading summary statistics from /projects/pfenninggroup/machineLearningForComputationalBiology/addiction_gwas_enrichment/gwas_enrichment/gwas_sumstats/EduAttain-Lee_2018.sumstats.gz ...
Read summary statistics for 1215001 SNPs.
After merging with summary statistics, 1026562 SNPs remain.
1016723 SNPs with valid alleles.

Heritability of phenotype 11/19
-------------------------------
Total Observed scale h2: 0.0749 (0.0023)
Lambda GC: 2.1372
Mean Chi^2: 2.6879
Intercept: 0.9981 (0.0198)
Ratio < 0 (usually indicates GC correction).

Genetic Covariance
------------------
Total Observed scale gencov: 0.0004 (0.0033)
Mean z1*z2: -0.0004
Intercept: -0.0093 (0.0071)

Genetic Correlation
-------------------
Genetic Correlation: 0.0039 (0.0334)
Z-score: 0.1177
P: 0.9063

Computing rg for phenotype 12/19
Reading summary statistics from /projects/pfenninggroup/machineLearningForComputationalBiology/addiction_gwas_enrichment/gwas_enrichment/gwas_sumstats/LBM-Zillikens_2017.sumstats.gz ...
Read summary statistics for 1215001 SNPs.
After merging with summary statistics, 1026562 SNPs remain.
1026562 SNPs with valid alleles.

Heritability of phenotype 12/19
-------------------------------
Total Observed scale h2: 0.13 (0.0151)
Lambda GC: 1.0864
Mean Chi^2: 1.0993
Intercept: 0.9998 (0.0078)
Ratio < 0 (usually indicates GC correction).

Genetic Covariance
------------------
Total Observed scale gencov: 0.13 (0.0151)
Mean z1*z2: 1.0993
Intercept: 0.9998 (0.0078)

Genetic Correlation
-------------------
Genetic Correlation: 1. (1.1984e-05)
Z-score: 83439.8717
P: 0.

Computing rg for phenotype 13/19
Reading summary statistics from /projects/pfenninggroup/machineLearningForComputationalBiology/addiction_gwas_enrichment/gwas_enrichment/gwas_sumstats/OCD-IOCDF_2017.sumstats.gz ...
Read summary statistics for 1215001 SNPs.
After merging with summary statistics, 1026562 SNPs remain.
980870 SNPs with valid alleles.

Heritability of phenotype 13/19
-------------------------------
Total Observed scale h2: 0.3242 (0.052)
Lambda GC: 1.0527
Mean Chi^2: 1.0564
Intercept: 0.9919 (0.0074)
Ratio < 0 (usually indicates GC correction).

Genetic Covariance
------------------
Total Observed scale gencov: -0.0291 (0.0219)
Mean z1*z2: -0.0054
Intercept: 0.005 (0.0055)

Genetic Correlation
-------------------
Genetic Correlation: -0.1381 (0.1056)
Z-score: -1.3076
P: 0.191

Computing rg for phenotype 14/19
Reading summary statistics from /projects/pfenninggroup/machineLearningForComputationalBiology/addiction_gwas_enrichment/gwas_enrichment/gwas_sumstats/OpioidDep-Cheng_2018.sumstats.gz ...
Read summary statistics for 1215001 SNPs.
After merging with summary statistics, 1026562 SNPs remain.
1019290 SNPs with valid alleles.

Heritability of phenotype 14/19
-------------------------------
Total Observed scale h2: 0.0439 (0.0596)
Lambda GC: 1.0405
Mean Chi^2: 1.0319
Intercept: 1.026 (0.0061)
Ratio: 0.8151 (0.192)

Genetic Covariance
------------------
Total Observed scale gencov: 0.0006 (0.0208)
Mean z1*z2: 0.0072
Intercept: 0.0067 (0.0047)

Genetic Correlation
-------------------
Genetic Correlation: 0.0082 (0.277)
Z-score: 0.0297
P: 0.9763

Computing rg for phenotype 15/19
Reading summary statistics from /projects/pfenninggroup/machineLearningForComputationalBiology/addiction_gwas_enrichment/gwas_enrichment/gwas_sumstats/RiskyBehavior-Linner_2019.sumstats.gz ...
Read summary statistics for 1215001 SNPs.
After merging with summary statistics, 1026562 SNPs remain.
1021854 SNPs with valid alleles.

Heritability of phenotype 15/19
-------------------------------
Total Observed scale h2: 0.1131 (0.0049)
Lambda GC: 1.5217
Mean Chi^2: 1.7353
Intercept: 1.0125 (0.0133)
Ratio: 0.017 (0.018)

Genetic Covariance
------------------
Total Observed scale gencov: 0.0075 (0.0047)
Mean z1*z2: 0.0282
Intercept: 0.0087 (0.006)

Genetic Correlation
-------------------
Genetic Correlation: 0.0618 (0.0389)
Z-score: 1.5883
P: 0.1122

Computing rg for phenotype 16/19
Reading summary statistics from /projects/pfenninggroup/machineLearningForComputationalBiology/addiction_gwas_enrichment/gwas_enrichment/gwas_sumstats/Schizophrenia-PGC_2014.sumstats.gz ...
Read summary statistics for 1215001 SNPs.
After merging with summary statistics, 1026562 SNPs remain.
998217 SNPs with valid alleles.

Heritability of phenotype 16/19
-------------------------------
Total Observed scale h2: 0.4671 (0.0183)
Lambda GC: 1.592
Mean Chi^2: 1.7808
Intercept: 1.0432 (0.0128)
Ratio: 0.0553 (0.0164)

Genetic Covariance
------------------
Total Observed scale gencov: -0.0175 (0.0111)
Mean z1*z2: -0.0204
Intercept: 0.0008 (0.0068)

Genetic Correlation
-------------------
Genetic Correlation: -0.0703 (0.0442)
Z-score: -1.592
P: 0.1114

Computing rg for phenotype 17/19
Reading summary statistics from /projects/pfenninggroup/machineLearningForComputationalBiology/addiction_gwas_enrichment/gwas_enrichment/gwas_sumstats/SleepDuration-Dashti_2019.sumstats.gz ...
Read summary statistics for 1215001 SNPs.
After merging with summary statistics, 1026562 SNPs remain.
1022595 SNPs with valid alleles.

Heritability of phenotype 17/19
-------------------------------
Total Observed scale h2: 0.0684 (0.0029)
Lambda GC: 1.4926
Mean Chi^2: 1.6358
Intercept: 1.0249 (0.0111)
Ratio: 0.0392 (0.0174)

Genetic Covariance
------------------
Total Observed scale gencov: 0.0093 (0.0041)
Mean z1*z2: 0.0301
Intercept: 0.0055 (0.0062)

Genetic Correlation
-------------------
Genetic Correlation: 0.0984 (0.0428)
Z-score: 2.2977
P: 0.0216

Computing rg for phenotype 18/19
Reading summary statistics from /projects/pfenninggroup/machineLearningForComputationalBiology/addiction_gwas_enrichment/gwas_enrichment/gwas_sumstats/SmokingCessation-Liu_2019.sumstats.gz ...
Read summary statistics for 1215001 SNPs.
After merging with summary statistics, 1026562 SNPs remain.
1021590 SNPs with valid alleles.

Heritability of phenotype 18/19
-------------------------------
Total Observed scale h2: 0.0319 (0.0023)
Lambda GC: 1.1523
Mean Chi^2: 1.1791
Intercept: 0.9786 (0.0087)
Ratio < 0 (usually indicates GC correction).

Genetic Covariance
------------------
Total Observed scale gencov: 0.0037 (0.0039)
Mean z1*z2: 0.0032
Intercept: -0.0041 (0.0054)

Genetic Correlation
-------------------
Genetic Correlation: 0.0566 (0.0611)
Z-score: 0.927
P: 0.3539

Computing rg for phenotype 19/19
Reading summary statistics from /projects/pfenninggroup/machineLearningForComputationalBiology/addiction_gwas_enrichment/gwas_enrichment/gwas_sumstats/SmokingInitiation-Liu_2019.sumstats.gz ...
Read summary statistics for 1215001 SNPs.
After merging with summary statistics, 1026562 SNPs remain.
1005338 SNPs with valid alleles.

Heritability of phenotype 19/19
-------------------------------
Total Observed scale h2: 0.0687 (0.0025)
Lambda GC: 1.5181
Mean Chi^2: 1.764
Intercept: 0.8927 (0.0123)
Ratio < 0 (usually indicates GC correction).

Genetic Covariance
------------------
Total Observed scale gencov: -0.0041 (0.0037)
Mean z1*z2: -0.0194
Intercept: -0.0056 (0.0057)

Genetic Correlation
-------------------
Genetic Correlation: -0.0428 (0.0393)
Z-score: -1.0894
P: 0.276


Summary of Genetic Correlation Results
p1                                                                                                                                                             p2      rg          se           z       p  h2_obs  h2_obs_se  h2_int  h2_int_se  gcov_int  gcov_int_se
/projects/pfenninggroup/machineLearningForComputationalBiology/addiction_gwas_enrichment/gwas_enrichment/gwas_sumstats/LBM-Zillikens_2017.sumstats.gz    /projects/pfenninggroup/machineLearningForComputationalBiology/addiction_gwas_enrichment/gwas_enrichment/gwas_sumstats/AgeOfInitiation-Liu_2019.sumstats.gz  0.0550  5.7593e-02      0.9542  0.3400  0.0491     0.0031  0.9704     0.0089   -0.0022       0.0057
/projects/pfenninggroup/machineLearningForComputationalBiology/addiction_gwas_enrichment/gwas_enrichment/gwas_sumstats/LBM-Zillikens_2017.sumstats.gz               /projects/pfenninggroup/machineLearningForComputationalBiology/addiction_gwas_enrichment/gwas_enrichment/gwas_sumstats/BMD-Kemp_2017.sumstats.gz -0.0152  4.2597e-02     -0.3574  0.7208  0.3905     0.0386  1.0381     0.0324    0.0093       0.0068
/projects/pfenninggroup/machineLearningForComputationalBiology/addiction_gwas_enrichment/gwas_enrichment/gwas_sumstats/LBM-Zillikens_2017.sumstats.gz             /projects/pfenninggroup/machineLearningForComputationalBiology/addiction_gwas_enrichment/gwas_enrichment/gwas_sumstats/CAD-Howson_2017.sumstats.gz -0.0096  8.4781e-02     -0.1128  0.9102  0.0730     0.0097  1.0254     0.0095   -0.0024       0.0058
/projects/pfenninggroup/machineLearningForComputationalBiology/addiction_gwas_enrichment/gwas_enrichment/gwas_sumstats/LBM-Zillikens_2017.sumstats.gz        /projects/pfenninggroup/machineLearningForComputationalBiology/addiction_gwas_enrichment/gwas_enrichment/gwas_sumstats/Cannabis-Pasman_2018.sumstats.gz  0.0700  5.6737e-02      1.2333  0.2175  0.1870     0.0133  1.0021     0.0089   -0.0101       0.0056
/projects/pfenninggroup/machineLearningForComputationalBiology/addiction_gwas_enrichment/gwas_enrichment/gwas_sumstats/LBM-Zillikens_2017.sumstats.gz   /projects/pfenninggroup/machineLearningForComputationalBiology/addiction_gwas_enrichment/gwas_enrichment/gwas_sumstats/ChronicPain-Johnston_2019.sumstats.gz  0.0117  1.7615e-01      0.0664  0.9471  0.0798     0.0095  0.9978     0.0400    0.0146       0.0228
/projects/pfenninggroup/machineLearningForComputationalBiology/addiction_gwas_enrichment/gwas_enrichment/gwas_sumstats/LBM-Zillikens_2017.sumstats.gz   /projects/pfenninggroup/machineLearningForComputationalBiology/addiction_gwas_enrichment/gwas_enrichment/gwas_sumstats/CigarettesPerDay-Liu_2019.sumstats.gz -0.0076  4.6587e-02     -0.1630  0.8705  0.0751     0.0104  0.9457     0.0178   -0.0116       0.0057
/projects/pfenninggroup/machineLearningForComputationalBiology/addiction_gwas_enrichment/gwas_enrichment/gwas_sumstats/LBM-Zillikens_2017.sumstats.gz   /projects/pfenninggroup/machineLearningForComputationalBiology/addiction_gwas_enrichment/gwas_enrichment/gwas_sumstats/CocaineDep-Dominguez_2019.sumstats.gz -0.1707  1.1579e-01     -1.4746  0.1403  0.3914     0.0855  1.0220     0.0078    0.0019       0.0053
/projects/pfenninggroup/machineLearningForComputationalBiology/addiction_gwas_enrichment/gwas_enrichment/gwas_sumstats/LBM-Zillikens_2017.sumstats.gz  /projects/pfenninggroup/machineLearningForComputationalBiology/addiction_gwas_enrichment/gwas_enrichment/gwas_sumstats/CoffeePerDay-Cornelis_2015.sumstats.gz  0.2116  8.3238e-02      2.5425  0.0110  0.0477     0.0095  0.9964     0.0091    0.0119       0.0051
/projects/pfenninggroup/machineLearningForComputationalBiology/addiction_gwas_enrichment/gwas_enrichment/gwas_sumstats/LBM-Zillikens_2017.sumstats.gz      /projects/pfenninggroup/machineLearningForComputationalBiology/addiction_gwas_enrichment/gwas_enrichment/gwas_sumstats/DrinksPerWeek-Liu_2019.sumstats.gz  0.0846  4.2269e-02      2.0019  0.0453  0.0491     0.0023  0.9194     0.0105   -0.0097       0.0060
/projects/pfenninggroup/machineLearningForComputationalBiology/addiction_gwas_enrichment/gwas_enrichment/gwas_sumstats/LBM-Zillikens_2017.sumstats.gz          /projects/pfenninggroup/machineLearningForComputationalBiology/addiction_gwas_enrichment/gwas_enrichment/gwas_sumstats/EduAttain-Lee_2018.sumstats.gz  0.0039  3.3402e-02      0.1177  0.9063  0.0749     0.0023  0.9981     0.0198   -0.0093       0.0071
/projects/pfenninggroup/machineLearningForComputationalBiology/addiction_gwas_enrichment/gwas_enrichment/gwas_sumstats/LBM-Zillikens_2017.sumstats.gz          /projects/pfenninggroup/machineLearningForComputationalBiology/addiction_gwas_enrichment/gwas_enrichment/gwas_sumstats/LBM-Zillikens_2017.sumstats.gz  1.0000  1.1984e-05  83439.8717  0.0000  0.1300     0.0151  0.9998     0.0078    0.9998       0.0078
/projects/pfenninggroup/machineLearningForComputationalBiology/addiction_gwas_enrichment/gwas_enrichment/gwas_sumstats/LBM-Zillikens_2017.sumstats.gz              /projects/pfenninggroup/machineLearningForComputationalBiology/addiction_gwas_enrichment/gwas_enrichment/gwas_sumstats/OCD-IOCDF_2017.sumstats.gz -0.1381  1.0561e-01     -1.3076  0.1910  0.3242     0.0520  0.9919     0.0074    0.0050       0.0055
/projects/pfenninggroup/machineLearningForComputationalBiology/addiction_gwas_enrichment/gwas_enrichment/gwas_sumstats/LBM-Zillikens_2017.sumstats.gz        /projects/pfenninggroup/machineLearningForComputationalBiology/addiction_gwas_enrichment/gwas_enrichment/gwas_sumstats/OpioidDep-Cheng_2018.sumstats.gz  0.0082  2.7701e-01      0.0297  0.9763  0.0439     0.0596  1.0260     0.0061    0.0067       0.0047
/projects/pfenninggroup/machineLearningForComputationalBiology/addiction_gwas_enrichment/gwas_enrichment/gwas_sumstats/LBM-Zillikens_2017.sumstats.gz   /projects/pfenninggroup/machineLearningForComputationalBiology/addiction_gwas_enrichment/gwas_enrichment/gwas_sumstats/RiskyBehavior-Linner_2019.sumstats.gz  0.0618  3.8918e-02      1.5883  0.1122  0.1131     0.0049  1.0125     0.0133    0.0087       0.0060
/projects/pfenninggroup/machineLearningForComputationalBiology/addiction_gwas_enrichment/gwas_enrichment/gwas_sumstats/LBM-Zillikens_2017.sumstats.gz      /projects/pfenninggroup/machineLearningForComputationalBiology/addiction_gwas_enrichment/gwas_enrichment/gwas_sumstats/Schizophrenia-PGC_2014.sumstats.gz -0.0703  4.4176e-02     -1.5920  0.1114  0.4671     0.0183  1.0432     0.0128    0.0008       0.0068
/projects/pfenninggroup/machineLearningForComputationalBiology/addiction_gwas_enrichment/gwas_enrichment/gwas_sumstats/LBM-Zillikens_2017.sumstats.gz   /projects/pfenninggroup/machineLearningForComputationalBiology/addiction_gwas_enrichment/gwas_enrichment/gwas_sumstats/SleepDuration-Dashti_2019.sumstats.gz  0.0984  4.2845e-02      2.2977  0.0216  0.0684     0.0029  1.0249     0.0111    0.0055       0.0062
/projects/pfenninggroup/machineLearningForComputationalBiology/addiction_gwas_enrichment/gwas_enrichment/gwas_sumstats/LBM-Zillikens_2017.sumstats.gz   /projects/pfenninggroup/machineLearningForComputationalBiology/addiction_gwas_enrichment/gwas_enrichment/gwas_sumstats/SmokingCessation-Liu_2019.sumstats.gz  0.0566  6.1111e-02      0.9270  0.3539  0.0319     0.0023  0.9786     0.0087   -0.0041       0.0054
/projects/pfenninggroup/machineLearningForComputationalBiology/addiction_gwas_enrichment/gwas_enrichment/gwas_sumstats/LBM-Zillikens_2017.sumstats.gz  /projects/pfenninggroup/machineLearningForComputationalBiology/addiction_gwas_enrichment/gwas_enrichment/gwas_sumstats/SmokingInitiation-Liu_2019.sumstats.gz -0.0428  3.9260e-02     -1.0894  0.2760  0.0687     0.0025  0.8927     0.0123   -0.0056       0.0057

Analysis finished at Mon Jun  1 01:17:25 2020
Total time elapsed: 3.0m:19.59s
