*********************************************************************
* LD Score Regression (LDSC)
* Version 1.0.1
* (C) 2014-2019 Brendan Bulik-Sullivan and Hilary Finucane
* Broad Institute of MIT and Harvard / MIT Department of Mathematics
* GNU General Public License v3
*********************************************************************
Call: 
./ldsc.py \
--ref-ld-chr /projects/pfenninggroup/machineLearningForComputationalBiology/gwasEnrichments/background/eur_w_ld_chr/ \
--out tables/p1_OpioidDep-Cheng_2018_correlation \
--rg /projects/pfenninggroup/machineLearningForComputationalBiology/addiction_gwas_enrichment/gwas_enrichment/gwas_sumstats/OpioidDep-Cheng_2018.sumstats.gz,/projects/pfenninggroup/machineLearningForComputationalBiology/addiction_gwas_enrichment/gwas_enrichment/gwas_sumstats/AgeOfInitiation-Liu_2019.sumstats.gz,/projects/pfenninggroup/machineLearningForComputationalBiology/addiction_gwas_enrichment/gwas_enrichment/gwas_sumstats/BMD-Kemp_2017.sumstats.gz,/projects/pfenninggroup/machineLearningForComputationalBiology/addiction_gwas_enrichment/gwas_enrichment/gwas_sumstats/CAD-Howson_2017.sumstats.gz,/projects/pfenninggroup/machineLearningForComputationalBiology/addiction_gwas_enrichment/gwas_enrichment/gwas_sumstats/Cannabis-Pasman_2018.sumstats.gz,/projects/pfenninggroup/machineLearningForComputationalBiology/addiction_gwas_enrichment/gwas_enrichment/gwas_sumstats/ChronicPain-Johnston_2019.sumstats.gz,/projects/pfenninggroup/machineLearningForComputationalBiology/addiction_gwas_enrichment/gwas_enrichment/gwas_sumstats/CigarettesPerDay-Liu_2019.sumstats.gz,/projects/pfenninggroup/machineLearningForComputationalBiology/addiction_gwas_enrichment/gwas_enrichment/gwas_sumstats/CocaineDep-Dominguez_2019.sumstats.gz,/projects/pfenninggroup/machineLearningForComputationalBiology/addiction_gwas_enrichment/gwas_enrichment/gwas_sumstats/CoffeePerDay-Cornelis_2015.sumstats.gz,/projects/pfenninggroup/machineLearningForComputationalBiology/addiction_gwas_enrichment/gwas_enrichment/gwas_sumstats/DrinksPerWeek-Liu_2019.sumstats.gz,/projects/pfenninggroup/machineLearningForComputationalBiology/addiction_gwas_enrichment/gwas_enrichment/gwas_sumstats/EduAttain-Lee_2018.sumstats.gz,/projects/pfenninggroup/machineLearningForComputationalBiology/addiction_gwas_enrichment/gwas_enrichment/gwas_sumstats/LBM-Zillikens_2017.sumstats.gz,/projects/pfenninggroup/machineLearningForComputationalBiology/addiction_gwas_enrichment/gwas_enrichment/gwas_sumstats/OCD-IOCDF_2017.sumstats.gz,/projects/pfenninggroup/machineLearningForComputationalBiology/addiction_gwas_enrichment/gwas_enrichment/gwas_sumstats/OpioidDep-Cheng_2018.sumstats.gz,/projects/pfenninggroup/machineLearningForComputationalBiology/addiction_gwas_enrichment/gwas_enrichment/gwas_sumstats/RiskyBehavior-Linner_2019.sumstats.gz,/projects/pfenninggroup/machineLearningForComputationalBiology/addiction_gwas_enrichment/gwas_enrichment/gwas_sumstats/Schizophrenia-PGC_2014.sumstats.gz,/projects/pfenninggroup/machineLearningForComputationalBiology/addiction_gwas_enrichment/gwas_enrichment/gwas_sumstats/SleepDuration-Dashti_2019.sumstats.gz,/projects/pfenninggroup/machineLearningForComputationalBiology/addiction_gwas_enrichment/gwas_enrichment/gwas_sumstats/SmokingCessation-Liu_2019.sumstats.gz,/projects/pfenninggroup/machineLearningForComputationalBiology/addiction_gwas_enrichment/gwas_enrichment/gwas_sumstats/SmokingInitiation-Liu_2019.sumstats.gz \
--w-ld-chr /projects/pfenninggroup/machineLearningForComputationalBiology/gwasEnrichments/background/eur_w_ld_chr/ 

Beginning analysis at Mon Jun  1 01:14:06 2020
Reading summary statistics from /projects/pfenninggroup/machineLearningForComputationalBiology/addiction_gwas_enrichment/gwas_enrichment/gwas_sumstats/OpioidDep-Cheng_2018.sumstats.gz ...
Read summary statistics for 1174403 SNPs.
Reading reference panel LD Score from /projects/pfenninggroup/machineLearningForComputationalBiology/gwasEnrichments/background/eur_w_ld_chr/[1-22] ...
Read reference panel LD Scores for 1290028 SNPs.
Removing partitioned LD Scores with zero variance.
Reading regression weight LD Score from /projects/pfenninggroup/machineLearningForComputationalBiology/gwasEnrichments/background/eur_w_ld_chr/[1-22] ...
Read regression weight LD Scores for 1290028 SNPs.
After merging with reference panel LD, 1167643 SNPs remain.
After merging with regression SNP LD, 1167643 SNPs remain.
Computing rg for phenotype 2/19
Reading summary statistics from /projects/pfenninggroup/machineLearningForComputationalBiology/addiction_gwas_enrichment/gwas_enrichment/gwas_sumstats/AgeOfInitiation-Liu_2019.sumstats.gz ...
Read summary statistics for 1215001 SNPs.
After merging with summary statistics, 1167643 SNPs remain.
1158142 SNPs with valid alleles.

Heritability of phenotype 1
---------------------------
Total Observed scale h2: 0.0378 (0.0589)
Lambda GC: 1.0436
Mean Chi^2: 1.0324
Intercept: 1.0274 (0.0056)
Ratio: 0.8456 (0.1725)

Heritability of phenotype 2/19
------------------------------
Total Observed scale h2: 0.0472 (0.003)
Lambda GC: 1.194
Mean Chi^2: 1.2193
Intercept: 0.9788 (0.0078)
Ratio < 0 (usually indicates GC correction).

Genetic Covariance
------------------
Total Observed scale gencov: 0.0186 (0.0088)
Mean z1*z2: 0.0089
Intercept: -0.006 (0.0046)

Genetic Correlation
-------------------
Genetic Correlation: 0.4395 (0.3938)
Z-score: 1.1161
P: 0.2644

Computing rg for phenotype 3/19
Reading summary statistics from /projects/pfenninggroup/machineLearningForComputationalBiology/addiction_gwas_enrichment/gwas_enrichment/gwas_sumstats/BMD-Kemp_2017.sumstats.gz ...
Read summary statistics for 1215001 SNPs.
After merging with summary statistics, 1167643 SNPs remain.
1150751 SNPs with valid alleles.

Heritability of phenotype 3/19
------------------------------
Total Observed scale h2: 0.3745 (0.0412)
Lambda GC: 1.4926
Mean Chi^2: 2.1544
Intercept: 1.0814 (0.0326)
Ratio: 0.0705 (0.0282)

Genetic Covariance
------------------
Total Observed scale gencov: -0.0046 (0.0138)
Mean z1*z2: -0.0089
Intercept: -0.0048 (0.0049)

Genetic Correlation
-------------------
Genetic Correlation: -0.046 (0.1446)
Z-score: -0.3182
P: 0.7504

Computing rg for phenotype 4/19
Reading summary statistics from /projects/pfenninggroup/machineLearningForComputationalBiology/addiction_gwas_enrichment/gwas_enrichment/gwas_sumstats/CAD-Howson_2017.sumstats.gz ...
Read summary statistics for 1215001 SNPs.
After merging with summary statistics, 1167643 SNPs remain.
928841 SNPs with valid alleles.

Heritability of phenotype 4/19
------------------------------
Total Observed scale h2: 0.0728 (0.0095)
Lambda GC: 1.105
Mean Chi^2: 1.1454
Intercept: 1.026 (0.0091)
Ratio: 0.1788 (0.0628)

Genetic Covariance
------------------
Total Observed scale gencov: 0.0132 (0.0159)
Mean z1*z2: 0.0037
Intercept: -0.0033 (0.0047)

Genetic Correlation
-------------------
Genetic Correlation: 0.3452 (0.6157)
Z-score: 0.5607
P: 0.575

Computing rg for phenotype 5/19
Reading summary statistics from /projects/pfenninggroup/machineLearningForComputationalBiology/addiction_gwas_enrichment/gwas_enrichment/gwas_sumstats/Cannabis-Pasman_2018.sumstats.gz ...
Read summary statistics for 1215001 SNPs.
After merging with summary statistics, 1167643 SNPs remain.
1081602 SNPs with valid alleles.

Heritability of phenotype 5/19
------------------------------
Total Observed scale h2: 0.1904 (0.0128)
Lambda GC: 1.1973
Mean Chi^2: 1.2245
Intercept: 0.9997 (0.0083)
Ratio < 0 (usually indicates GC correction).

Genetic Covariance
------------------
Total Observed scale gencov: 0.0158 (0.0179)
Mean z1*z2: -0.0023
Intercept: -0.0083 (0.0049)

Genetic Correlation
-------------------
Genetic Correlation: 0.1669 (0.2231)
Z-score: 0.748
P: 0.4545

Computing rg for phenotype 6/19
Reading summary statistics from /projects/pfenninggroup/machineLearningForComputationalBiology/addiction_gwas_enrichment/gwas_enrichment/gwas_sumstats/ChronicPain-Johnston_2019.sumstats.gz ...
Read summary statistics for 1215001 SNPs.
After merging with summary statistics, 1167643 SNPs remain.
95643 SNPs with valid alleles.
WARNING: number of SNPs less than 200k; this is almost always bad.

Heritability of phenotype 6/19
------------------------------
Total Observed scale h2: 0.0716 (0.0091)
Lambda GC: 1.4926
Mean Chi^2: 1.659
Intercept: 1.0581 (0.0374)
Ratio: 0.0881 (0.0568)

Genetic Covariance
------------------
Total Observed scale gencov: 0.0043 (0.0279)
Mean z1*z2: 0.0151
Intercept: 0.0106 (0.019)

Genetic Correlation
-------------------
Genetic Correlation: nan (nan) (h2  out of bounds) 
Z-score: nan (nan) (h2  out of bounds)
P: nan (nan) (h2  out of bounds)
WARNING: One of the h2's was out of bounds.
This usually indicates a data-munging error or that h2 or N is low.

Computing rg for phenotype 7/19
Reading summary statistics from /projects/pfenninggroup/machineLearningForComputationalBiology/addiction_gwas_enrichment/gwas_enrichment/gwas_sumstats/CigarettesPerDay-Liu_2019.sumstats.gz ...
Read summary statistics for 1215001 SNPs.
After merging with summary statistics, 1167643 SNPs remain.
1158137 SNPs with valid alleles.

Heritability of phenotype 7/19
------------------------------
Total Observed scale h2: 0.0747 (0.0097)
Lambda GC: 1.2267
Mean Chi^2: 1.3323
Intercept: 0.9499 (0.0162)
Ratio < 0 (usually indicates GC correction).

Genetic Covariance
------------------
Total Observed scale gencov: -0.0119 (0.0087)
Mean z1*z2: -0.0089
Intercept: 0.0022 (0.0045)

Genetic Correlation
-------------------
Genetic Correlation: -0.2232 (0.2433)
Z-score: -0.9174
P: 0.3589

Computing rg for phenotype 8/19
Reading summary statistics from /projects/pfenninggroup/machineLearningForComputationalBiology/addiction_gwas_enrichment/gwas_enrichment/gwas_sumstats/CocaineDep-Dominguez_2019.sumstats.gz ...
Read summary statistics for 1215001 SNPs.
After merging with summary statistics, 1167643 SNPs remain.
1151796 SNPs with valid alleles.

Heritability of phenotype 8/19
------------------------------
Total Observed scale h2: 0.4228 (0.083)
Lambda GC: 1.0618
Mean Chi^2: 1.0697
Intercept: 1.0179 (0.007)
Ratio: 0.2568 (0.1006)

Genetic Covariance
------------------
Total Observed scale gencov: 0.1289 (0.0436)
Mean z1*z2: -0.0029
Intercept: -0.0192 (0.0041)

Genetic Correlation
-------------------
Genetic Correlation: 0.9295 (0.7258)
Z-score: 1.2806
P: 0.2003

Computing rg for phenotype 9/19
Reading summary statistics from /projects/pfenninggroup/machineLearningForComputationalBiology/addiction_gwas_enrichment/gwas_enrichment/gwas_sumstats/CoffeePerDay-Cornelis_2015.sumstats.gz ...
Read summary statistics for 1215001 SNPs.
After merging with summary statistics, 1167643 SNPs remain.
1032094 SNPs with valid alleles.

Heritability of phenotype 9/19
------------------------------
Total Observed scale h2: 0.0437 (0.0083)
Lambda GC: 1.0649
Mean Chi^2: 1.0849
Intercept: 1.0042 (0.0076)
Ratio: 0.0493 (0.0894)

Genetic Covariance
------------------
Total Observed scale gencov: 0.0027 (0.0145)
Mean z1*z2: 0.0044
Intercept: 0.0035 (0.0047)

Genetic Correlation
-------------------
Genetic Correlation: 0.0588 (0.3206)
Z-score: 0.1834
P: 0.8545

Computing rg for phenotype 10/19
Reading summary statistics from /projects/pfenninggroup/machineLearningForComputationalBiology/addiction_gwas_enrichment/gwas_enrichment/gwas_sumstats/DrinksPerWeek-Liu_2019.sumstats.gz ...
Read summary statistics for 1215001 SNPs.
After merging with summary statistics, 1167643 SNPs remain.
1158139 SNPs with valid alleles.

Heritability of phenotype 10/19
-------------------------------
Total Observed scale h2: 0.0489 (0.0023)
Lambda GC: 1.3169
Mean Chi^2: 1.4514
Intercept: 0.9245 (0.009)
Ratio < 0 (usually indicates GC correction).

Genetic Covariance
------------------
Total Observed scale gencov: -0.0061 (0.0064)
Mean z1*z2: -0.007
Intercept: 0.0006 (0.0045)

Genetic Correlation
-------------------
Genetic Correlation: -0.144 (0.1971)
Z-score: -0.7306
P: 0.465

Computing rg for phenotype 11/19
Reading summary statistics from /projects/pfenninggroup/machineLearningForComputationalBiology/addiction_gwas_enrichment/gwas_enrichment/gwas_sumstats/EduAttain-Lee_2018.sumstats.gz ...
Read summary statistics for 1215001 SNPs.
After merging with summary statistics, 1167643 SNPs remain.
1157265 SNPs with valid alleles.

Heritability of phenotype 11/19
-------------------------------
Total Observed scale h2: 0.0757 (0.0022)
Lambda GC: 2.1026
Mean Chi^2: 2.6619
Intercept: 0.9847 (0.0162)
Ratio < 0 (usually indicates GC correction).

Genetic Covariance
------------------
Total Observed scale gencov: -0.0296 (0.006)
Mean z1*z2: -0.0447
Intercept: 0.0062 (0.0053)

Genetic Correlation
-------------------
Genetic Correlation: -0.532 (0.3949)
Z-score: -1.3472
P: 0.1779

Computing rg for phenotype 12/19
Reading summary statistics from /projects/pfenninggroup/machineLearningForComputationalBiology/addiction_gwas_enrichment/gwas_enrichment/gwas_sumstats/LBM-Zillikens_2017.sumstats.gz ...
Read summary statistics for 1215001 SNPs.
After merging with summary statistics, 1167643 SNPs remain.
1019290 SNPs with valid alleles.

Heritability of phenotype 12/19
-------------------------------
Total Observed scale h2: 0.1304 (0.0147)
Lambda GC: 1.0864
Mean Chi^2: 1.0994
Intercept: 0.9994 (0.0077)
Ratio < 0 (usually indicates GC correction).

Genetic Covariance
------------------
Total Observed scale gencov: 0.0006 (0.0208)
Mean z1*z2: 0.0072
Intercept: 0.0067 (0.0047)

Genetic Correlation
-------------------
Genetic Correlation: 0.0082 (0.277)
Z-score: 0.0297
P: 0.9763

Computing rg for phenotype 13/19
Reading summary statistics from /projects/pfenninggroup/machineLearningForComputationalBiology/addiction_gwas_enrichment/gwas_enrichment/gwas_sumstats/OCD-IOCDF_2017.sumstats.gz ...
Read summary statistics for 1215001 SNPs.
After merging with summary statistics, 1167643 SNPs remain.
1093774 SNPs with valid alleles.

Heritability of phenotype 13/19
-------------------------------
Total Observed scale h2: 0.325 (0.0509)
Lambda GC: 1.0527
Mean Chi^2: 1.0565
Intercept: 0.9922 (0.007)
Ratio < 0 (usually indicates GC correction).

Genetic Covariance
------------------
Total Observed scale gencov: -0.0176 (0.0399)
Mean z1*z2: -0.0009
Intercept: 0.0016 (0.0046)

Genetic Correlation
-------------------
Genetic Correlation: -0.1431 (0.3392)
Z-score: -0.4217
P: 0.6732

Computing rg for phenotype 14/19
Reading summary statistics from /projects/pfenninggroup/machineLearningForComputationalBiology/addiction_gwas_enrichment/gwas_enrichment/gwas_sumstats/OpioidDep-Cheng_2018.sumstats.gz ...
Read summary statistics for 1215001 SNPs.
After merging with summary statistics, 1167643 SNPs remain.
1167643 SNPs with valid alleles.

Heritability of phenotype 14/19
-------------------------------
Total Observed scale h2: 0.0344 (0.0574)
Lambda GC: 1.0405
Mean Chi^2: 1.0323
Intercept: 1.0277 (0.0055)
Ratio: 0.8592 (0.1711)

Genetic Covariance
------------------
Total Observed scale gencov: 0.0344 (0.0574)
Mean z1*z2: 1.0323
Intercept: 1.0277 (0.0055)

Genetic Correlation
-------------------
Genetic Correlation: 1. (1.1002e-05)
Z-score: 90894.986
P: 0.

Computing rg for phenotype 15/19
Reading summary statistics from /projects/pfenninggroup/machineLearningForComputationalBiology/addiction_gwas_enrichment/gwas_enrichment/gwas_sumstats/RiskyBehavior-Linner_2019.sumstats.gz ...
Read summary statistics for 1215001 SNPs.
After merging with summary statistics, 1167643 SNPs remain.
1162185 SNPs with valid alleles.

Heritability of phenotype 15/19
-------------------------------
Total Observed scale h2: 0.1132 (0.0044)
Lambda GC: 1.5217
Mean Chi^2: 1.7216
Intercept: 1.0116 (0.0105)
Ratio: 0.0161 (0.0146)

Genetic Covariance
------------------
Total Observed scale gencov: 0.0029 (0.009)
Mean z1*z2: -0.0033
Intercept: -0.0051 (0.0046)

Genetic Correlation
-------------------
Genetic Correlation: 0.0463 (0.1477)
Z-score: 0.3135
P: 0.7539

Computing rg for phenotype 16/19
Reading summary statistics from /projects/pfenninggroup/machineLearningForComputationalBiology/addiction_gwas_enrichment/gwas_enrichment/gwas_sumstats/Schizophrenia-PGC_2014.sumstats.gz ...
Read summary statistics for 1215001 SNPs.
After merging with summary statistics, 1167643 SNPs remain.
1109334 SNPs with valid alleles.

Heritability of phenotype 16/19
-------------------------------
Total Observed scale h2: 0.4728 (0.0189)
Lambda GC: 1.592
Mean Chi^2: 1.7848
Intercept: 1.038 (0.0126)
Ratio: 0.0485 (0.016)

Genetic Covariance
------------------
Total Observed scale gencov: 0.0121 (0.0211)
Mean z1*z2: 0.0049
Intercept: -0.001 (0.0055)

Genetic Correlation
-------------------
Genetic Correlation: 0.0798 (0.1526)
Z-score: 0.5232
P: 0.6008

Computing rg for phenotype 17/19
Reading summary statistics from /projects/pfenninggroup/machineLearningForComputationalBiology/addiction_gwas_enrichment/gwas_enrichment/gwas_sumstats/SleepDuration-Dashti_2019.sumstats.gz ...
Read summary statistics for 1215001 SNPs.
After merging with summary statistics, 1167643 SNPs remain.
1159515 SNPs with valid alleles.

Heritability of phenotype 17/19
-------------------------------
Total Observed scale h2: 0.0682 (0.003)
Lambda GC: 1.4926
Mean Chi^2: 1.6246
Intercept: 1.0256 (0.0099)
Ratio: 0.0409 (0.0158)

Genetic Covariance
------------------
Total Observed scale gencov: 0.01 (0.0076)
Mean z1*z2: 0.0062
Intercept: -0.0062 (0.005)

Genetic Correlation
-------------------
Genetic Correlation: 0.2186 (0.2935)
Z-score: 0.7448
P: 0.4564

Computing rg for phenotype 18/19
Reading summary statistics from /projects/pfenninggroup/machineLearningForComputationalBiology/addiction_gwas_enrichment/gwas_enrichment/gwas_sumstats/SmokingCessation-Liu_2019.sumstats.gz ...
Read summary statistics for 1215001 SNPs.
After merging with summary statistics, 1167643 SNPs remain.
1162179 SNPs with valid alleles.

Heritability of phenotype 18/19
-------------------------------
Total Observed scale h2: 0.0321 (0.0021)
Lambda GC: 1.1459
Mean Chi^2: 1.1768
Intercept: 0.9785 (0.0076)
Ratio < 0 (usually indicates GC correction).

Genetic Covariance
------------------
Total Observed scale gencov: -0.0129 (0.0077)
Mean z1*z2: -0.0099
Intercept: 0.0029 (0.0045)

Genetic Correlation
-------------------
Genetic Correlation: -0.3763 (0.3658)
Z-score: -1.0287
P: 0.3036

Computing rg for phenotype 19/19
Reading summary statistics from /projects/pfenninggroup/machineLearningForComputationalBiology/addiction_gwas_enrichment/gwas_enrichment/gwas_sumstats/SmokingInitiation-Liu_2019.sumstats.gz ...
Read summary statistics for 1215001 SNPs.
After merging with summary statistics, 1167643 SNPs remain.
1143966 SNPs with valid alleles.

Heritability of phenotype 19/19
-------------------------------
Total Observed scale h2: 0.0692 (0.0024)
Lambda GC: 1.4998
Mean Chi^2: 1.747
Intercept: 0.8874 (0.0103)
Ratio < 0 (usually indicates GC correction).

Genetic Covariance
------------------
Total Observed scale gencov: -0.023 (0.0071)
Mean z1*z2: -0.0176
Intercept: 0.0119 (0.0045)

Genetic Correlation
-------------------
Genetic Correlation: -0.4802 (0.4269)
Z-score: -1.125
P: 0.2606


Summary of Genetic Correlation Results
p1                                                                                                                                                             p2        rg       se          z       p  h2_obs  h2_obs_se  h2_int  h2_int_se  gcov_int  gcov_int_se
/projects/pfenninggroup/machineLearningForComputationalBiology/addiction_gwas_enrichment/gwas_enrichment/gwas_sumstats/OpioidDep-Cheng_2018.sumstats.gz    /projects/pfenninggroup/machineLearningForComputationalBiology/addiction_gwas_enrichment/gwas_enrichment/gwas_sumstats/AgeOfInitiation-Liu_2019.sumstats.gz    0.4395   0.3938      1.116  0.2644  0.0472     0.0030  0.9788     0.0078   -0.0060       0.0046
/projects/pfenninggroup/machineLearningForComputationalBiology/addiction_gwas_enrichment/gwas_enrichment/gwas_sumstats/OpioidDep-Cheng_2018.sumstats.gz               /projects/pfenninggroup/machineLearningForComputationalBiology/addiction_gwas_enrichment/gwas_enrichment/gwas_sumstats/BMD-Kemp_2017.sumstats.gz    -0.046   0.1446    -0.3182  0.7504  0.3745     0.0412  1.0814     0.0326   -0.0048       0.0049
/projects/pfenninggroup/machineLearningForComputationalBiology/addiction_gwas_enrichment/gwas_enrichment/gwas_sumstats/OpioidDep-Cheng_2018.sumstats.gz             /projects/pfenninggroup/machineLearningForComputationalBiology/addiction_gwas_enrichment/gwas_enrichment/gwas_sumstats/CAD-Howson_2017.sumstats.gz    0.3452   0.6157     0.5607   0.575  0.0728     0.0095  1.0260     0.0091   -0.0033       0.0047
/projects/pfenninggroup/machineLearningForComputationalBiology/addiction_gwas_enrichment/gwas_enrichment/gwas_sumstats/OpioidDep-Cheng_2018.sumstats.gz        /projects/pfenninggroup/machineLearningForComputationalBiology/addiction_gwas_enrichment/gwas_enrichment/gwas_sumstats/Cannabis-Pasman_2018.sumstats.gz    0.1669   0.2231      0.748  0.4545  0.1904     0.0128  0.9997     0.0083   -0.0083       0.0049
/projects/pfenninggroup/machineLearningForComputationalBiology/addiction_gwas_enrichment/gwas_enrichment/gwas_sumstats/OpioidDep-Cheng_2018.sumstats.gz   /projects/pfenninggroup/machineLearningForComputationalBiology/addiction_gwas_enrichment/gwas_enrichment/gwas_sumstats/ChronicPain-Johnston_2019.sumstats.gz        NA       NA         NA      NA  0.0716     0.0091  1.0581     0.0374    0.0106       0.0190
/projects/pfenninggroup/machineLearningForComputationalBiology/addiction_gwas_enrichment/gwas_enrichment/gwas_sumstats/OpioidDep-Cheng_2018.sumstats.gz   /projects/pfenninggroup/machineLearningForComputationalBiology/addiction_gwas_enrichment/gwas_enrichment/gwas_sumstats/CigarettesPerDay-Liu_2019.sumstats.gz   -0.2232   0.2433    -0.9174  0.3589  0.0747     0.0097  0.9499     0.0162    0.0022       0.0045
/projects/pfenninggroup/machineLearningForComputationalBiology/addiction_gwas_enrichment/gwas_enrichment/gwas_sumstats/OpioidDep-Cheng_2018.sumstats.gz   /projects/pfenninggroup/machineLearningForComputationalBiology/addiction_gwas_enrichment/gwas_enrichment/gwas_sumstats/CocaineDep-Dominguez_2019.sumstats.gz    0.9295   0.7258      1.281  0.2003  0.4228     0.0830  1.0179     0.0070   -0.0192       0.0041
/projects/pfenninggroup/machineLearningForComputationalBiology/addiction_gwas_enrichment/gwas_enrichment/gwas_sumstats/OpioidDep-Cheng_2018.sumstats.gz  /projects/pfenninggroup/machineLearningForComputationalBiology/addiction_gwas_enrichment/gwas_enrichment/gwas_sumstats/CoffeePerDay-Cornelis_2015.sumstats.gz   0.05879   0.3206     0.1834  0.8545  0.0437     0.0083  1.0042     0.0076    0.0035       0.0047
/projects/pfenninggroup/machineLearningForComputationalBiology/addiction_gwas_enrichment/gwas_enrichment/gwas_sumstats/OpioidDep-Cheng_2018.sumstats.gz      /projects/pfenninggroup/machineLearningForComputationalBiology/addiction_gwas_enrichment/gwas_enrichment/gwas_sumstats/DrinksPerWeek-Liu_2019.sumstats.gz    -0.144   0.1971    -0.7306   0.465  0.0489     0.0023  0.9245     0.0090    0.0006       0.0045
/projects/pfenninggroup/machineLearningForComputationalBiology/addiction_gwas_enrichment/gwas_enrichment/gwas_sumstats/OpioidDep-Cheng_2018.sumstats.gz          /projects/pfenninggroup/machineLearningForComputationalBiology/addiction_gwas_enrichment/gwas_enrichment/gwas_sumstats/EduAttain-Lee_2018.sumstats.gz    -0.532   0.3949     -1.347  0.1779  0.0757     0.0022  0.9847     0.0162    0.0062       0.0053
/projects/pfenninggroup/machineLearningForComputationalBiology/addiction_gwas_enrichment/gwas_enrichment/gwas_sumstats/OpioidDep-Cheng_2018.sumstats.gz          /projects/pfenninggroup/machineLearningForComputationalBiology/addiction_gwas_enrichment/gwas_enrichment/gwas_sumstats/LBM-Zillikens_2017.sumstats.gz  0.008225    0.277    0.02969  0.9763  0.1304     0.0147  0.9994     0.0077    0.0067       0.0047
/projects/pfenninggroup/machineLearningForComputationalBiology/addiction_gwas_enrichment/gwas_enrichment/gwas_sumstats/OpioidDep-Cheng_2018.sumstats.gz              /projects/pfenninggroup/machineLearningForComputationalBiology/addiction_gwas_enrichment/gwas_enrichment/gwas_sumstats/OCD-IOCDF_2017.sumstats.gz   -0.1431   0.3392    -0.4217  0.6732  0.3250     0.0509  0.9922     0.0070    0.0016       0.0046
/projects/pfenninggroup/machineLearningForComputationalBiology/addiction_gwas_enrichment/gwas_enrichment/gwas_sumstats/OpioidDep-Cheng_2018.sumstats.gz        /projects/pfenninggroup/machineLearningForComputationalBiology/addiction_gwas_enrichment/gwas_enrichment/gwas_sumstats/OpioidDep-Cheng_2018.sumstats.gz         1  1.1e-05  9.089e+04       0  0.0344     0.0574  1.0277     0.0055    1.0277       0.0055
/projects/pfenninggroup/machineLearningForComputationalBiology/addiction_gwas_enrichment/gwas_enrichment/gwas_sumstats/OpioidDep-Cheng_2018.sumstats.gz   /projects/pfenninggroup/machineLearningForComputationalBiology/addiction_gwas_enrichment/gwas_enrichment/gwas_sumstats/RiskyBehavior-Linner_2019.sumstats.gz   0.04631   0.1477     0.3135  0.7539  0.1132     0.0044  1.0116     0.0105   -0.0051       0.0046
/projects/pfenninggroup/machineLearningForComputationalBiology/addiction_gwas_enrichment/gwas_enrichment/gwas_sumstats/OpioidDep-Cheng_2018.sumstats.gz      /projects/pfenninggroup/machineLearningForComputationalBiology/addiction_gwas_enrichment/gwas_enrichment/gwas_sumstats/Schizophrenia-PGC_2014.sumstats.gz   0.07983   0.1526     0.5232  0.6008  0.4728     0.0189  1.0380     0.0126   -0.0010       0.0055
/projects/pfenninggroup/machineLearningForComputationalBiology/addiction_gwas_enrichment/gwas_enrichment/gwas_sumstats/OpioidDep-Cheng_2018.sumstats.gz   /projects/pfenninggroup/machineLearningForComputationalBiology/addiction_gwas_enrichment/gwas_enrichment/gwas_sumstats/SleepDuration-Dashti_2019.sumstats.gz    0.2186   0.2935     0.7448  0.4564  0.0682     0.0030  1.0256     0.0099   -0.0062       0.0050
/projects/pfenninggroup/machineLearningForComputationalBiology/addiction_gwas_enrichment/gwas_enrichment/gwas_sumstats/OpioidDep-Cheng_2018.sumstats.gz   /projects/pfenninggroup/machineLearningForComputationalBiology/addiction_gwas_enrichment/gwas_enrichment/gwas_sumstats/SmokingCessation-Liu_2019.sumstats.gz   -0.3763   0.3658     -1.029  0.3036  0.0321     0.0021  0.9785     0.0076    0.0029       0.0045
/projects/pfenninggroup/machineLearningForComputationalBiology/addiction_gwas_enrichment/gwas_enrichment/gwas_sumstats/OpioidDep-Cheng_2018.sumstats.gz  /projects/pfenninggroup/machineLearningForComputationalBiology/addiction_gwas_enrichment/gwas_enrichment/gwas_sumstats/SmokingInitiation-Liu_2019.sumstats.gz   -0.4802   0.4269     -1.125  0.2606  0.0692     0.0024  0.8874     0.0103    0.0119       0.0045

Analysis finished at Mon Jun  1 01:17:31 2020
Total time elapsed: 3.0m:25.34s
