*********************************************************************
* LD Score Regression (LDSC)
* Version 1.0.1
* (C) 2014-2019 Brendan Bulik-Sullivan and Hilary Finucane
* Broad Institute of MIT and Harvard / MIT Department of Mathematics
* GNU General Public License v3
*********************************************************************
Call: 
./ldsc.py \
--ref-ld-chr /projects/pfenninggroup/machineLearningForComputationalBiology/gwasEnrichments/background/eur_w_ld_chr/ \
--out tables/p1_OCD-IOCDF_2017_correlation \
--rg /projects/pfenninggroup/machineLearningForComputationalBiology/addiction_gwas_enrichment/gwas_enrichment/gwas_sumstats/OCD-IOCDF_2017.sumstats.gz,/projects/pfenninggroup/machineLearningForComputationalBiology/addiction_gwas_enrichment/gwas_enrichment/gwas_sumstats/AgeOfInitiation-Liu_2019.sumstats.gz,/projects/pfenninggroup/machineLearningForComputationalBiology/addiction_gwas_enrichment/gwas_enrichment/gwas_sumstats/BMD-Kemp_2017.sumstats.gz,/projects/pfenninggroup/machineLearningForComputationalBiology/addiction_gwas_enrichment/gwas_enrichment/gwas_sumstats/CAD-Howson_2017.sumstats.gz,/projects/pfenninggroup/machineLearningForComputationalBiology/addiction_gwas_enrichment/gwas_enrichment/gwas_sumstats/Cannabis-Pasman_2018.sumstats.gz,/projects/pfenninggroup/machineLearningForComputationalBiology/addiction_gwas_enrichment/gwas_enrichment/gwas_sumstats/ChronicPain-Johnston_2019.sumstats.gz,/projects/pfenninggroup/machineLearningForComputationalBiology/addiction_gwas_enrichment/gwas_enrichment/gwas_sumstats/CigarettesPerDay-Liu_2019.sumstats.gz,/projects/pfenninggroup/machineLearningForComputationalBiology/addiction_gwas_enrichment/gwas_enrichment/gwas_sumstats/CocaineDep-Dominguez_2019.sumstats.gz,/projects/pfenninggroup/machineLearningForComputationalBiology/addiction_gwas_enrichment/gwas_enrichment/gwas_sumstats/CoffeePerDay-Cornelis_2015.sumstats.gz,/projects/pfenninggroup/machineLearningForComputationalBiology/addiction_gwas_enrichment/gwas_enrichment/gwas_sumstats/DrinksPerWeek-Liu_2019.sumstats.gz,/projects/pfenninggroup/machineLearningForComputationalBiology/addiction_gwas_enrichment/gwas_enrichment/gwas_sumstats/EduAttain-Lee_2018.sumstats.gz,/projects/pfenninggroup/machineLearningForComputationalBiology/addiction_gwas_enrichment/gwas_enrichment/gwas_sumstats/LBM-Zillikens_2017.sumstats.gz,/projects/pfenninggroup/machineLearningForComputationalBiology/addiction_gwas_enrichment/gwas_enrichment/gwas_sumstats/OCD-IOCDF_2017.sumstats.gz,/projects/pfenninggroup/machineLearningForComputationalBiology/addiction_gwas_enrichment/gwas_enrichment/gwas_sumstats/OpioidDep-Cheng_2018.sumstats.gz,/projects/pfenninggroup/machineLearningForComputationalBiology/addiction_gwas_enrichment/gwas_enrichment/gwas_sumstats/RiskyBehavior-Linner_2019.sumstats.gz,/projects/pfenninggroup/machineLearningForComputationalBiology/addiction_gwas_enrichment/gwas_enrichment/gwas_sumstats/Schizophrenia-PGC_2014.sumstats.gz,/projects/pfenninggroup/machineLearningForComputationalBiology/addiction_gwas_enrichment/gwas_enrichment/gwas_sumstats/SleepDuration-Dashti_2019.sumstats.gz,/projects/pfenninggroup/machineLearningForComputationalBiology/addiction_gwas_enrichment/gwas_enrichment/gwas_sumstats/SmokingCessation-Liu_2019.sumstats.gz,/projects/pfenninggroup/machineLearningForComputationalBiology/addiction_gwas_enrichment/gwas_enrichment/gwas_sumstats/SmokingInitiation-Liu_2019.sumstats.gz \
--w-ld-chr /projects/pfenninggroup/machineLearningForComputationalBiology/gwasEnrichments/background/eur_w_ld_chr/ 

Beginning analysis at Mon Jun  1 01:14:06 2020
Reading summary statistics from /projects/pfenninggroup/machineLearningForComputationalBiology/addiction_gwas_enrichment/gwas_enrichment/gwas_sumstats/OCD-IOCDF_2017.sumstats.gz ...
Read summary statistics for 1107267 SNPs.
Reading reference panel LD Score from /projects/pfenninggroup/machineLearningForComputationalBiology/gwasEnrichments/background/eur_w_ld_chr/[1-22] ...
Read reference panel LD Scores for 1290028 SNPs.
Removing partitioned LD Scores with zero variance.
Reading regression weight LD Score from /projects/pfenninggroup/machineLearningForComputationalBiology/gwasEnrichments/background/eur_w_ld_chr/[1-22] ...
Read regression weight LD Scores for 1290028 SNPs.
After merging with reference panel LD, 1101700 SNPs remain.
After merging with regression SNP LD, 1101700 SNPs remain.
Computing rg for phenotype 2/19
Reading summary statistics from /projects/pfenninggroup/machineLearningForComputationalBiology/addiction_gwas_enrichment/gwas_enrichment/gwas_sumstats/AgeOfInitiation-Liu_2019.sumstats.gz ...
Read summary statistics for 1215001 SNPs.
After merging with summary statistics, 1101700 SNPs remain.
1092016 SNPs with valid alleles.

Heritability of phenotype 1
---------------------------
Total Observed scale h2: 0.3213 (0.05)
Lambda GC: 1.0527
Mean Chi^2: 1.0564
Intercept: 0.993 (0.0067)
Ratio < 0 (usually indicates GC correction).

Heritability of phenotype 2/19
------------------------------
Total Observed scale h2: 0.0474 (0.0031)
Lambda GC: 1.2038
Mean Chi^2: 1.2286
Intercept: 0.9782 (0.0084)
Ratio < 0 (usually indicates GC correction).

Genetic Covariance
------------------
Total Observed scale gencov: -0.031 (0.0079)
Mean z1*z2: -0.0254
Intercept: 0.0059 (0.0048)

Genetic Correlation
-------------------
Genetic Correlation: -0.2508 (0.0635)
Z-score: -3.9525
P: 7.7325e-05

Computing rg for phenotype 3/19
Reading summary statistics from /projects/pfenninggroup/machineLearningForComputationalBiology/addiction_gwas_enrichment/gwas_enrichment/gwas_sumstats/BMD-Kemp_2017.sumstats.gz ...
Read summary statistics for 1215001 SNPs.
After merging with summary statistics, 1101700 SNPs remain.
1089193 SNPs with valid alleles.

Heritability of phenotype 3/19
------------------------------
Total Observed scale h2: 0.3771 (0.0355)
Lambda GC: 1.4926
Mean Chi^2: 2.1923
Intercept: 1.078 (0.0347)
Ratio: 0.0655 (0.0291)

Genetic Covariance
------------------
Total Observed scale gencov: 0.0146 (0.0149)
Mean z1*z2: 0.0061
Intercept: -0.0051 (0.0069)

Genetic Correlation
-------------------
Genetic Correlation: 0.0409 (0.0418)
Z-score: 0.978
P: 0.3281

Computing rg for phenotype 4/19
Reading summary statistics from /projects/pfenninggroup/machineLearningForComputationalBiology/addiction_gwas_enrichment/gwas_enrichment/gwas_sumstats/CAD-Howson_2017.sumstats.gz ...
Read summary statistics for 1215001 SNPs.
After merging with summary statistics, 1101700 SNPs remain.
902584 SNPs with valid alleles.

Heritability of phenotype 4/19
------------------------------
Total Observed scale h2: 0.0733 (0.01)
Lambda GC: 1.105
Mean Chi^2: 1.1463
Intercept: 1.0239 (0.0101)
Ratio: 0.1636 (0.0693)

Genetic Covariance
------------------
Total Observed scale gencov: -0.0026 (0.0136)
Mean z1*z2: -0.0061
Intercept: -0.0045 (0.0056)

Genetic Correlation
-------------------
Genetic Correlation: -0.0164 (0.0865)
Z-score: -0.1899
P: 0.8494

Computing rg for phenotype 5/19
Reading summary statistics from /projects/pfenninggroup/machineLearningForComputationalBiology/addiction_gwas_enrichment/gwas_enrichment/gwas_sumstats/Cannabis-Pasman_2018.sumstats.gz ...
Read summary statistics for 1215001 SNPs.
After merging with summary statistics, 1101700 SNPs remain.
1035613 SNPs with valid alleles.

Heritability of phenotype 5/19
------------------------------
Total Observed scale h2: 0.1918 (0.0128)
Lambda GC: 1.2005
Mean Chi^2: 1.2306
Intercept: 0.9984 (0.0084)
Ratio < 0 (usually indicates GC correction).

Genetic Covariance
------------------
Total Observed scale gencov: 0.0084 (0.0212)
Mean z1*z2: 0.0081
Intercept: 0.004 (0.006)

Genetic Correlation
-------------------
Genetic Correlation: 0.0342 (0.0876)
Z-score: 0.3903
P: 0.6963

Computing rg for phenotype 6/19
Reading summary statistics from /projects/pfenninggroup/machineLearningForComputationalBiology/addiction_gwas_enrichment/gwas_enrichment/gwas_sumstats/ChronicPain-Johnston_2019.sumstats.gz ...
Read summary statistics for 1215001 SNPs.
After merging with summary statistics, 1101700 SNPs remain.
89829 SNPs with valid alleles.
WARNING: number of SNPs less than 200k; this is almost always bad.

Heritability of phenotype 6/19
------------------------------
Total Observed scale h2: 0.0737 (0.0094)
Lambda GC: 1.4926
Mean Chi^2: 1.6764
Intercept: 1.0373 (0.0386)
Ratio: 0.0552 (0.0571)

Genetic Covariance
------------------
Total Observed scale gencov: -0.0461 (0.0263)
Mean z1*z2: -0.0394
Intercept: 0.0253 (0.0211)

Genetic Correlation
-------------------
Genetic Correlation: -0.4186 (0.3221)
Z-score: -1.2997
P: 0.1937

Computing rg for phenotype 7/19
Reading summary statistics from /projects/pfenninggroup/machineLearningForComputationalBiology/addiction_gwas_enrichment/gwas_enrichment/gwas_sumstats/CigarettesPerDay-Liu_2019.sumstats.gz ...
Read summary statistics for 1215001 SNPs.
After merging with summary statistics, 1101700 SNPs remain.
1091985 SNPs with valid alleles.

Heritability of phenotype 7/19
------------------------------
Total Observed scale h2: 0.0744 (0.0098)
Lambda GC: 1.2365
Mean Chi^2: 1.3452
Intercept: 0.9499 (0.0178)
Ratio < 0 (usually indicates GC correction).

Genetic Covariance
------------------
Total Observed scale gencov: 0.0183 (0.0085)
Mean z1*z2: 0.0107
Intercept: -0.0079 (0.0055)

Genetic Correlation
-------------------
Genetic Correlation: 0.1182 (0.0569)
Z-score: 2.076
P: 0.0379

Computing rg for phenotype 8/19
Reading summary statistics from /projects/pfenninggroup/machineLearningForComputationalBiology/addiction_gwas_enrichment/gwas_enrichment/gwas_sumstats/CocaineDep-Dominguez_2019.sumstats.gz ...
Read summary statistics for 1215001 SNPs.
After merging with summary statistics, 1101700 SNPs remain.
1087196 SNPs with valid alleles.

Heritability of phenotype 8/19
------------------------------
Total Observed scale h2: 0.4112 (0.0815)
Lambda GC: 1.0618
Mean Chi^2: 1.0712
Intercept: 1.019 (0.0074)
Ratio: 0.2669 (0.1033)

Genetic Covariance
------------------
Total Observed scale gencov: -0.0598 (0.047)
Mean z1*z2: 0.0342
Intercept: 0.0446 (0.0049)

Genetic Correlation
-------------------
Genetic Correlation: -0.165 (0.1341)
Z-score: -1.2301
P: 0.2187

Computing rg for phenotype 9/19
Reading summary statistics from /projects/pfenninggroup/machineLearningForComputationalBiology/addiction_gwas_enrichment/gwas_enrichment/gwas_sumstats/CoffeePerDay-Cornelis_2015.sumstats.gz ...
Read summary statistics for 1215001 SNPs.
After merging with summary statistics, 1101700 SNPs remain.
988939 SNPs with valid alleles.

Heritability of phenotype 9/19
------------------------------
Total Observed scale h2: 0.0428 (0.0095)
Lambda GC: 1.0649
Mean Chi^2: 1.087
Intercept: 1.0057 (0.0088)
Ratio: 0.0658 (0.1008)

Genetic Covariance
------------------
Total Observed scale gencov: -0.0215 (0.0133)
Mean z1*z2: -0.0013
Intercept: 0.0118 (0.0051)

Genetic Correlation
-------------------
Genetic Correlation: -0.1911 (0.1213)
Z-score: -1.5751
P: 0.1152

Computing rg for phenotype 10/19
Reading summary statistics from /projects/pfenninggroup/machineLearningForComputationalBiology/addiction_gwas_enrichment/gwas_enrichment/gwas_sumstats/DrinksPerWeek-Liu_2019.sumstats.gz ...
Read summary statistics for 1215001 SNPs.
After merging with summary statistics, 1101700 SNPs remain.
1091879 SNPs with valid alleles.

Heritability of phenotype 10/19
-------------------------------
Total Observed scale h2: 0.0499 (0.0024)
Lambda GC: 1.334
Mean Chi^2: 1.471
Intercept: 0.9159 (0.0105)
Ratio < 0 (usually indicates GC correction).

Genetic Covariance
------------------
Total Observed scale gencov: -0.0088 (0.0073)
Mean z1*z2: -0.0023
Intercept: 0.0081 (0.0061)

Genetic Correlation
-------------------
Genetic Correlation: -0.0693 (0.0581)
Z-score: -1.1932
P: 0.2328

Computing rg for phenotype 11/19
Reading summary statistics from /projects/pfenninggroup/machineLearningForComputationalBiology/addiction_gwas_enrichment/gwas_enrichment/gwas_sumstats/EduAttain-Lee_2018.sumstats.gz ...
Read summary statistics for 1215001 SNPs.
After merging with summary statistics, 1101700 SNPs remain.
1089548 SNPs with valid alleles.

Heritability of phenotype 11/19
-------------------------------
Total Observed scale h2: 0.0756 (0.0022)
Lambda GC: 2.1545
Mean Chi^2: 2.7277
Intercept: 0.9912 (0.0188)
Ratio < 0 (usually indicates GC correction).

Genetic Covariance
------------------
Total Observed scale gencov: 0.0372 (0.0062)
Mean z1*z2: 0.0683
Intercept: -0.008 (0.0067)

Genetic Correlation
-------------------
Genetic Correlation: 0.239 (0.0413)
Z-score: 5.7853
P: 7.2397e-09

Computing rg for phenotype 12/19
Reading summary statistics from /projects/pfenninggroup/machineLearningForComputationalBiology/addiction_gwas_enrichment/gwas_enrichment/gwas_sumstats/LBM-Zillikens_2017.sumstats.gz ...
Read summary statistics for 1215001 SNPs.
After merging with summary statistics, 1101700 SNPs remain.
980870 SNPs with valid alleles.

Heritability of phenotype 12/19
-------------------------------
Total Observed scale h2: 0.137 (0.0147)
Lambda GC: 1.0895
Mean Chi^2: 1.1012
Intercept: 0.9939 (0.0079)
Ratio < 0 (usually indicates GC correction).

Genetic Covariance
------------------
Total Observed scale gencov: -0.0291 (0.0219)
Mean z1*z2: -0.0054
Intercept: 0.005 (0.0055)

Genetic Correlation
-------------------
Genetic Correlation: -0.1381 (0.1056)
Z-score: -1.3076
P: 0.191

Computing rg for phenotype 13/19
Reading summary statistics from /projects/pfenninggroup/machineLearningForComputationalBiology/addiction_gwas_enrichment/gwas_enrichment/gwas_sumstats/OCD-IOCDF_2017.sumstats.gz ...
Read summary statistics for 1215001 SNPs.
After merging with summary statistics, 1101700 SNPs remain.
1101700 SNPs with valid alleles.

Heritability of phenotype 13/19
-------------------------------
Total Observed scale h2: 0.3217 (0.0498)
Lambda GC: 1.0527
Mean Chi^2: 1.0563
Intercept: 0.9928 (0.0068)
Ratio < 0 (usually indicates GC correction).

Genetic Covariance
------------------
Total Observed scale gencov: 0.3217 (0.0498)
Mean z1*z2: 1.0563
Intercept: 0.9928 (0.0068)

Genetic Correlation
-------------------
Genetic Correlation: 1. (1.1192e-06)
Z-score: 893489.8223
P: 0.

Computing rg for phenotype 14/19
Reading summary statistics from /projects/pfenninggroup/machineLearningForComputationalBiology/addiction_gwas_enrichment/gwas_enrichment/gwas_sumstats/OpioidDep-Cheng_2018.sumstats.gz ...
Read summary statistics for 1215001 SNPs.
After merging with summary statistics, 1101700 SNPs remain.
1093774 SNPs with valid alleles.

Heritability of phenotype 14/19
-------------------------------
Total Observed scale h2: 0.0468 (0.0573)
Lambda GC: 1.0405
Mean Chi^2: 1.0325
Intercept: 1.0261 (0.0059)
Ratio: 0.8028 (0.1806)

Genetic Covariance
------------------
Total Observed scale gencov: -0.0176 (0.0399)
Mean z1*z2: -0.0009
Intercept: 0.0016 (0.0046)

Genetic Correlation
-------------------
Genetic Correlation: -0.1431 (0.3392)
Z-score: -0.4217
P: 0.6732

Computing rg for phenotype 15/19
Reading summary statistics from /projects/pfenninggroup/machineLearningForComputationalBiology/addiction_gwas_enrichment/gwas_enrichment/gwas_sumstats/RiskyBehavior-Linner_2019.sumstats.gz ...
Read summary statistics for 1215001 SNPs.
After merging with summary statistics, 1101700 SNPs remain.
1096199 SNPs with valid alleles.

Heritability of phenotype 15/19
-------------------------------
Total Observed scale h2: 0.1145 (0.0048)
Lambda GC: 1.5217
Mean Chi^2: 1.7504
Intercept: 1.0075 (0.0122)
Ratio: 0.01 (0.0163)

Genetic Covariance
------------------
Total Observed scale gencov: -0.0163 (0.0107)
Mean z1*z2: -0.0244
Intercept: -0.0055 (0.0068)

Genetic Correlation
-------------------
Genetic Correlation: -0.0845 (0.0552)
Z-score: -1.5289
P: 0.1263

Computing rg for phenotype 16/19
Reading summary statistics from /projects/pfenninggroup/machineLearningForComputationalBiology/addiction_gwas_enrichment/gwas_enrichment/gwas_sumstats/Schizophrenia-PGC_2014.sumstats.gz ...
Read summary statistics for 1215001 SNPs.
After merging with summary statistics, 1101700 SNPs remain.
1075225 SNPs with valid alleles.

Heritability of phenotype 16/19
-------------------------------
Total Observed scale h2: 0.4731 (0.02)
Lambda GC: 1.607
Mean Chi^2: 1.801
Intercept: 1.0401 (0.0138)
Ratio: 0.0501 (0.0172)

Genetic Covariance
------------------
Total Observed scale gencov: 0.1313 (0.0222)
Mean z1*z2: 0.1081
Intercept: 0.0333 (0.0074)

Genetic Correlation
-------------------
Genetic Correlation: 0.3285 (0.058)
Z-score: 5.6663
P: 1.4595e-08

Computing rg for phenotype 17/19
Reading summary statistics from /projects/pfenninggroup/machineLearningForComputationalBiology/addiction_gwas_enrichment/gwas_enrichment/gwas_sumstats/SleepDuration-Dashti_2019.sumstats.gz ...
Read summary statistics for 1215001 SNPs.
After merging with summary statistics, 1101700 SNPs remain.
1095922 SNPs with valid alleles.

Heritability of phenotype 17/19
-------------------------------
Total Observed scale h2: 0.069 (0.003)
Lambda GC: 1.4926
Mean Chi^2: 1.6475
Intercept: 1.0219 (0.0111)
Ratio: 0.0338 (0.0171)

Genetic Covariance
------------------
Total Observed scale gencov: -0.0052 (0.0073)
Mean z1*z2: -0.0125
Intercept: -0.0012 (0.006)

Genetic Correlation
-------------------
Genetic Correlation: -0.0345 (0.0481)
Z-score: -0.7178
P: 0.4729

Computing rg for phenotype 18/19
Reading summary statistics from /projects/pfenninggroup/machineLearningForComputationalBiology/addiction_gwas_enrichment/gwas_enrichment/gwas_sumstats/SmokingCessation-Liu_2019.sumstats.gz ...
Read summary statistics for 1215001 SNPs.
After merging with summary statistics, 1101700 SNPs remain.
1096082 SNPs with valid alleles.

Heritability of phenotype 18/19
-------------------------------
Total Observed scale h2: 0.032 (0.0022)
Lambda GC: 1.1587
Mean Chi^2: 1.1844
Intercept: 0.9791 (0.0088)
Ratio < 0 (usually indicates GC correction).

Genetic Covariance
------------------
Total Observed scale gencov: 0.0059 (0.0074)
Mean z1*z2: 0.0044
Intercept: -0.0026 (0.0053)

Genetic Correlation
-------------------
Genetic Correlation: 0.0578 (0.0729)
Z-score: 0.7921
P: 0.4283

Computing rg for phenotype 19/19
Reading summary statistics from /projects/pfenninggroup/machineLearningForComputationalBiology/addiction_gwas_enrichment/gwas_enrichment/gwas_sumstats/SmokingInitiation-Liu_2019.sumstats.gz ...
Read summary statistics for 1215001 SNPs.
After merging with summary statistics, 1101700 SNPs remain.
1078830 SNPs with valid alleles.

Heritability of phenotype 19/19
-------------------------------
Total Observed scale h2: 0.0694 (0.0026)
Lambda GC: 1.5254
Mean Chi^2: 1.7804
Intercept: 0.8864 (0.0118)
Ratio < 0 (usually indicates GC correction).

Genetic Covariance
------------------
Total Observed scale gencov: 0.0327 (0.0073)
Mean z1*z2: 0.0394
Intercept: -0.0089 (0.006)

Genetic Correlation
-------------------
Genetic Correlation: 0.2185 (0.0484)
Z-score: 4.5159
P: 6.3051e-06


Summary of Genetic Correlation Results
p1                                                                                                                                                             p2      rg          se            z           p  h2_obs  h2_obs_se  h2_int  h2_int_se  gcov_int  gcov_int_se
/projects/pfenninggroup/machineLearningForComputationalBiology/addiction_gwas_enrichment/gwas_enrichment/gwas_sumstats/OCD-IOCDF_2017.sumstats.gz    /projects/pfenninggroup/machineLearningForComputationalBiology/addiction_gwas_enrichment/gwas_enrichment/gwas_sumstats/AgeOfInitiation-Liu_2019.sumstats.gz -0.2508  6.3454e-02      -3.9525  7.7325e-05  0.0474     0.0031  0.9782     0.0084    0.0059       0.0048
/projects/pfenninggroup/machineLearningForComputationalBiology/addiction_gwas_enrichment/gwas_enrichment/gwas_sumstats/OCD-IOCDF_2017.sumstats.gz               /projects/pfenninggroup/machineLearningForComputationalBiology/addiction_gwas_enrichment/gwas_enrichment/gwas_sumstats/BMD-Kemp_2017.sumstats.gz  0.0409  4.1775e-02       0.9780  3.2809e-01  0.3771     0.0355  1.0780     0.0347   -0.0051       0.0069
/projects/pfenninggroup/machineLearningForComputationalBiology/addiction_gwas_enrichment/gwas_enrichment/gwas_sumstats/OCD-IOCDF_2017.sumstats.gz             /projects/pfenninggroup/machineLearningForComputationalBiology/addiction_gwas_enrichment/gwas_enrichment/gwas_sumstats/CAD-Howson_2017.sumstats.gz -0.0164  8.6542e-02      -0.1899  8.4942e-01  0.0733     0.0100  1.0239     0.0101   -0.0045       0.0056
/projects/pfenninggroup/machineLearningForComputationalBiology/addiction_gwas_enrichment/gwas_enrichment/gwas_sumstats/OCD-IOCDF_2017.sumstats.gz        /projects/pfenninggroup/machineLearningForComputationalBiology/addiction_gwas_enrichment/gwas_enrichment/gwas_sumstats/Cannabis-Pasman_2018.sumstats.gz  0.0342  8.7587e-02       0.3903  6.9634e-01  0.1918     0.0128  0.9984     0.0084    0.0040       0.0060
/projects/pfenninggroup/machineLearningForComputationalBiology/addiction_gwas_enrichment/gwas_enrichment/gwas_sumstats/OCD-IOCDF_2017.sumstats.gz   /projects/pfenninggroup/machineLearningForComputationalBiology/addiction_gwas_enrichment/gwas_enrichment/gwas_sumstats/ChronicPain-Johnston_2019.sumstats.gz -0.4186  3.2209e-01      -1.2997  1.9369e-01  0.0737     0.0094  1.0373     0.0386    0.0253       0.0211
/projects/pfenninggroup/machineLearningForComputationalBiology/addiction_gwas_enrichment/gwas_enrichment/gwas_sumstats/OCD-IOCDF_2017.sumstats.gz   /projects/pfenninggroup/machineLearningForComputationalBiology/addiction_gwas_enrichment/gwas_enrichment/gwas_sumstats/CigarettesPerDay-Liu_2019.sumstats.gz  0.1182  5.6912e-02       2.0760  3.7891e-02  0.0744     0.0098  0.9499     0.0178   -0.0079       0.0055
/projects/pfenninggroup/machineLearningForComputationalBiology/addiction_gwas_enrichment/gwas_enrichment/gwas_sumstats/OCD-IOCDF_2017.sumstats.gz   /projects/pfenninggroup/machineLearningForComputationalBiology/addiction_gwas_enrichment/gwas_enrichment/gwas_sumstats/CocaineDep-Dominguez_2019.sumstats.gz -0.1650  1.3411e-01      -1.2301  2.1866e-01  0.4112     0.0815  1.0190     0.0074    0.0446       0.0049
/projects/pfenninggroup/machineLearningForComputationalBiology/addiction_gwas_enrichment/gwas_enrichment/gwas_sumstats/OCD-IOCDF_2017.sumstats.gz  /projects/pfenninggroup/machineLearningForComputationalBiology/addiction_gwas_enrichment/gwas_enrichment/gwas_sumstats/CoffeePerDay-Cornelis_2015.sumstats.gz -0.1911  1.2129e-01      -1.5751  1.1523e-01  0.0428     0.0095  1.0057     0.0088    0.0118       0.0051
/projects/pfenninggroup/machineLearningForComputationalBiology/addiction_gwas_enrichment/gwas_enrichment/gwas_sumstats/OCD-IOCDF_2017.sumstats.gz      /projects/pfenninggroup/machineLearningForComputationalBiology/addiction_gwas_enrichment/gwas_enrichment/gwas_sumstats/DrinksPerWeek-Liu_2019.sumstats.gz -0.0693  5.8056e-02      -1.1932  2.3279e-01  0.0499     0.0024  0.9159     0.0105    0.0081       0.0061
/projects/pfenninggroup/machineLearningForComputationalBiology/addiction_gwas_enrichment/gwas_enrichment/gwas_sumstats/OCD-IOCDF_2017.sumstats.gz          /projects/pfenninggroup/machineLearningForComputationalBiology/addiction_gwas_enrichment/gwas_enrichment/gwas_sumstats/EduAttain-Lee_2018.sumstats.gz  0.2390  4.1312e-02       5.7853  7.2397e-09  0.0756     0.0022  0.9912     0.0188   -0.0080       0.0067
/projects/pfenninggroup/machineLearningForComputationalBiology/addiction_gwas_enrichment/gwas_enrichment/gwas_sumstats/OCD-IOCDF_2017.sumstats.gz          /projects/pfenninggroup/machineLearningForComputationalBiology/addiction_gwas_enrichment/gwas_enrichment/gwas_sumstats/LBM-Zillikens_2017.sumstats.gz -0.1381  1.0561e-01      -1.3076  1.9099e-01  0.1370     0.0147  0.9939     0.0079    0.0050       0.0055
/projects/pfenninggroup/machineLearningForComputationalBiology/addiction_gwas_enrichment/gwas_enrichment/gwas_sumstats/OCD-IOCDF_2017.sumstats.gz              /projects/pfenninggroup/machineLearningForComputationalBiology/addiction_gwas_enrichment/gwas_enrichment/gwas_sumstats/OCD-IOCDF_2017.sumstats.gz  1.0000  1.1192e-06  893489.8223  0.0000e+00  0.3217     0.0498  0.9928     0.0068    0.9928       0.0068
/projects/pfenninggroup/machineLearningForComputationalBiology/addiction_gwas_enrichment/gwas_enrichment/gwas_sumstats/OCD-IOCDF_2017.sumstats.gz        /projects/pfenninggroup/machineLearningForComputationalBiology/addiction_gwas_enrichment/gwas_enrichment/gwas_sumstats/OpioidDep-Cheng_2018.sumstats.gz -0.1431  3.3924e-01      -0.4217  6.7323e-01  0.0468     0.0573  1.0261     0.0059    0.0016       0.0046
/projects/pfenninggroup/machineLearningForComputationalBiology/addiction_gwas_enrichment/gwas_enrichment/gwas_sumstats/OCD-IOCDF_2017.sumstats.gz   /projects/pfenninggroup/machineLearningForComputationalBiology/addiction_gwas_enrichment/gwas_enrichment/gwas_sumstats/RiskyBehavior-Linner_2019.sumstats.gz -0.0845  5.5239e-02      -1.5289  1.2628e-01  0.1145     0.0048  1.0075     0.0122   -0.0055       0.0068
/projects/pfenninggroup/machineLearningForComputationalBiology/addiction_gwas_enrichment/gwas_enrichment/gwas_sumstats/OCD-IOCDF_2017.sumstats.gz      /projects/pfenninggroup/machineLearningForComputationalBiology/addiction_gwas_enrichment/gwas_enrichment/gwas_sumstats/Schizophrenia-PGC_2014.sumstats.gz  0.3285  5.7978e-02       5.6663  1.4595e-08  0.4731     0.0200  1.0401     0.0138    0.0333       0.0074
/projects/pfenninggroup/machineLearningForComputationalBiology/addiction_gwas_enrichment/gwas_enrichment/gwas_sumstats/OCD-IOCDF_2017.sumstats.gz   /projects/pfenninggroup/machineLearningForComputationalBiology/addiction_gwas_enrichment/gwas_enrichment/gwas_sumstats/SleepDuration-Dashti_2019.sumstats.gz -0.0345  4.8061e-02      -0.7178  4.7286e-01  0.0690     0.0030  1.0219     0.0111   -0.0012       0.0060
/projects/pfenninggroup/machineLearningForComputationalBiology/addiction_gwas_enrichment/gwas_enrichment/gwas_sumstats/OCD-IOCDF_2017.sumstats.gz   /projects/pfenninggroup/machineLearningForComputationalBiology/addiction_gwas_enrichment/gwas_enrichment/gwas_sumstats/SmokingCessation-Liu_2019.sumstats.gz  0.0578  7.2919e-02       0.7921  4.2830e-01  0.0320     0.0022  0.9791     0.0088   -0.0026       0.0053
/projects/pfenninggroup/machineLearningForComputationalBiology/addiction_gwas_enrichment/gwas_enrichment/gwas_sumstats/OCD-IOCDF_2017.sumstats.gz  /projects/pfenninggroup/machineLearningForComputationalBiology/addiction_gwas_enrichment/gwas_enrichment/gwas_sumstats/SmokingInitiation-Liu_2019.sumstats.gz  0.2185  4.8395e-02       4.5159  6.3051e-06  0.0694     0.0026  0.8864     0.0118   -0.0089       0.0060

Analysis finished at Mon Jun  1 01:17:25 2020
Total time elapsed: 3.0m:19.6s
