*********************************************************************
* LD Score Regression (LDSC)
* Version 1.0.1
* (C) 2014-2019 Brendan Bulik-Sullivan and Hilary Finucane
* Broad Institute of MIT and Harvard / MIT Department of Mathematics
* GNU General Public License v3
*********************************************************************
Call: 
./ldsc.py \
--ref-ld-chr /projects/pfenninggroup/machineLearningForComputationalBiology/gwasEnrichments/background/eur_w_ld_chr/ \
--out tables/p1_RiskyBehavior-Linner_2019_correlation \
--rg /projects/pfenninggroup/machineLearningForComputationalBiology/addiction_gwas_enrichment/gwas_enrichment/gwas_sumstats/RiskyBehavior-Linner_2019.sumstats.gz,/projects/pfenninggroup/machineLearningForComputationalBiology/addiction_gwas_enrichment/gwas_enrichment/gwas_sumstats/AgeOfInitiation-Liu_2019.sumstats.gz,/projects/pfenninggroup/machineLearningForComputationalBiology/addiction_gwas_enrichment/gwas_enrichment/gwas_sumstats/BMD-Kemp_2017.sumstats.gz,/projects/pfenninggroup/machineLearningForComputationalBiology/addiction_gwas_enrichment/gwas_enrichment/gwas_sumstats/CAD-Howson_2017.sumstats.gz,/projects/pfenninggroup/machineLearningForComputationalBiology/addiction_gwas_enrichment/gwas_enrichment/gwas_sumstats/Cannabis-Pasman_2018.sumstats.gz,/projects/pfenninggroup/machineLearningForComputationalBiology/addiction_gwas_enrichment/gwas_enrichment/gwas_sumstats/ChronicPain-Johnston_2019.sumstats.gz,/projects/pfenninggroup/machineLearningForComputationalBiology/addiction_gwas_enrichment/gwas_enrichment/gwas_sumstats/CigarettesPerDay-Liu_2019.sumstats.gz,/projects/pfenninggroup/machineLearningForComputationalBiology/addiction_gwas_enrichment/gwas_enrichment/gwas_sumstats/CocaineDep-Dominguez_2019.sumstats.gz,/projects/pfenninggroup/machineLearningForComputationalBiology/addiction_gwas_enrichment/gwas_enrichment/gwas_sumstats/CoffeePerDay-Cornelis_2015.sumstats.gz,/projects/pfenninggroup/machineLearningForComputationalBiology/addiction_gwas_enrichment/gwas_enrichment/gwas_sumstats/DrinksPerWeek-Liu_2019.sumstats.gz,/projects/pfenninggroup/machineLearningForComputationalBiology/addiction_gwas_enrichment/gwas_enrichment/gwas_sumstats/EduAttain-Lee_2018.sumstats.gz,/projects/pfenninggroup/machineLearningForComputationalBiology/addiction_gwas_enrichment/gwas_enrichment/gwas_sumstats/LBM-Zillikens_2017.sumstats.gz,/projects/pfenninggroup/machineLearningForComputationalBiology/addiction_gwas_enrichment/gwas_enrichment/gwas_sumstats/OCD-IOCDF_2017.sumstats.gz,/projects/pfenninggroup/machineLearningForComputationalBiology/addiction_gwas_enrichment/gwas_enrichment/gwas_sumstats/OpioidDep-Cheng_2018.sumstats.gz,/projects/pfenninggroup/machineLearningForComputationalBiology/addiction_gwas_enrichment/gwas_enrichment/gwas_sumstats/RiskyBehavior-Linner_2019.sumstats.gz,/projects/pfenninggroup/machineLearningForComputationalBiology/addiction_gwas_enrichment/gwas_enrichment/gwas_sumstats/Schizophrenia-PGC_2014.sumstats.gz,/projects/pfenninggroup/machineLearningForComputationalBiology/addiction_gwas_enrichment/gwas_enrichment/gwas_sumstats/SleepDuration-Dashti_2019.sumstats.gz,/projects/pfenninggroup/machineLearningForComputationalBiology/addiction_gwas_enrichment/gwas_enrichment/gwas_sumstats/SmokingCessation-Liu_2019.sumstats.gz,/projects/pfenninggroup/machineLearningForComputationalBiology/addiction_gwas_enrichment/gwas_enrichment/gwas_sumstats/SmokingInitiation-Liu_2019.sumstats.gz \
--w-ld-chr /projects/pfenninggroup/machineLearningForComputationalBiology/gwasEnrichments/background/eur_w_ld_chr/ 

Beginning analysis at Mon Jun  1 01:14:06 2020
Reading summary statistics from /projects/pfenninggroup/machineLearningForComputationalBiology/addiction_gwas_enrichment/gwas_enrichment/gwas_sumstats/RiskyBehavior-Linner_2019.sumstats.gz ...
Read summary statistics for 1190670 SNPs.
Reading reference panel LD Score from /projects/pfenninggroup/machineLearningForComputationalBiology/gwasEnrichments/background/eur_w_ld_chr/[1-22] ...
Read reference panel LD Scores for 1290028 SNPs.
Removing partitioned LD Scores with zero variance.
Reading regression weight LD Score from /projects/pfenninggroup/machineLearningForComputationalBiology/gwasEnrichments/background/eur_w_ld_chr/[1-22] ...
Read regression weight LD Scores for 1290028 SNPs.
After merging with reference panel LD, 1177066 SNPs remain.
After merging with regression SNP LD, 1177066 SNPs remain.
Computing rg for phenotype 2/19
Reading summary statistics from /projects/pfenninggroup/machineLearningForComputationalBiology/addiction_gwas_enrichment/gwas_enrichment/gwas_sumstats/AgeOfInitiation-Liu_2019.sumstats.gz ...
Read summary statistics for 1215001 SNPs.
After merging with summary statistics, 1177066 SNPs remain.
1172141 SNPs with valid alleles.

Heritability of phenotype 1
---------------------------
Total Observed scale h2: 0.1136 (0.0046)
Lambda GC: 1.5217
Mean Chi^2: 1.7173
Intercept: 1.0096 (0.0106)
Ratio: 0.0134 (0.0148)

Heritability of phenotype 2/19
------------------------------
Total Observed scale h2: 0.0473 (0.0029)
Lambda GC: 1.194
Mean Chi^2: 1.2181
Intercept: 0.9788 (0.0076)
Ratio < 0 (usually indicates GC correction).

Genetic Covariance
------------------
Total Observed scale gencov: 0.0298 (0.0023)
Mean z1*z2: 0.1539
Intercept: -0.0131 (0.006)

Genetic Correlation
-------------------
Genetic Correlation: 0.4061 (0.028)
Z-score: 14.5057
P: 1.1154e-47

Computing rg for phenotype 3/19
Reading summary statistics from /projects/pfenninggroup/machineLearningForComputationalBiology/addiction_gwas_enrichment/gwas_enrichment/gwas_sumstats/BMD-Kemp_2017.sumstats.gz ...
Read summary statistics for 1215001 SNPs.
After merging with summary statistics, 1177066 SNPs remain.
1159830 SNPs with valid alleles.

Heritability of phenotype 3/19
------------------------------
Total Observed scale h2: 0.3749 (0.0403)
Lambda GC: 1.4926
Mean Chi^2: 2.1479
Intercept: 1.0795 (0.0304)
Ratio: 0.0693 (0.0265)

Genetic Covariance
------------------
Total Observed scale gencov: 0.0012 (0.0045)
Mean z1*z2: 0.0044
Intercept: -0.0191 (0.0078)

Genetic Correlation
-------------------
Genetic Correlation: 0.0059 (0.0221)
Z-score: 0.2677
P: 0.7889

Computing rg for phenotype 4/19
Reading summary statistics from /projects/pfenninggroup/machineLearningForComputationalBiology/addiction_gwas_enrichment/gwas_enrichment/gwas_sumstats/CAD-Howson_2017.sumstats.gz ...
Read summary statistics for 1215001 SNPs.
After merging with summary statistics, 1177066 SNPs remain.
929566 SNPs with valid alleles.

Heritability of phenotype 4/19
------------------------------
Total Observed scale h2: 0.0729 (0.0094)
Lambda GC: 1.105
Mean Chi^2: 1.1449
Intercept: 1.0254 (0.0088)
Ratio: 0.1754 (0.0607)

Genetic Covariance
------------------
Total Observed scale gencov: -0.0004 (0.0036)
Mean z1*z2: -0.0021
Intercept: 0.0028 (0.0064)

Genetic Correlation
-------------------
Genetic Correlation: -0.0049 (0.0399)
Z-score: -0.1229
P: 0.9022

Computing rg for phenotype 5/19
Reading summary statistics from /projects/pfenninggroup/machineLearningForComputationalBiology/addiction_gwas_enrichment/gwas_enrichment/gwas_sumstats/Cannabis-Pasman_2018.sumstats.gz ...
Read summary statistics for 1215001 SNPs.
After merging with summary statistics, 1177066 SNPs remain.
1083684 SNPs with valid alleles.

Heritability of phenotype 5/19
------------------------------
Total Observed scale h2: 0.1905 (0.0127)
Lambda GC: 1.194
Mean Chi^2: 1.2242
Intercept: 0.9996 (0.0083)
Ratio < 0 (usually indicates GC correction).

Genetic Covariance
------------------
Total Observed scale gencov: 0.105 (0.0056)
Mean z1*z2: 0.4546
Intercept: 0.172 (0.0074)

Genetic Correlation
-------------------
Genetic Correlation: 0.7158 (0.0246)
Z-score: 29.0875
P: 5.1668e-186

Computing rg for phenotype 6/19
Reading summary statistics from /projects/pfenninggroup/machineLearningForComputationalBiology/addiction_gwas_enrichment/gwas_enrichment/gwas_sumstats/ChronicPain-Johnston_2019.sumstats.gz ...
Read summary statistics for 1215001 SNPs.
After merging with summary statistics, 1177066 SNPs remain.
96099 SNPs with valid alleles.
WARNING: number of SNPs less than 200k; this is almost always bad.

Heritability of phenotype 6/19
------------------------------
Total Observed scale h2: 0.072 (0.0091)
Lambda GC: 1.4926
Mean Chi^2: 1.6566
Intercept: 1.0559 (0.0365)
Ratio: 0.0852 (0.0555)

Genetic Covariance
------------------
Total Observed scale gencov: 0.0116 (0.0067)
Mean z1*z2: 0.1109
Intercept: 0.0051 (0.0241)

Genetic Correlation
-------------------
Genetic Correlation: 0.1293 (0.0747)
Z-score: 1.7302
P: 0.0836

Computing rg for phenotype 7/19
Reading summary statistics from /projects/pfenninggroup/machineLearningForComputationalBiology/addiction_gwas_enrichment/gwas_enrichment/gwas_sumstats/CigarettesPerDay-Liu_2019.sumstats.gz ...
Read summary statistics for 1215001 SNPs.
After merging with summary statistics, 1177066 SNPs remain.
1172083 SNPs with valid alleles.

Heritability of phenotype 7/19
------------------------------
Total Observed scale h2: 0.0752 (0.0097)
Lambda GC: 1.2201
Mean Chi^2: 1.3306
Intercept: 0.9483 (0.0157)
Ratio < 0 (usually indicates GC correction).

Genetic Covariance
------------------
Total Observed scale gencov: -0.011 (0.0024)
Mean z1*z2: -0.0734
Intercept: -0.0097 (0.006)

Genetic Correlation
-------------------
Genetic Correlation: -0.1189 (0.03)
Z-score: -3.9616
P: 7.4436e-05

Computing rg for phenotype 8/19
Reading summary statistics from /projects/pfenninggroup/machineLearningForComputationalBiology/addiction_gwas_enrichment/gwas_enrichment/gwas_sumstats/CocaineDep-Dominguez_2019.sumstats.gz ...
Read summary statistics for 1215001 SNPs.
After merging with summary statistics, 1177066 SNPs remain.
1153873 SNPs with valid alleles.

Heritability of phenotype 8/19
------------------------------
Total Observed scale h2: 0.4258 (0.0822)
Lambda GC: 1.0618
Mean Chi^2: 1.0695
Intercept: 1.0175 (0.0068)
Ratio: 0.2514 (0.0985)

Genetic Covariance
------------------
Total Observed scale gencov: 0.0896 (0.0118)
Mean z1*z2: 0.0744
Intercept: -0.0048 (0.006)

Genetic Correlation
-------------------
Genetic Correlation: 0.4079 (0.0609)
Z-score: 6.7024
P: 2.0498e-11

Computing rg for phenotype 9/19
Reading summary statistics from /projects/pfenninggroup/machineLearningForComputationalBiology/addiction_gwas_enrichment/gwas_enrichment/gwas_sumstats/CoffeePerDay-Cornelis_2015.sumstats.gz ...
Read summary statistics for 1215001 SNPs.
After merging with summary statistics, 1177066 SNPs remain.
1035254 SNPs with valid alleles.

Heritability of phenotype 9/19
------------------------------
Total Observed scale h2: 0.0434 (0.0074)
Lambda GC: 1.0649
Mean Chi^2: 1.0846
Intercept: 1.0046 (0.0071)
Ratio: 0.0547 (0.0844)

Genetic Covariance
------------------
Total Observed scale gencov: 0.0111 (0.0036)
Mean z1*z2: 0.0382
Intercept: 0.001 (0.0062)

Genetic Correlation
-------------------
Genetic Correlation: 0.1592 (0.0511)
Z-score: 3.1183
P: 0.0018

Computing rg for phenotype 10/19
Reading summary statistics from /projects/pfenninggroup/machineLearningForComputationalBiology/addiction_gwas_enrichment/gwas_enrichment/gwas_sumstats/DrinksPerWeek-Liu_2019.sumstats.gz ...
Read summary statistics for 1215001 SNPs.
After merging with summary statistics, 1177066 SNPs remain.
1171990 SNPs with valid alleles.

Heritability of phenotype 10/19
-------------------------------
Total Observed scale h2: 0.0491 (0.0022)
Lambda GC: 1.3169
Mean Chi^2: 1.4479
Intercept: 0.9221 (0.009)
Ratio < 0 (usually indicates GC correction).

Genetic Covariance
------------------
Total Observed scale gencov: -0.0521 (0.0024)
Mean z1*z2: -0.7578
Intercept: -0.3273 (0.0077)

Genetic Correlation
-------------------
Genetic Correlation: -0.6972 (0.0151)
Z-score: -46.0393
P: 0.

Computing rg for phenotype 11/19
Reading summary statistics from /projects/pfenninggroup/machineLearningForComputationalBiology/addiction_gwas_enrichment/gwas_enrichment/gwas_sumstats/EduAttain-Lee_2018.sumstats.gz ...
Read summary statistics for 1215001 SNPs.
After merging with summary statistics, 1177066 SNPs remain.
1165241 SNPs with valid alleles.

Heritability of phenotype 11/19
-------------------------------
Total Observed scale h2: 0.0761 (0.002)
Lambda GC: 2.094
Mean Chi^2: 2.6532
Intercept: 0.9786 (0.016)
Ratio < 0 (usually indicates GC correction).

Genetic Covariance
------------------
Total Observed scale gencov: -0.003 (0.0018)
Mean z1*z2: -0.0047
Intercept: 0.0377 (0.0082)

Genetic Correlation
-------------------
Genetic Correlation: -0.0318 (0.02)
Z-score: -1.5896
P: 0.1119

Computing rg for phenotype 12/19
Reading summary statistics from /projects/pfenninggroup/machineLearningForComputationalBiology/addiction_gwas_enrichment/gwas_enrichment/gwas_sumstats/LBM-Zillikens_2017.sumstats.gz ...
Read summary statistics for 1215001 SNPs.
After merging with summary statistics, 1177066 SNPs remain.
1021854 SNPs with valid alleles.

Heritability of phenotype 12/19
-------------------------------
Total Observed scale h2: 0.1299 (0.0153)
Lambda GC: 1.0864
Mean Chi^2: 1.0993
Intercept: 0.9998 (0.0078)
Ratio < 0 (usually indicates GC correction).

Genetic Covariance
------------------
Total Observed scale gencov: 0.0075 (0.0047)
Mean z1*z2: 0.0282
Intercept: 0.0087 (0.006)

Genetic Correlation
-------------------
Genetic Correlation: 0.0618 (0.0389)
Z-score: 1.5883
P: 0.1122

Computing rg for phenotype 13/19
Reading summary statistics from /projects/pfenninggroup/machineLearningForComputationalBiology/addiction_gwas_enrichment/gwas_enrichment/gwas_sumstats/OCD-IOCDF_2017.sumstats.gz ...
Read summary statistics for 1215001 SNPs.
After merging with summary statistics, 1177066 SNPs remain.
1096199 SNPs with valid alleles.

Heritability of phenotype 13/19
-------------------------------
Total Observed scale h2: 0.3243 (0.0502)
Lambda GC: 1.0527
Mean Chi^2: 1.0564
Intercept: 0.9924 (0.0068)
Ratio < 0 (usually indicates GC correction).

Genetic Covariance
------------------
Total Observed scale gencov: -0.0163 (0.0107)
Mean z1*z2: -0.0244
Intercept: -0.0055 (0.0068)

Genetic Correlation
-------------------
Genetic Correlation: -0.0845 (0.0552)
Z-score: -1.5289
P: 0.1263

Computing rg for phenotype 14/19
Reading summary statistics from /projects/pfenninggroup/machineLearningForComputationalBiology/addiction_gwas_enrichment/gwas_enrichment/gwas_sumstats/OpioidDep-Cheng_2018.sumstats.gz ...
Read summary statistics for 1215001 SNPs.
After merging with summary statistics, 1177066 SNPs remain.
1162185 SNPs with valid alleles.

Heritability of phenotype 14/19
-------------------------------
Total Observed scale h2: 0.0358 (0.0586)
Lambda GC: 1.0436
Mean Chi^2: 1.0324
Intercept: 1.0276 (0.0056)
Ratio: 0.8538 (0.1734)

Genetic Covariance
------------------
Total Observed scale gencov: 0.0029 (0.009)
Mean z1*z2: -0.0033
Intercept: -0.0051 (0.0046)

Genetic Correlation
-------------------
Genetic Correlation: 0.0463 (0.1477)
Z-score: 0.3135
P: 0.7539

Computing rg for phenotype 15/19
Reading summary statistics from /projects/pfenninggroup/machineLearningForComputationalBiology/addiction_gwas_enrichment/gwas_enrichment/gwas_sumstats/RiskyBehavior-Linner_2019.sumstats.gz ...
Read summary statistics for 1215001 SNPs.
After merging with summary statistics, 1177066 SNPs remain.
1177066 SNPs with valid alleles.

Heritability of phenotype 15/19
-------------------------------
Total Observed scale h2: 0.1135 (0.0046)
Lambda GC: 1.5217
Mean Chi^2: 1.7173
Intercept: 1.0099 (0.0106)
Ratio: 0.0139 (0.0148)

Genetic Covariance
------------------
Total Observed scale gencov: 0.1135 (0.0046)
Mean z1*z2: 1.7173
Intercept: 1.0099 (0.0106)

Genetic Correlation
-------------------
Genetic Correlation: 1. (1.3772e-06)
Z-score: 726101.9118
P: 0.

Computing rg for phenotype 16/19
Reading summary statistics from /projects/pfenninggroup/machineLearningForComputationalBiology/addiction_gwas_enrichment/gwas_enrichment/gwas_sumstats/Schizophrenia-PGC_2014.sumstats.gz ...
Read summary statistics for 1215001 SNPs.
After merging with summary statistics, 1177066 SNPs remain.
1111329 SNPs with valid alleles.

Heritability of phenotype 16/19
-------------------------------
Total Observed scale h2: 0.4714 (0.019)
Lambda GC: 1.592
Mean Chi^2: 1.7832
Intercept: 1.0392 (0.0124)
Ratio: 0.05 (0.0158)

Genetic Covariance
------------------
Total Observed scale gencov: 0.0395 (0.0054)
Mean z1*z2: 0.1188
Intercept: -0.0009 (0.0076)

Genetic Correlation
-------------------
Genetic Correlation: 0.1695 (0.023)
Z-score: 7.3764
P: 1.6265e-13

Computing rg for phenotype 17/19
Reading summary statistics from /projects/pfenninggroup/machineLearningForComputationalBiology/addiction_gwas_enrichment/gwas_enrichment/gwas_sumstats/SleepDuration-Dashti_2019.sumstats.gz ...
Read summary statistics for 1215001 SNPs.
After merging with summary statistics, 1177066 SNPs remain.
1168486 SNPs with valid alleles.

Heritability of phenotype 17/19
-------------------------------
Total Observed scale h2: 0.0684 (0.003)
Lambda GC: 1.4926
Mean Chi^2: 1.6209
Intercept: 1.0232 (0.0099)
Ratio: 0.0374 (0.016)

Genetic Covariance
------------------
Total Observed scale gencov: 0.0065 (0.0023)
Mean z1*z2: 0.0454
Intercept: 0.0051 (0.0072)

Genetic Correlation
-------------------
Genetic Correlation: 0.0734 (0.0267)
Z-score: 2.7459
P: 0.006

Computing rg for phenotype 18/19
Reading summary statistics from /projects/pfenninggroup/machineLearningForComputationalBiology/addiction_gwas_enrichment/gwas_enrichment/gwas_sumstats/SmokingCessation-Liu_2019.sumstats.gz ...
Read summary statistics for 1215001 SNPs.
After merging with summary statistics, 1177066 SNPs remain.
1176586 SNPs with valid alleles.

Heritability of phenotype 18/19
-------------------------------
Total Observed scale h2: 0.0318 (0.0021)
Lambda GC: 1.1459
Mean Chi^2: 1.1756
Intercept: 0.9805 (0.0074)
Ratio < 0 (usually indicates GC correction).

Genetic Covariance
------------------
Total Observed scale gencov: -0.0116 (0.002)
Mean z1*z2: -0.0469
Intercept: 0.0281 (0.0059)

Genetic Correlation
-------------------
Genetic Correlation: -0.1936 (0.0332)
Z-score: -5.8398
P: 5.2261e-09

Computing rg for phenotype 19/19
Reading summary statistics from /projects/pfenninggroup/machineLearningForComputationalBiology/addiction_gwas_enrichment/gwas_enrichment/gwas_sumstats/SmokingInitiation-Liu_2019.sumstats.gz ...
Read summary statistics for 1215001 SNPs.
After merging with summary statistics, 1177066 SNPs remain.
1157753 SNPs with valid alleles.

Heritability of phenotype 19/19
-------------------------------
Total Observed scale h2: 0.0693 (0.0024)
Lambda GC: 1.4998
Mean Chi^2: 1.7419
Intercept: 0.8871 (0.0098)
Ratio < 0 (usually indicates GC correction).

Genetic Covariance
------------------
Total Observed scale gencov: -0.0664 (0.0026)
Mean z1*z2: -0.8784
Intercept: -0.2908 (0.0077)

Genetic Correlation
-------------------
Genetic Correlation: -0.7485 (0.0119)
Z-score: -62.9368
P: 0.


Summary of Genetic Correlation Results
p1                                                                                                                                                             p2      rg          se            z            p  h2_obs  h2_obs_se  h2_int  h2_int_se  gcov_int  gcov_int_se
/projects/pfenninggroup/machineLearningForComputationalBiology/addiction_gwas_enrichment/gwas_enrichment/gwas_sumstats/RiskyBehavior-Linner_2019.sumstats.gz    /projects/pfenninggroup/machineLearningForComputationalBiology/addiction_gwas_enrichment/gwas_enrichment/gwas_sumstats/AgeOfInitiation-Liu_2019.sumstats.gz  0.4061  2.7997e-02      14.5057   1.1154e-47  0.0473     0.0029  0.9788     0.0076   -0.0131       0.0060
/projects/pfenninggroup/machineLearningForComputationalBiology/addiction_gwas_enrichment/gwas_enrichment/gwas_sumstats/RiskyBehavior-Linner_2019.sumstats.gz               /projects/pfenninggroup/machineLearningForComputationalBiology/addiction_gwas_enrichment/gwas_enrichment/gwas_sumstats/BMD-Kemp_2017.sumstats.gz  0.0059  2.2123e-02       0.2677   7.8893e-01  0.3749     0.0403  1.0795     0.0304   -0.0191       0.0078
/projects/pfenninggroup/machineLearningForComputationalBiology/addiction_gwas_enrichment/gwas_enrichment/gwas_sumstats/RiskyBehavior-Linner_2019.sumstats.gz             /projects/pfenninggroup/machineLearningForComputationalBiology/addiction_gwas_enrichment/gwas_enrichment/gwas_sumstats/CAD-Howson_2017.sumstats.gz -0.0049  3.9921e-02      -0.1229   9.0218e-01  0.0729     0.0094  1.0254     0.0088    0.0028       0.0064
/projects/pfenninggroup/machineLearningForComputationalBiology/addiction_gwas_enrichment/gwas_enrichment/gwas_sumstats/RiskyBehavior-Linner_2019.sumstats.gz        /projects/pfenninggroup/machineLearningForComputationalBiology/addiction_gwas_enrichment/gwas_enrichment/gwas_sumstats/Cannabis-Pasman_2018.sumstats.gz  0.7158  2.4610e-02      29.0875  5.1668e-186  0.1905     0.0127  0.9996     0.0083    0.1720       0.0074
/projects/pfenninggroup/machineLearningForComputationalBiology/addiction_gwas_enrichment/gwas_enrichment/gwas_sumstats/RiskyBehavior-Linner_2019.sumstats.gz   /projects/pfenninggroup/machineLearningForComputationalBiology/addiction_gwas_enrichment/gwas_enrichment/gwas_sumstats/ChronicPain-Johnston_2019.sumstats.gz  0.1293  7.4707e-02       1.7302   8.3597e-02  0.0720     0.0091  1.0559     0.0365    0.0051       0.0241
/projects/pfenninggroup/machineLearningForComputationalBiology/addiction_gwas_enrichment/gwas_enrichment/gwas_sumstats/RiskyBehavior-Linner_2019.sumstats.gz   /projects/pfenninggroup/machineLearningForComputationalBiology/addiction_gwas_enrichment/gwas_enrichment/gwas_sumstats/CigarettesPerDay-Liu_2019.sumstats.gz -0.1189  3.0012e-02      -3.9616   7.4436e-05  0.0752     0.0097  0.9483     0.0157   -0.0097       0.0060
/projects/pfenninggroup/machineLearningForComputationalBiology/addiction_gwas_enrichment/gwas_enrichment/gwas_sumstats/RiskyBehavior-Linner_2019.sumstats.gz   /projects/pfenninggroup/machineLearningForComputationalBiology/addiction_gwas_enrichment/gwas_enrichment/gwas_sumstats/CocaineDep-Dominguez_2019.sumstats.gz  0.4079  6.0858e-02       6.7024   2.0498e-11  0.4258     0.0822  1.0175     0.0068   -0.0048       0.0060
/projects/pfenninggroup/machineLearningForComputationalBiology/addiction_gwas_enrichment/gwas_enrichment/gwas_sumstats/RiskyBehavior-Linner_2019.sumstats.gz  /projects/pfenninggroup/machineLearningForComputationalBiology/addiction_gwas_enrichment/gwas_enrichment/gwas_sumstats/CoffeePerDay-Cornelis_2015.sumstats.gz  0.1592  5.1066e-02       3.1183   1.8187e-03  0.0434     0.0074  1.0046     0.0071    0.0010       0.0062
/projects/pfenninggroup/machineLearningForComputationalBiology/addiction_gwas_enrichment/gwas_enrichment/gwas_sumstats/RiskyBehavior-Linner_2019.sumstats.gz      /projects/pfenninggroup/machineLearningForComputationalBiology/addiction_gwas_enrichment/gwas_enrichment/gwas_sumstats/DrinksPerWeek-Liu_2019.sumstats.gz -0.6972  1.5143e-02     -46.0393   0.0000e+00  0.0491     0.0022  0.9221     0.0090   -0.3273       0.0077
/projects/pfenninggroup/machineLearningForComputationalBiology/addiction_gwas_enrichment/gwas_enrichment/gwas_sumstats/RiskyBehavior-Linner_2019.sumstats.gz          /projects/pfenninggroup/machineLearningForComputationalBiology/addiction_gwas_enrichment/gwas_enrichment/gwas_sumstats/EduAttain-Lee_2018.sumstats.gz -0.0318  1.9975e-02      -1.5896   1.1192e-01  0.0761     0.0020  0.9786     0.0160    0.0377       0.0082
/projects/pfenninggroup/machineLearningForComputationalBiology/addiction_gwas_enrichment/gwas_enrichment/gwas_sumstats/RiskyBehavior-Linner_2019.sumstats.gz          /projects/pfenninggroup/machineLearningForComputationalBiology/addiction_gwas_enrichment/gwas_enrichment/gwas_sumstats/LBM-Zillikens_2017.sumstats.gz  0.0618  3.8918e-02       1.5883   1.1221e-01  0.1299     0.0153  0.9998     0.0078    0.0087       0.0060
/projects/pfenninggroup/machineLearningForComputationalBiology/addiction_gwas_enrichment/gwas_enrichment/gwas_sumstats/RiskyBehavior-Linner_2019.sumstats.gz              /projects/pfenninggroup/machineLearningForComputationalBiology/addiction_gwas_enrichment/gwas_enrichment/gwas_sumstats/OCD-IOCDF_2017.sumstats.gz -0.0845  5.5239e-02      -1.5289   1.2628e-01  0.3243     0.0502  0.9924     0.0068   -0.0055       0.0068
/projects/pfenninggroup/machineLearningForComputationalBiology/addiction_gwas_enrichment/gwas_enrichment/gwas_sumstats/RiskyBehavior-Linner_2019.sumstats.gz        /projects/pfenninggroup/machineLearningForComputationalBiology/addiction_gwas_enrichment/gwas_enrichment/gwas_sumstats/OpioidDep-Cheng_2018.sumstats.gz  0.0463  1.4770e-01       0.3135   7.5389e-01  0.0358     0.0586  1.0276     0.0056   -0.0051       0.0046
/projects/pfenninggroup/machineLearningForComputationalBiology/addiction_gwas_enrichment/gwas_enrichment/gwas_sumstats/RiskyBehavior-Linner_2019.sumstats.gz   /projects/pfenninggroup/machineLearningForComputationalBiology/addiction_gwas_enrichment/gwas_enrichment/gwas_sumstats/RiskyBehavior-Linner_2019.sumstats.gz  1.0000  1.3772e-06  726101.9118   0.0000e+00  0.1135     0.0046  1.0099     0.0106    1.0099       0.0106
/projects/pfenninggroup/machineLearningForComputationalBiology/addiction_gwas_enrichment/gwas_enrichment/gwas_sumstats/RiskyBehavior-Linner_2019.sumstats.gz      /projects/pfenninggroup/machineLearningForComputationalBiology/addiction_gwas_enrichment/gwas_enrichment/gwas_sumstats/Schizophrenia-PGC_2014.sumstats.gz  0.1695  2.2979e-02       7.3764   1.6265e-13  0.4714     0.0190  1.0392     0.0124   -0.0009       0.0076
/projects/pfenninggroup/machineLearningForComputationalBiology/addiction_gwas_enrichment/gwas_enrichment/gwas_sumstats/RiskyBehavior-Linner_2019.sumstats.gz   /projects/pfenninggroup/machineLearningForComputationalBiology/addiction_gwas_enrichment/gwas_enrichment/gwas_sumstats/SleepDuration-Dashti_2019.sumstats.gz  0.0734  2.6746e-02       2.7459   6.0341e-03  0.0684     0.0030  1.0232     0.0099    0.0051       0.0072
/projects/pfenninggroup/machineLearningForComputationalBiology/addiction_gwas_enrichment/gwas_enrichment/gwas_sumstats/RiskyBehavior-Linner_2019.sumstats.gz   /projects/pfenninggroup/machineLearningForComputationalBiology/addiction_gwas_enrichment/gwas_enrichment/gwas_sumstats/SmokingCessation-Liu_2019.sumstats.gz -0.1936  3.3155e-02      -5.8398   5.2261e-09  0.0318     0.0021  0.9805     0.0074    0.0281       0.0059
/projects/pfenninggroup/machineLearningForComputationalBiology/addiction_gwas_enrichment/gwas_enrichment/gwas_sumstats/RiskyBehavior-Linner_2019.sumstats.gz  /projects/pfenninggroup/machineLearningForComputationalBiology/addiction_gwas_enrichment/gwas_enrichment/gwas_sumstats/SmokingInitiation-Liu_2019.sumstats.gz -0.7485  1.1892e-02     -62.9368   0.0000e+00  0.0693     0.0024  0.8871     0.0098   -0.2908       0.0077

Analysis finished at Mon Jun  1 01:17:33 2020
Total time elapsed: 3.0m:27.29s
