*********************************************************************
* LD Score Regression (LDSC)
* Version 1.0.1
* (C) 2014-2019 Brendan Bulik-Sullivan and Hilary Finucane
* Broad Institute of MIT and Harvard / MIT Department of Mathematics
* GNU General Public License v3
*********************************************************************
Call: 
./ldsc.py \
--ref-ld-chr /projects/pfenninggroup/machineLearningForComputationalBiology/gwasEnrichments/background/eur_w_ld_chr/ \
--out tables/p1_SmokingCessation-Liu_2019_correlation \
--rg /projects/pfenninggroup/machineLearningForComputationalBiology/addiction_gwas_enrichment/gwas_enrichment/gwas_sumstats/SmokingCessation-Liu_2019.sumstats.gz,/projects/pfenninggroup/machineLearningForComputationalBiology/addiction_gwas_enrichment/gwas_enrichment/gwas_sumstats/AgeOfInitiation-Liu_2019.sumstats.gz,/projects/pfenninggroup/machineLearningForComputationalBiology/addiction_gwas_enrichment/gwas_enrichment/gwas_sumstats/BMD-Kemp_2017.sumstats.gz,/projects/pfenninggroup/machineLearningForComputationalBiology/addiction_gwas_enrichment/gwas_enrichment/gwas_sumstats/CAD-Howson_2017.sumstats.gz,/projects/pfenninggroup/machineLearningForComputationalBiology/addiction_gwas_enrichment/gwas_enrichment/gwas_sumstats/Cannabis-Pasman_2018.sumstats.gz,/projects/pfenninggroup/machineLearningForComputationalBiology/addiction_gwas_enrichment/gwas_enrichment/gwas_sumstats/ChronicPain-Johnston_2019.sumstats.gz,/projects/pfenninggroup/machineLearningForComputationalBiology/addiction_gwas_enrichment/gwas_enrichment/gwas_sumstats/CigarettesPerDay-Liu_2019.sumstats.gz,/projects/pfenninggroup/machineLearningForComputationalBiology/addiction_gwas_enrichment/gwas_enrichment/gwas_sumstats/CocaineDep-Dominguez_2019.sumstats.gz,/projects/pfenninggroup/machineLearningForComputationalBiology/addiction_gwas_enrichment/gwas_enrichment/gwas_sumstats/CoffeePerDay-Cornelis_2015.sumstats.gz,/projects/pfenninggroup/machineLearningForComputationalBiology/addiction_gwas_enrichment/gwas_enrichment/gwas_sumstats/DrinksPerWeek-Liu_2019.sumstats.gz,/projects/pfenninggroup/machineLearningForComputationalBiology/addiction_gwas_enrichment/gwas_enrichment/gwas_sumstats/EduAttain-Lee_2018.sumstats.gz,/projects/pfenninggroup/machineLearningForComputationalBiology/addiction_gwas_enrichment/gwas_enrichment/gwas_sumstats/LBM-Zillikens_2017.sumstats.gz,/projects/pfenninggroup/machineLearningForComputationalBiology/addiction_gwas_enrichment/gwas_enrichment/gwas_sumstats/OCD-IOCDF_2017.sumstats.gz,/projects/pfenninggroup/machineLearningForComputationalBiology/addiction_gwas_enrichment/gwas_enrichment/gwas_sumstats/OpioidDep-Cheng_2018.sumstats.gz,/projects/pfenninggroup/machineLearningForComputationalBiology/addiction_gwas_enrichment/gwas_enrichment/gwas_sumstats/RiskyBehavior-Linner_2019.sumstats.gz,/projects/pfenninggroup/machineLearningForComputationalBiology/addiction_gwas_enrichment/gwas_enrichment/gwas_sumstats/Schizophrenia-PGC_2014.sumstats.gz,/projects/pfenninggroup/machineLearningForComputationalBiology/addiction_gwas_enrichment/gwas_enrichment/gwas_sumstats/SleepDuration-Dashti_2019.sumstats.gz,/projects/pfenninggroup/machineLearningForComputationalBiology/addiction_gwas_enrichment/gwas_enrichment/gwas_sumstats/SmokingCessation-Liu_2019.sumstats.gz,/projects/pfenninggroup/machineLearningForComputationalBiology/addiction_gwas_enrichment/gwas_enrichment/gwas_sumstats/SmokingInitiation-Liu_2019.sumstats.gz \
--w-ld-chr /projects/pfenninggroup/machineLearningForComputationalBiology/gwasEnrichments/background/eur_w_ld_chr/ 

Beginning analysis at Mon Jun  1 01:14:06 2020
Reading summary statistics from /projects/pfenninggroup/machineLearningForComputationalBiology/addiction_gwas_enrichment/gwas_enrichment/gwas_sumstats/SmokingCessation-Liu_2019.sumstats.gz ...
Read summary statistics for 1191687 SNPs.
Reading reference panel LD Score from /projects/pfenninggroup/machineLearningForComputationalBiology/gwasEnrichments/background/eur_w_ld_chr/[1-22] ...
Read reference panel LD Scores for 1290028 SNPs.
Removing partitioned LD Scores with zero variance.
Reading regression weight LD Score from /projects/pfenninggroup/machineLearningForComputationalBiology/gwasEnrichments/background/eur_w_ld_chr/[1-22] ...
Read regression weight LD Scores for 1290028 SNPs.
After merging with reference panel LD, 1177188 SNPs remain.
After merging with regression SNP LD, 1177188 SNPs remain.
Computing rg for phenotype 2/19
Reading summary statistics from /projects/pfenninggroup/machineLearningForComputationalBiology/addiction_gwas_enrichment/gwas_enrichment/gwas_sumstats/AgeOfInitiation-Liu_2019.sumstats.gz ...
Read summary statistics for 1215001 SNPs.
After merging with summary statistics, 1177188 SNPs remain.
1172567 SNPs with valid alleles.

Heritability of phenotype 1
---------------------------
Total Observed scale h2: 0.0318 (0.0021)
Lambda GC: 1.1459
Mean Chi^2: 1.1757
Intercept: 0.9801 (0.0073)
Ratio < 0 (usually indicates GC correction).

Heritability of phenotype 2/19
------------------------------
Total Observed scale h2: 0.0472 (0.0029)
Lambda GC: 1.194
Mean Chi^2: 1.2181
Intercept: 0.979 (0.0078)
Ratio < 0 (usually indicates GC correction).

Genetic Covariance
------------------
Total Observed scale gencov: -0.0112 (0.0017)
Mean z1*z2: -0.0658
Intercept: 0.0012 (0.0055)

Genetic Correlation
-------------------
Genetic Correlation: -0.2884 (0.0415)
Z-score: -6.954
P: 3.5496e-12

Computing rg for phenotype 3/19
Reading summary statistics from /projects/pfenninggroup/machineLearningForComputationalBiology/addiction_gwas_enrichment/gwas_enrichment/gwas_sumstats/BMD-Kemp_2017.sumstats.gz ...
Read summary statistics for 1215001 SNPs.
After merging with summary statistics, 1177188 SNPs remain.
1159556 SNPs with valid alleles.

Heritability of phenotype 3/19
------------------------------
Total Observed scale h2: 0.3747 (0.0403)
Lambda GC: 1.4926
Mean Chi^2: 2.1479
Intercept: 1.0798 (0.0305)
Ratio: 0.0696 (0.0266)

Genetic Covariance
------------------
Total Observed scale gencov: 0.0049 (0.0032)
Mean z1*z2: 0.0357
Intercept: 0.0136 (0.0064)

Genetic Correlation
-------------------
Genetic Correlation: 0.0444 (0.0299)
Z-score: 1.4833
P: 0.138

Computing rg for phenotype 4/19
Reading summary statistics from /projects/pfenninggroup/machineLearningForComputationalBiology/addiction_gwas_enrichment/gwas_enrichment/gwas_sumstats/CAD-Howson_2017.sumstats.gz ...
Read summary statistics for 1215001 SNPs.
After merging with summary statistics, 1177188 SNPs remain.
929327 SNPs with valid alleles.

Heritability of phenotype 4/19
------------------------------
Total Observed scale h2: 0.073 (0.0094)
Lambda GC: 1.105
Mean Chi^2: 1.1449
Intercept: 1.0252 (0.0088)
Ratio: 0.1742 (0.0609)

Genetic Covariance
------------------
Total Observed scale gencov: -0.0052 (0.0028)
Mean z1*z2: -0.0215
Intercept: -0.0053 (0.0057)

Genetic Correlation
-------------------
Genetic Correlation: -0.1067 (0.0585)
Z-score: -1.8258
P: 0.0679

Computing rg for phenotype 5/19
Reading summary statistics from /projects/pfenninggroup/machineLearningForComputationalBiology/addiction_gwas_enrichment/gwas_enrichment/gwas_sumstats/Cannabis-Pasman_2018.sumstats.gz ...
Read summary statistics for 1215001 SNPs.
After merging with summary statistics, 1177188 SNPs remain.
1083462 SNPs with valid alleles.

Heritability of phenotype 5/19
------------------------------
Total Observed scale h2: 0.1903 (0.0127)
Lambda GC: 1.194
Mean Chi^2: 1.2241
Intercept: 0.9998 (0.0083)
Ratio < 0 (usually indicates GC correction).

Genetic Covariance
------------------
Total Observed scale gencov: 0.0114 (0.0034)
Mean z1*z2: 0.0582
Intercept: 0.0284 (0.0057)

Genetic Correlation
-------------------
Genetic Correlation: 0.1452 (0.0439)
Z-score: 3.3092
P: 0.0009

Computing rg for phenotype 6/19
Reading summary statistics from /projects/pfenninggroup/machineLearningForComputationalBiology/addiction_gwas_enrichment/gwas_enrichment/gwas_sumstats/ChronicPain-Johnston_2019.sumstats.gz ...
Read summary statistics for 1215001 SNPs.
After merging with summary statistics, 1177188 SNPs remain.
96068 SNPs with valid alleles.
WARNING: number of SNPs less than 200k; this is almost always bad.

Heritability of phenotype 6/19
------------------------------
Total Observed scale h2: 0.0724 (0.0091)
Lambda GC: 1.4926
Mean Chi^2: 1.6566
Intercept: 1.0533 (0.036)
Ratio: 0.0811 (0.0548)

Genetic Covariance
------------------
Total Observed scale gencov: -0.0219 (0.0048)
Mean z1*z2: -0.1664
Intercept: -0.01 (0.0181)

Genetic Correlation
-------------------
Genetic Correlation: -0.3908 (0.0849)
Z-score: -4.6026
P: 4.1733e-06

Computing rg for phenotype 7/19
Reading summary statistics from /projects/pfenninggroup/machineLearningForComputationalBiology/addiction_gwas_enrichment/gwas_enrichment/gwas_sumstats/CigarettesPerDay-Liu_2019.sumstats.gz ...
Read summary statistics for 1215001 SNPs.
After merging with summary statistics, 1177188 SNPs remain.
1172503 SNPs with valid alleles.

Heritability of phenotype 7/19
------------------------------
Total Observed scale h2: 0.0753 (0.0097)
Lambda GC: 1.2201
Mean Chi^2: 1.3304
Intercept: 0.9479 (0.0156)
Ratio < 0 (usually indicates GC correction).

Genetic Covariance
------------------
Total Observed scale gencov: 0.0215 (0.0023)
Mean z1*z2: 0.1356
Intercept: 0.0089 (0.0061)

Genetic Correlation
-------------------
Genetic Correlation: 0.4384 (0.0325)
Z-score: 13.4745
P: 2.2097e-41

Computing rg for phenotype 8/19
Reading summary statistics from /projects/pfenninggroup/machineLearningForComputationalBiology/addiction_gwas_enrichment/gwas_enrichment/gwas_sumstats/CocaineDep-Dominguez_2019.sumstats.gz ...
Read summary statistics for 1215001 SNPs.
After merging with summary statistics, 1177188 SNPs remain.
1153859 SNPs with valid alleles.

Heritability of phenotype 8/19
------------------------------
Total Observed scale h2: 0.4244 (0.0824)
Lambda GC: 1.0618
Mean Chi^2: 1.0695
Intercept: 1.0177 (0.0068)
Ratio: 0.254 (0.098)

Genetic Covariance
------------------
Total Observed scale gencov: -0.0489 (0.0082)
Mean z1*z2: -0.0401
Intercept: 0.0029 (0.0043)

Genetic Correlation
-------------------
Genetic Correlation: -0.4185 (0.0747)
Z-score: -5.6036
P: 2.0998e-08

Computing rg for phenotype 9/19
Reading summary statistics from /projects/pfenninggroup/machineLearningForComputationalBiology/addiction_gwas_enrichment/gwas_enrichment/gwas_sumstats/CoffeePerDay-Cornelis_2015.sumstats.gz ...
Read summary statistics for 1215001 SNPs.
After merging with summary statistics, 1177188 SNPs remain.
1035053 SNPs with valid alleles.

Heritability of phenotype 9/19
------------------------------
Total Observed scale h2: 0.0433 (0.0075)
Lambda GC: 1.0649
Mean Chi^2: 1.0845
Intercept: 1.0046 (0.0073)
Ratio: 0.0548 (0.0859)

Genetic Covariance
------------------
Total Observed scale gencov: -0.0105 (0.0024)
Mean z1*z2: -0.0295
Intercept: 0.006 (0.0052)

Genetic Correlation
-------------------
Genetic Correlation: -0.2812 (0.0709)
Z-score: -3.9677
P: 7.2564e-05

Computing rg for phenotype 10/19
Reading summary statistics from /projects/pfenninggroup/machineLearningForComputationalBiology/addiction_gwas_enrichment/gwas_enrichment/gwas_sumstats/DrinksPerWeek-Liu_2019.sumstats.gz ...
Read summary statistics for 1215001 SNPs.
After merging with summary statistics, 1177188 SNPs remain.
1172434 SNPs with valid alleles.

Heritability of phenotype 10/19
-------------------------------
Total Observed scale h2: 0.0491 (0.0022)
Lambda GC: 1.3169
Mean Chi^2: 1.4477
Intercept: 0.9226 (0.0089)
Ratio < 0 (usually indicates GC correction).

Genetic Covariance
------------------
Total Observed scale gencov: 0.0043 (0.0013)
Mean z1*z2: 0.0395
Intercept: 0.0034 (0.0057)

Genetic Correlation
-------------------
Genetic Correlation: 0.1089 (0.0332)
Z-score: 3.2827
P: 0.001

Computing rg for phenotype 11/19
Reading summary statistics from /projects/pfenninggroup/machineLearningForComputationalBiology/addiction_gwas_enrichment/gwas_enrichment/gwas_sumstats/EduAttain-Lee_2018.sumstats.gz ...
Read summary statistics for 1215001 SNPs.
After merging with summary statistics, 1177188 SNPs remain.
1164978 SNPs with valid alleles.

Heritability of phenotype 11/19
-------------------------------
Total Observed scale h2: 0.0761 (0.002)
Lambda GC: 2.094
Mean Chi^2: 2.6532
Intercept: 0.9781 (0.016)
Ratio < 0 (usually indicates GC correction).

Genetic Covariance
------------------
Total Observed scale gencov: 0.0246 (0.0013)
Mean z1*z2: 0.3283
Intercept: 0.0369 (0.0065)

Genetic Correlation
-------------------
Genetic Correlation: 0.5013 (0.0245)
Z-score: 20.4557
P: 5.3463e-93

Computing rg for phenotype 12/19
Reading summary statistics from /projects/pfenninggroup/machineLearningForComputationalBiology/addiction_gwas_enrichment/gwas_enrichment/gwas_sumstats/LBM-Zillikens_2017.sumstats.gz ...
Read summary statistics for 1215001 SNPs.
After merging with summary statistics, 1177188 SNPs remain.
1021590 SNPs with valid alleles.

Heritability of phenotype 12/19
-------------------------------
Total Observed scale h2: 0.1303 (0.0153)
Lambda GC: 1.0864
Mean Chi^2: 1.0992
Intercept: 0.9994 (0.0079)
Ratio < 0 (usually indicates GC correction).

Genetic Covariance
------------------
Total Observed scale gencov: 0.0037 (0.0039)
Mean z1*z2: 0.0032
Intercept: -0.0041 (0.0054)

Genetic Correlation
-------------------
Genetic Correlation: 0.0566 (0.0611)
Z-score: 0.927
P: 0.3539

Computing rg for phenotype 13/19
Reading summary statistics from /projects/pfenninggroup/machineLearningForComputationalBiology/addiction_gwas_enrichment/gwas_enrichment/gwas_sumstats/OCD-IOCDF_2017.sumstats.gz ...
Read summary statistics for 1215001 SNPs.
After merging with summary statistics, 1177188 SNPs remain.
1096082 SNPs with valid alleles.

Heritability of phenotype 13/19
-------------------------------
Total Observed scale h2: 0.3218 (0.05)
Lambda GC: 1.0527
Mean Chi^2: 1.0564
Intercept: 0.9929 (0.0068)
Ratio < 0 (usually indicates GC correction).

Genetic Covariance
------------------
Total Observed scale gencov: 0.0059 (0.0074)
Mean z1*z2: 0.0044
Intercept: -0.0026 (0.0053)

Genetic Correlation
-------------------
Genetic Correlation: 0.0578 (0.0729)
Z-score: 0.7921
P: 0.4283

Computing rg for phenotype 14/19
Reading summary statistics from /projects/pfenninggroup/machineLearningForComputationalBiology/addiction_gwas_enrichment/gwas_enrichment/gwas_sumstats/OpioidDep-Cheng_2018.sumstats.gz ...
Read summary statistics for 1215001 SNPs.
After merging with summary statistics, 1177188 SNPs remain.
1162179 SNPs with valid alleles.

Heritability of phenotype 14/19
-------------------------------
Total Observed scale h2: 0.0365 (0.0585)
Lambda GC: 1.0436
Mean Chi^2: 1.0324
Intercept: 1.0276 (0.0056)
Ratio: 0.8513 (0.1717)

Genetic Covariance
------------------
Total Observed scale gencov: -0.0129 (0.0077)
Mean z1*z2: -0.0099
Intercept: 0.0029 (0.0045)

Genetic Correlation
-------------------
Genetic Correlation: -0.3763 (0.3658)
Z-score: -1.0287
P: 0.3036

Computing rg for phenotype 15/19
Reading summary statistics from /projects/pfenninggroup/machineLearningForComputationalBiology/addiction_gwas_enrichment/gwas_enrichment/gwas_sumstats/RiskyBehavior-Linner_2019.sumstats.gz ...
Read summary statistics for 1215001 SNPs.
After merging with summary statistics, 1177188 SNPs remain.
1176586 SNPs with valid alleles.

Heritability of phenotype 15/19
-------------------------------
Total Observed scale h2: 0.1134 (0.0046)
Lambda GC: 1.5217
Mean Chi^2: 1.7171
Intercept: 1.0102 (0.0106)
Ratio: 0.0142 (0.0148)

Genetic Covariance
------------------
Total Observed scale gencov: -0.0116 (0.002)
Mean z1*z2: -0.0469
Intercept: 0.0281 (0.0059)

Genetic Correlation
-------------------
Genetic Correlation: -0.1936 (0.0332)
Z-score: -5.8398
P: 5.2261e-09

Computing rg for phenotype 16/19
Reading summary statistics from /projects/pfenninggroup/machineLearningForComputationalBiology/addiction_gwas_enrichment/gwas_enrichment/gwas_sumstats/Schizophrenia-PGC_2014.sumstats.gz ...
Read summary statistics for 1215001 SNPs.
After merging with summary statistics, 1177188 SNPs remain.
1111024 SNPs with valid alleles.

Heritability of phenotype 16/19
-------------------------------
Total Observed scale h2: 0.4715 (0.019)
Lambda GC: 1.592
Mean Chi^2: 1.7833
Intercept: 1.0391 (0.0123)
Ratio: 0.0499 (0.0157)

Genetic Covariance
------------------
Total Observed scale gencov: -0.0103 (0.0039)
Mean z1*z2: -0.016
Intercept: 0.018 (0.0063)

Genetic Correlation
-------------------
Genetic Correlation: -0.0824 (0.0312)
Z-score: -2.6405
P: 0.0083

Computing rg for phenotype 17/19
Reading summary statistics from /projects/pfenninggroup/machineLearningForComputationalBiology/addiction_gwas_enrichment/gwas_enrichment/gwas_sumstats/SleepDuration-Dashti_2019.sumstats.gz ...
Read summary statistics for 1215001 SNPs.
After merging with summary statistics, 1177188 SNPs remain.
1168243 SNPs with valid alleles.

Heritability of phenotype 17/19
-------------------------------
Total Observed scale h2: 0.0684 (0.003)
Lambda GC: 1.4926
Mean Chi^2: 1.6209
Intercept: 1.0232 (0.01)
Ratio: 0.0373 (0.016)

Genetic Covariance
------------------
Total Observed scale gencov: -0.0036 (0.0014)
Mean z1*z2: -0.0327
Intercept: -0.0086 (0.0054)

Genetic Correlation
-------------------
Genetic Correlation: -0.0773 (0.0298)
Z-score: -2.5989
P: 0.0094

Computing rg for phenotype 18/19
Reading summary statistics from /projects/pfenninggroup/machineLearningForComputationalBiology/addiction_gwas_enrichment/gwas_enrichment/gwas_sumstats/SmokingCessation-Liu_2019.sumstats.gz ...
Read summary statistics for 1215001 SNPs.
After merging with summary statistics, 1177188 SNPs remain.
1177188 SNPs with valid alleles.

Heritability of phenotype 18/19
-------------------------------
Total Observed scale h2: 0.0319 (0.0021)
Lambda GC: 1.1459
Mean Chi^2: 1.1756
Intercept: 0.98 (0.0073)
Ratio < 0 (usually indicates GC correction).

Genetic Covariance
------------------
Total Observed scale gencov: 0.0319 (0.0021)
Mean z1*z2: 1.1756
Intercept: 0.98 (0.0073)

Genetic Correlation
-------------------
Genetic Correlation: 1. (6.7407e-07)
Z-score: 1483533.3677
P: 0.

Computing rg for phenotype 19/19
Reading summary statistics from /projects/pfenninggroup/machineLearningForComputationalBiology/addiction_gwas_enrichment/gwas_enrichment/gwas_sumstats/SmokingInitiation-Liu_2019.sumstats.gz ...
Read summary statistics for 1215001 SNPs.
After merging with summary statistics, 1177188 SNPs remain.
1158338 SNPs with valid alleles.

Heritability of phenotype 19/19
-------------------------------
Total Observed scale h2: 0.0693 (0.0024)
Lambda GC: 1.4998
Mean Chi^2: 1.7415
Intercept: 0.8868 (0.0095)
Ratio < 0 (usually indicates GC correction).

Genetic Covariance
------------------
Total Observed scale gencov: 0.0184 (0.0014)
Mean z1*z2: 0.1361
Intercept: -0.0277 (0.006)

Genetic Correlation
-------------------
Genetic Correlation: 0.3905 (0.0289)
Z-score: 13.5205
P: 1.1841e-41


Summary of Genetic Correlation Results
p1                                                                                                                                                             p2      rg          se           z           p  h2_obs  h2_obs_se  h2_int  h2_int_se  gcov_int  gcov_int_se
/projects/pfenninggroup/machineLearningForComputationalBiology/addiction_gwas_enrichment/gwas_enrichment/gwas_sumstats/SmokingCessation-Liu_2019.sumstats.gz    /projects/pfenninggroup/machineLearningForComputationalBiology/addiction_gwas_enrichment/gwas_enrichment/gwas_sumstats/AgeOfInitiation-Liu_2019.sumstats.gz -0.2884  4.1472e-02 -6.9540e+00  3.5496e-12  0.0472     0.0029  0.9790     0.0078    0.0012       0.0055
/projects/pfenninggroup/machineLearningForComputationalBiology/addiction_gwas_enrichment/gwas_enrichment/gwas_sumstats/SmokingCessation-Liu_2019.sumstats.gz               /projects/pfenninggroup/machineLearningForComputationalBiology/addiction_gwas_enrichment/gwas_enrichment/gwas_sumstats/BMD-Kemp_2017.sumstats.gz  0.0444  2.9944e-02  1.4833e+00  1.3800e-01  0.3747     0.0403  1.0798     0.0305    0.0136       0.0064
/projects/pfenninggroup/machineLearningForComputationalBiology/addiction_gwas_enrichment/gwas_enrichment/gwas_sumstats/SmokingCessation-Liu_2019.sumstats.gz             /projects/pfenninggroup/machineLearningForComputationalBiology/addiction_gwas_enrichment/gwas_enrichment/gwas_sumstats/CAD-Howson_2017.sumstats.gz -0.1067  5.8461e-02 -1.8258e+00  6.7877e-02  0.0730     0.0094  1.0252     0.0088   -0.0053       0.0057
/projects/pfenninggroup/machineLearningForComputationalBiology/addiction_gwas_enrichment/gwas_enrichment/gwas_sumstats/SmokingCessation-Liu_2019.sumstats.gz        /projects/pfenninggroup/machineLearningForComputationalBiology/addiction_gwas_enrichment/gwas_enrichment/gwas_sumstats/Cannabis-Pasman_2018.sumstats.gz  0.1452  4.3885e-02  3.3092e+00  9.3554e-04  0.1903     0.0127  0.9998     0.0083    0.0284       0.0057
/projects/pfenninggroup/machineLearningForComputationalBiology/addiction_gwas_enrichment/gwas_enrichment/gwas_sumstats/SmokingCessation-Liu_2019.sumstats.gz   /projects/pfenninggroup/machineLearningForComputationalBiology/addiction_gwas_enrichment/gwas_enrichment/gwas_sumstats/ChronicPain-Johnston_2019.sumstats.gz -0.3908  8.4902e-02 -4.6026e+00  4.1733e-06  0.0724     0.0091  1.0533     0.0360   -0.0100       0.0181
/projects/pfenninggroup/machineLearningForComputationalBiology/addiction_gwas_enrichment/gwas_enrichment/gwas_sumstats/SmokingCessation-Liu_2019.sumstats.gz   /projects/pfenninggroup/machineLearningForComputationalBiology/addiction_gwas_enrichment/gwas_enrichment/gwas_sumstats/CigarettesPerDay-Liu_2019.sumstats.gz  0.4384  3.2536e-02  1.3475e+01  2.2097e-41  0.0753     0.0097  0.9479     0.0156    0.0089       0.0061
/projects/pfenninggroup/machineLearningForComputationalBiology/addiction_gwas_enrichment/gwas_enrichment/gwas_sumstats/SmokingCessation-Liu_2019.sumstats.gz   /projects/pfenninggroup/machineLearningForComputationalBiology/addiction_gwas_enrichment/gwas_enrichment/gwas_sumstats/CocaineDep-Dominguez_2019.sumstats.gz -0.4185  7.4687e-02 -5.6036e+00  2.0998e-08  0.4244     0.0824  1.0177     0.0068    0.0029       0.0043
/projects/pfenninggroup/machineLearningForComputationalBiology/addiction_gwas_enrichment/gwas_enrichment/gwas_sumstats/SmokingCessation-Liu_2019.sumstats.gz  /projects/pfenninggroup/machineLearningForComputationalBiology/addiction_gwas_enrichment/gwas_enrichment/gwas_sumstats/CoffeePerDay-Cornelis_2015.sumstats.gz -0.2812  7.0880e-02 -3.9677e+00  7.2564e-05  0.0433     0.0075  1.0046     0.0073    0.0060       0.0052
/projects/pfenninggroup/machineLearningForComputationalBiology/addiction_gwas_enrichment/gwas_enrichment/gwas_sumstats/SmokingCessation-Liu_2019.sumstats.gz      /projects/pfenninggroup/machineLearningForComputationalBiology/addiction_gwas_enrichment/gwas_enrichment/gwas_sumstats/DrinksPerWeek-Liu_2019.sumstats.gz  0.1089  3.3183e-02  3.2827e+00  1.0283e-03  0.0491     0.0022  0.9226     0.0089    0.0034       0.0057
/projects/pfenninggroup/machineLearningForComputationalBiology/addiction_gwas_enrichment/gwas_enrichment/gwas_sumstats/SmokingCessation-Liu_2019.sumstats.gz          /projects/pfenninggroup/machineLearningForComputationalBiology/addiction_gwas_enrichment/gwas_enrichment/gwas_sumstats/EduAttain-Lee_2018.sumstats.gz  0.5013  2.4508e-02  2.0456e+01  5.3463e-93  0.0761     0.0020  0.9781     0.0160    0.0369       0.0065
/projects/pfenninggroup/machineLearningForComputationalBiology/addiction_gwas_enrichment/gwas_enrichment/gwas_sumstats/SmokingCessation-Liu_2019.sumstats.gz          /projects/pfenninggroup/machineLearningForComputationalBiology/addiction_gwas_enrichment/gwas_enrichment/gwas_sumstats/LBM-Zillikens_2017.sumstats.gz  0.0566  6.1111e-02  9.2698e-01  3.5393e-01  0.1303     0.0153  0.9994     0.0079   -0.0041       0.0054
/projects/pfenninggroup/machineLearningForComputationalBiology/addiction_gwas_enrichment/gwas_enrichment/gwas_sumstats/SmokingCessation-Liu_2019.sumstats.gz              /projects/pfenninggroup/machineLearningForComputationalBiology/addiction_gwas_enrichment/gwas_enrichment/gwas_sumstats/OCD-IOCDF_2017.sumstats.gz  0.0578  7.2919e-02  7.9211e-01  4.2830e-01  0.3218     0.0500  0.9929     0.0068   -0.0026       0.0053
/projects/pfenninggroup/machineLearningForComputationalBiology/addiction_gwas_enrichment/gwas_enrichment/gwas_sumstats/SmokingCessation-Liu_2019.sumstats.gz        /projects/pfenninggroup/machineLearningForComputationalBiology/addiction_gwas_enrichment/gwas_enrichment/gwas_sumstats/OpioidDep-Cheng_2018.sumstats.gz -0.3763  3.6584e-01 -1.0287e+00  3.0362e-01  0.0365     0.0585  1.0276     0.0056    0.0029       0.0045
/projects/pfenninggroup/machineLearningForComputationalBiology/addiction_gwas_enrichment/gwas_enrichment/gwas_sumstats/SmokingCessation-Liu_2019.sumstats.gz   /projects/pfenninggroup/machineLearningForComputationalBiology/addiction_gwas_enrichment/gwas_enrichment/gwas_sumstats/RiskyBehavior-Linner_2019.sumstats.gz -0.1936  3.3155e-02 -5.8398e+00  5.2261e-09  0.1134     0.0046  1.0102     0.0106    0.0281       0.0059
/projects/pfenninggroup/machineLearningForComputationalBiology/addiction_gwas_enrichment/gwas_enrichment/gwas_sumstats/SmokingCessation-Liu_2019.sumstats.gz      /projects/pfenninggroup/machineLearningForComputationalBiology/addiction_gwas_enrichment/gwas_enrichment/gwas_sumstats/Schizophrenia-PGC_2014.sumstats.gz -0.0824  3.1217e-02 -2.6405e+00  8.2780e-03  0.4715     0.0190  1.0391     0.0123    0.0180       0.0063
/projects/pfenninggroup/machineLearningForComputationalBiology/addiction_gwas_enrichment/gwas_enrichment/gwas_sumstats/SmokingCessation-Liu_2019.sumstats.gz   /projects/pfenninggroup/machineLearningForComputationalBiology/addiction_gwas_enrichment/gwas_enrichment/gwas_sumstats/SleepDuration-Dashti_2019.sumstats.gz -0.0773  2.9753e-02 -2.5989e+00  9.3521e-03  0.0684     0.0030  1.0232     0.0100   -0.0086       0.0054
/projects/pfenninggroup/machineLearningForComputationalBiology/addiction_gwas_enrichment/gwas_enrichment/gwas_sumstats/SmokingCessation-Liu_2019.sumstats.gz   /projects/pfenninggroup/machineLearningForComputationalBiology/addiction_gwas_enrichment/gwas_enrichment/gwas_sumstats/SmokingCessation-Liu_2019.sumstats.gz  1.0000  6.7407e-07  1.4835e+06  0.0000e+00  0.0319     0.0021  0.9800     0.0073    0.9800       0.0073
/projects/pfenninggroup/machineLearningForComputationalBiology/addiction_gwas_enrichment/gwas_enrichment/gwas_sumstats/SmokingCessation-Liu_2019.sumstats.gz  /projects/pfenninggroup/machineLearningForComputationalBiology/addiction_gwas_enrichment/gwas_enrichment/gwas_sumstats/SmokingInitiation-Liu_2019.sumstats.gz  0.3905  2.8879e-02  1.3520e+01  1.1841e-41  0.0693     0.0024  0.8868     0.0095   -0.0277       0.0060

Analysis finished at Mon Jun  1 01:17:46 2020
Total time elapsed: 3.0m:40.67s
