# ALPHA = 0.05
# NUMBER_OF_TESTS = 15481

# _SET1_  VARIABLE = Curated_gene_sets:reactome_acetylcholine_binding_and_downstream_events (set)
# _SET1_  NGENES = 14
# _SET1_  P-VALUE = 1.46207e-16
_SET1_   GENE              CHR      START       STOP  NSNPS  NPARAM       N        ZSTAT            P
_SET1_   ENSG00000160716     1  154540257  154552502     37      20  245836       6.0034   9.6602e-10
_SET1_   ENSG00000138435     2  175612320  175629200     69      16  250748      0.62611      0.26562
_SET1_   ENSG00000135902     2  233390703  233401377     44      14  250470      0.30593      0.37983
_SET1_   ENSG00000196811     2  233404437  233411113     38      14  243266      0.23356      0.40766
_SET1_   ENSG00000174343     4   40337346   40357234    128      17  257307       1.3252     0.092552
_SET1_   ENSG00000120903     8   27317279   27337400    115      28  250505        2.843    0.0022349
_SET1_   ENSG00000147432     8   42552519   42592550    223      11  257167       5.1385   1.3846e-07
_SET1_   ENSG00000147434     8   42607763   42651535    146      26  251487        8.067   1.8699e-23
_SET1_   ENSG00000175344    15   32322691   32464722    433      88  246903     0.082566       0.4671
_SET1_   ENSG00000169684    15   78857862   78887611    121      21  242377        8.067   3.9362e-55
_SET1_   ENSG00000080644    15   78885394   78913637    118      23  243639        8.067   1.1232e-79
_SET1_   ENSG00000117971    15   78916461   79020096    404      56  238276        8.067  5.4257e-122
_SET1_   ENSG00000108556    17    4801069    4806369     35      15  237078     -0.47608      0.68299
_SET1_   ENSG00000101204    20   61975420   62009753    250      58  253400       7.6363   1.1182e-14

# _SET2_  VARIABLE = Curated_gene_sets:reactome_highly_calcium_permeable_postsynaptic_nicotinic_acetylcholine_receptors (set)
# _SET2_  NGENES = 11
# _SET2_  P-VALUE = 2.2164e-23
_SET2_   GENE              CHR      START       STOP  NSNPS  NPARAM       N        ZSTAT            P
_SET2_   ENSG00000160716     1  154540257  154552502     37      20  245836       6.0034   9.6602e-10
_SET2_   ENSG00000138435     2  175612320  175629200     69      16  250748      0.62611      0.26562
_SET2_   ENSG00000174343     4   40337346   40357234    128      17  257307       1.3252     0.092552
_SET2_   ENSG00000120903     8   27317279   27337400    115      28  250505        2.843    0.0022349
_SET2_   ENSG00000147432     8   42552519   42592550    223      11  257167       5.1385   1.3846e-07
_SET2_   ENSG00000147434     8   42607763   42651535    146      26  251487        8.067   1.8699e-23
_SET2_   ENSG00000175344    15   32322691   32464722    433      88  246903     0.082566       0.4671
_SET2_   ENSG00000169684    15   78857862   78887611    121      21  242377        8.067   3.9362e-55
_SET2_   ENSG00000080644    15   78885394   78913637    118      23  243639        8.067   1.1232e-79
_SET2_   ENSG00000117971    15   78916461   79020096    404      56  238276        8.067  5.4257e-122
_SET2_   ENSG00000101204    20   61975420   62009753    250      58  253400       7.6363   1.1182e-14

# _SET3_  VARIABLE = Curated_gene_sets:dazard_response_to_uv_nhek_dn (set)
# _SET3_  NGENES = 294
# _SET3_  P-VALUE = 1.3719e-06
_SET3_   GENE              CHR      START       STOP  NSNPS  NPARAM       N        ZSTAT            P
_SET3_   ENSG00000196581     1    4714792    4852594    864     112  252091      0.53321      0.29695
_SET3_   ENSG00000065526     1   16174359   16266955    258      33  245762      -1.3508      0.91161
_SET3_   ENSG00000126705     1   27860546   27930942    142      40  242037      -0.6743      0.74994
_SET3_   ENSG00000134644     1   31404353   31538838    474      42  244748     -0.59641      0.72455
_SET3_   ENSG00000134686     1   33789224   33896653    409      47  249805        4.482    3.697e-06
_SET3_   ENSG00000188910     1   35246790   35251970     16       6  259232     -0.19759      0.57832
_SET3_   ENSG00000198815     1   42642210   42801548    431      33  247660       1.4774     0.069784
_SET3_   ENSG00000134744     1   52873954   53019159    382      40  247674     -0.95412      0.82999
_SET3_   ENSG00000211452     1   54356912   54376759     93      16  251474       3.8464   5.9945e-05
_SET3_   ENSG00000162402     1   55532032   55680786    451      42  249025     -0.65043      0.74229
_SET3_   ENSG00000162607     1   62901968   62917475     45       8  248139      -1.3841      0.91683
_SET3_   ENSG00000036549     1   78028101   78149104    303      37  246111       1.8851     0.029707
_SET3_   ENSG00000137959     1   79085607   79111830     90      27  246944      0.81554      0.20738
_SET3_   ENSG00000117114     1   81771845   82458120   3200     250  248092     0.041142      0.48359
_SET3_   ENSG00000137942     1   93913688   94020218    237      67  243179        2.387    0.0084935
_SET3_   ENSG00000137936     1   94027347   94312706   1191      57  251217       1.2302      0.10931
_SET3_   ENSG00000081019     1  114304454  114355098    112      34  243657      0.51945      0.30172
_SET3_   ENSG00000143442     1  151375200  151431941    145      20  242495     -0.33417      0.63087
_SET3_   ENSG00000143631     1  152274651  152297679    102      16  247565       1.1064      0.13427
_SET3_   ENSG00000160785     1  156163880  156182587     49      14  246138       3.1364   0.00085524
_SET3_   ENSG00000171806     1  169761670  169764107      8       4  253588     -0.16532      0.56566
_SET3_   ENSG00000094975     1  172501489  172580971    219      42  233067     -0.42563      0.66481
_SET3_   ENSG00000152061     1  174128548  174964445   2535      44  244855       4.2134    1.258e-05
_SET3_   ENSG00000135837     1  179923873  180084015    578      36  250960     -0.68252      0.75255
_SET3_   ENSG00000118193     1  200520628  200589862    289      30  252506     -0.86297      0.80592
_SET3_   ENSG00000117724     1  214776538  214837931    277      24  252016       1.7217     0.042562
_SET3_   ENSG00000135801     1  229728858  229761794    109      20  251192       2.1704     0.014988
_SET3_   ENSG00000143702     1  243287730  243418650    300      40  247286       1.5277     0.063291
_SET3_   ENSG00000055917     2   20448452   20551995    334      33  247917     -0.27198      0.60718
_SET3_   ENSG00000115163     2   26987157   27023935    100      16  251550    -0.054622      0.52178
_SET3_   ENSG00000115808     2   37070783   37193615    488      58  249557     -0.31094      0.62208
_SET3_   ENSG00000085760     2   55463731   55496483    142      32  245988      -1.0878      0.86165
_SET3_   ENSG00000082898     2   61704984   61765761    162      29  251929      0.45299      0.32528
_SET3_   ENSG00000179833     2   64858755   64978139    337      44  243353      0.20886      0.41728
_SET3_   ENSG00000143995     2   66660584   66801001    456      82  250808       1.4932      0.06769
_SET3_   ENSG00000124383     2   71357444   71377231    124      16  232018     0.094201      0.46247
_SET3_   ENSG00000075292     2   71503691   71662199    622      38  253588       1.3148     0.094284
_SET3_   ENSG00000170485     2  101436614  101613291    752     108  250239      0.14679      0.44165
_SET3_   ENSG00000125633     2  118673054  118771709    412      42  249027     -0.15654      0.56219
_SET3_   ENSG00000125629     2  118846028  118868573     65      26  250617     -0.26032      0.60269
_SET3_   ENSG00000074054     2  122095352  122407163   1049      31  251337       -1.211      0.88705
_SET3_   ENSG00000080345     2  152266397  152364527    333      39  244021       2.4315    0.0075184
_SET3_   ENSG00000123636     2  160175490  160473203   1171      86  252180      0.89608       0.1851
_SET3_   ENSG00000172292     2  169312372  169631644   1391     115  249611       1.4248     0.077106
_SET3_   ENSG00000198586     2  171847333  172087824    822      42  251402    -0.072922      0.52907
_SET3_   ENSG00000172845     2  174771187  174830430    265      30  253427      0.79926      0.21207
_SET3_   ENSG00000115966     2  175936978  176033110    285      24  250835     -0.13908      0.55531
_SET3_   ENSG00000116044     2  178092323  178257425    607      48  249896     0.048688      0.48058
_SET3_   ENSG00000064933     2  190649107  190742355    258      32  250046       2.1417      0.01611
_SET3_   ENSG00000115942     2  201773696  201828403    113      27  250269      0.41844      0.33781
_SET3_   ENSG00000064012     2  202098166  202152434    212      44  253020     -0.51937      0.69825
_SET3_   ENSG00000118263     2  207938861  208031991    406      72  252963      0.53633      0.29587
_SET3_   ENSG00000115020     2  209130991  209223475    325      18  255495      -1.1262      0.86995
_SET3_   ENSG00000169047     2  227596033  227664475    232      33  251267      -1.5129      0.93485
_SET3_   ENSG00000132326     2  239152679  239198743    182      38  249754      0.53415      0.29662
_SET3_   ENSG00000182568     3   18386879   18487080    342      55  248170    -0.054872      0.52188
_SET3_   ENSG00000164086     3   52082935   52090566     12       7  241151       2.4456     0.007231
_SET3_   ENSG00000164091     3   52288437   52322036    103      26  247514       1.2183      0.11155
_SET3_   ENSG00000163932     3   53190025   53226733    105      23  254004       2.1136     0.017275
_SET3_   ENSG00000114423     3  105374305  105588396    828      49  246707     -0.69239      0.75565
_SET3_   ENSG00000114439     3  107241783  107530171    887      71  243650       1.6688     0.047577
_SET3_   ENSG00000173706     3  124684554  124774802    379      47  252416       0.1122      0.45533
_SET3_   ENSG00000163848     3  124944405  125094198    408      26  248132     -0.32535      0.62754
_SET3_   ENSG00000172765     3  129366635  129612419    517      44  244896      -1.1928      0.88353
_SET3_   ENSG00000196455     3  130397779  130465673    223      21  237216      0.85259      0.19694
_SET3_   ENSG00000158092     3  136581050  136668665    260      16  252779       3.1819   0.00073146
_SET3_   ENSG00000114120     3  140660672  140698775    123      15  249596      0.82547      0.20455
_SET3_   ENSG00000082996     3  149530495  149679926    427      47  252809       1.9137     0.027827
_SET3_   ENSG00000163659     3  156391024  156424559    103      24  253010      0.78292      0.21684
_SET3_   ENSG00000113810     3  160117062  160152750    114      31  242652       1.9759     0.024085
_SET3_   ENSG00000145012     3  187871072  188608460   2963     319  251485       2.4855    0.0064681
_SET3_   ENSG00000073282     3  189349205  189615068   1356     189  251992      -1.1978       0.8845
_SET3_   ENSG00000133657     3  194123401  194219093    395      38  244487    -0.014334      0.50572
_SET3_   ENSG00000163950     4    1694527    1714282     72      22  250227       0.5602      0.28767
_SET3_   ENSG00000170871     4    6783102    6885897    260      51  246470     -0.57223      0.71642
_SET3_   ENSG00000168214     4   26165077   26436541    853     101  244517       1.3256     0.092483
_SET3_   ENSG00000075539     4   48499378   48782339    589      42  247873     -0.35025      0.63692
_SET3_   ENSG00000145241     4   68337521   68411324    288      22  256010       1.6943     0.045108
_SET3_   ENSG00000163743     4   76404247   76439974    124      23  253627        1.796     0.036247
_SET3_   ENSG00000163625     4   85590704   85887544    601      56  244259      0.50949      0.30521
_SET3_   ENSG00000172493     4   87856154   88062206    676      61  250422       1.5444     0.061245
_SET3_   ENSG00000109320     4  103422486  103538459    389      35  251752       1.3557     0.087597
_SET3_   ENSG00000174720     4  113558120  113578748     77      26  232083      0.76823      0.22117
_SET3_   ENSG00000164099     4  119201193  119274158    239      46  251363       1.2957     0.097539
_SET3_   ENSG00000142731     4  128802016  128820350     39      13  244318     -0.31095      0.62208
_SET3_   ENSG00000109381     4  139949266  140098372    397      54  245591       0.6076      0.27173
_SET3_   ENSG00000164164     4  146031990  146101313    135      61  244335     -0.70014      0.75808
_SET3_   ENSG00000121210     4  154387498  154557863    755     100  246610        -1.14      0.87286
_SET3_   ENSG00000109756     4  160025330  160281321    793      70  242949     -0.76328      0.77735
_SET3_   ENSG00000150630     4  177604689  177713881    481      42  240195     -0.34309      0.63424
_SET3_   ENSG00000083857     4  187508937  187647876    636     102  249055     -0.59438      0.72387
_SET3_   ENSG00000153395     5    1456595    1524092    367      72  247690     -0.12134      0.54829
_SET3_   ENSG00000164151     5    5420777    5490347    202      36  248284       1.0926      0.13727
_SET3_   ENSG00000112941     5    6714718    6757161    236      34  255418     -0.50229      0.69227
_SET3_   ENSG00000145495     5   10353815   10440500    190      36  246484      -0.4897      0.68783
_SET3_   ENSG00000068796     5   61601989   61833076    710      41  249788       2.0291     0.021224
_SET3_   ENSG00000069020     5   65892176   66465423   2339     154  249135      0.81852      0.20653
_SET3_   ENSG00000134057     5   68462837   68474072     45       9  248553     -0.38434      0.64964
_SET3_   ENSG00000145687     5   80708840   81047616   1054      71  247758      -0.3619      0.64129
_SET3_   ENSG00000153922     5   98190908   98262240    232      39  250717       3.1829   0.00072904
_SET3_   ENSG00000145725     5  102455853  102548500    306      25  233181     -0.29854      0.61735
_SET3_   ENSG00000145779     5  118604387  118735383    647      63  240711       1.6293     0.051624
_SET3_   ENSG00000113658     5  135468534  135524435    176      13  234932       2.7112    0.0033517
_SET3_   ENSG00000112983     5  137475455  137514675     92      23  243974       2.1231     0.016875
_SET3_   ENSG00000169252     5  148206156  148208196     11       4  256844      0.55309       0.2901
_SET3_   ENSG00000086570     5  150883654  150948505    304      53  252066     -0.69544      0.75661
_SET3_   ENSG00000113645     5  167718656  167899308    877     128  252427       1.1054      0.13448
_SET3_   ENSG00000161021     5  179159851  179223512    269      37  246763      0.55313      0.29009
_SET3_   ENSG00000153046     6    4706393    4955785    991     117  252719      0.46593      0.32063
_SET3_   ENSG00000008083     6   15246527   15522252   1154      87  247238       1.0328      0.15085
_SET3_   ENSG00000124789     6   17615269   17706656    394      56  251180       1.8904     0.029355
_SET3_   ENSG00000112242     6   20402398   20493941    316      57  249118       2.6669    0.0038272
_SET3_   ENSG00000064995     6   34845555   34855866     32      12  248574      0.16692      0.43372
_SET3_   ENSG00000001167     6   41040684   41067715    114      19  228173     -0.85794      0.80454
_SET3_   ENSG00000112624     6   42749765   42836298    224      43  248755       1.1503      0.12501
_SET3_   ENSG00000171467     6   43274872   43337216    155      41  245340       1.9064     0.028296
_SET3_   ENSG00000001084     6   53362139   53481768    551      86  251638     0.080757      0.46782
_SET3_   ENSG00000151914     6   56322785   56819426   1400      62  247003       1.8399     0.032891
_SET3_   ENSG00000112200     6   56951642   57035105    165      26  243876       2.5684    0.0051085
_SET3_   ENSG00000118482     6   64345725   64489229    374      46  249037     -0.18797      0.57455
_SET3_   ENSG00000146247     6   79645584   79787953    383      40  246708       4.3375    7.205e-06
_SET3_   ENSG00000083097     6   83777385   83881069    241      33  251930      0.44566      0.32792
_SET3_   ENSG00000132424     6   99845927   99873207     68      15  250470       1.9229     0.027246
_SET3_   ENSG00000118689     6  108881038  109005977    399      50  241303      -0.9617       0.8319
_SET3_   ENSG00000112365     6  109783797  109804440     68      19  250807     -0.13934      0.55541
_SET3_   ENSG00000009413     6  111620234  111804918    538      38  254261       1.2827     0.099792
_SET3_   ENSG00000010810     6  111981535  112194655    842      64  250808      0.76028      0.22354
_SET3_   ENSG00000197442     6  136878185  137113656    671      78  248355       3.0084    0.0013129
_SET3_   ENSG00000010818     6  143072604  143266338    677      89  251097      0.18241      0.42763
_SET3_   ENSG00000112531     6  163835032  163999628    508      40  251704     -0.76656      0.77833
_SET3_   ENSG00000106546     7   17338246   17385776     95      38  241558     -0.81836      0.79343
_SET3_   ENSG00000136237     7   22157856   22396763   1041      87  251033     -0.55381      0.71015
_SET3_   ENSG00000136231     7   23349828   23510086    591      94  247932       3.2149   0.00065247
_SET3_   ENSG00000005020     7   26706681   27034858   1142      40  251038       1.7995     0.035969
_SET3_   ENSG00000170852     7   32907784   32933743     73      16  254111     -0.81191      0.79158
_SET3_   ENSG00000158321     7   69063905   70258054   3764     128  250414       3.8425   6.0889e-05
_SET3_   ENSG00000009954     7   72854728   72936608    224      49  244807       2.4114    0.0079468
_SET3_   ENSG00000091073     7   76090993   76135312     55      15  244756       1.2211      0.11103
_SET3_   ENSG00000135164     7   86781677   86825653    167      17  253030     -0.79114      0.78557
_SET3_   ENSG00000127914     7   91570181   91739987    463      22  250218       3.1706   0.00076062
_SET3_   ENSG00000128512     7  111366166  111846466   1744     217  249319       2.2272     0.012968
_SET3_   ENSG00000080802     7  135046547  135194875    397      54  247901       1.5607     0.059303
_SET3_   ENSG00000182158     7  137559725  137686813    504      75  244941      -1.2748      0.89882
_SET3_   ENSG00000055130     7  148395006  148498128    386      49  245284     -0.63411        0.737
_SET3_   ENSG00000186480     7  155089486  155101945     59      17  252002      0.15273       0.4393
_SET3_   ENSG00000129422     8   17501304   17658426   1190     109  253353       2.0367      0.02084
_SET3_   ENSG00000156011     8   18384811   18942240   3820     232  252556      0.68447      0.24684
_SET3_   ENSG00000083168     8   41786997   41909508    312      44  246762      0.76879      0.22101
_SET3_   ENSG00000221869     8   48649471   48651648      5       3  233049     -0.46749      0.67993
_SET3_   ENSG00000179041     8   67341263   67342966      9       5  254674      0.72966       0.2328
_SET3_   ENSG00000133740     8   86089460   86129387     96      20  249870       1.0771      0.14071
_SET3_   ENSG00000132549     8  100025494  100889808   2306      47  246552       2.1963     0.014036
_SET3_   ENSG00000104517     8  103265240  103425069    660      59  247095        2.019     0.021742
_SET3_   ENSG00000178764     8  123793633  123986750    821     135  250355       1.4067     0.079758
_SET3_   ENSG00000136997     8  128747680  128753674     28      15  248595     -0.50543      0.69337
_SET3_   ENSG00000123908     8  141541264  141645718    501      70  246633      -1.2908      0.90161
_SET3_   ENSG00000169398     8  141667999  142012315    978      42  243771     -0.13556      0.55392
_SET3_   ENSG00000107104     9     470291     746105   1850      67  249236       0.8999      0.18409
_SET3_   ENSG00000147852     9    2621834    2660053    187      46  248353       2.1266     0.016728
_SET3_   ENSG00000198642     9   21329670   21335379     12       3  254628      0.48277      0.31463
_SET3_   ENSG00000159921     9   36214438   36277053    213      32  249053      -1.3542      0.91217
_SET3_   ENSG00000198887     9   72873937   72969804    331      30  248786      0.60479      0.27266
_SET3_   ENSG00000119138     9   72999503   73029540     75      30  249156     -0.33683      0.63188
_SET3_   ENSG00000197969     9   79792269   80036457   1093      51  246639        -1.25      0.89436
_SET3_   ENSG00000106829     9   82186688   82341658    485      70  246451       1.7288     0.041921
_SET3_   ENSG00000136936     9  100437191  100459639     83      11  217835       1.9429     0.026012
_SET3_   ENSG00000070159     9  112137746  112260590    462      56  249745      -0.6189      0.73201
_SET3_   ENSG00000157654     9  112542589  112934792   1708     177  249769      -2.1803      0.98538
_SET3_   ENSG00000106780     9  123363091  123476748    217      40  244961     -0.86381      0.80615
_SET3_   ENSG00000165219     9  128024073  128129486    266      35  245631       3.9603   3.7423e-05
_SET3_   ENSG00000097007     9  133589333  133763062    645      62  251490     -0.43792      0.66928
_SET3_   ENSG00000047056    10    1095478    1178237    429      49  245864      -0.3102      0.62179
_SET3_   ENSG00000196139    10    5077546    5149878    459      63  252486      0.91361      0.18046
_SET3_   ENSG00000148429    10   11495945   11653753    556      42  252463     0.016533       0.4934
_SET3_   ENSG00000107984    10   54074056   54077802     11       5  242142       0.6641      0.25331
_SET3_   ENSG00000150347    10   63661059   63856703    782     113  245312      0.62202      0.26696
_SET3_   ENSG00000168209    10   74033678   74035794      6       3  258337       1.4811     0.069293
_SET3_   ENSG00000156650    10   76585340   76792380    500      50  247152       1.0674      0.14289
_SET3_   ENSG00000108175    10   80828792   81076276   1203     176  250938      -1.5008      0.93329
_SET3_   ENSG00000062650    10   88195013   88281572    332      40  249923      0.10149      0.45958
_SET3_   ENSG00000119938    10   93388199   93392811     10       7  260584       1.3116     0.094824
_SET3_   ENSG00000107864    10   93806449   94050844    573      51  244270       5.3502   4.3931e-08
_SET3_   ENSG00000138160    10   94353043   94415150    297      29  255384      -1.1899      0.88295
_SET3_   ENSG00000148840    10  103892787  103910082     38      21  239826      0.84711      0.19847
_SET3_   ENSG00000108061    10  112679301  112773425    268      36  253545     -0.79211      0.78585
_SET3_   ENSG00000066468    10  123237848  123357972    424     106  238615       2.7515    0.0029662
_SET3_   ENSG00000175029    10  126676421  126849739    934     115  252329       3.3448   0.00041168
_SET3_   ENSG00000107938    10  127408084  127452712    120      25  251117      0.73913      0.22991
_SET3_   ENSG00000148773    10  129894923  129924649    140      34  252608      0.88454       0.1882
_SET3_   ENSG00000166483    11    9595228    9615004     51      17  249703       2.8585    0.0021284
_SET3_   ENSG00000133816    11   12115543   12285334    953     125  251894     -0.85234      0.80299
_SET3_   ENSG00000077514    11   74204896   74380162    786      46  251224     -0.57386      0.71697
_SET3_   ENSG00000165494    11   82868030   82898493     84      19  240499      0.48603      0.31347
_SET3_   ENSG00000110330    11  102217942  102249401     78      18  247413      0.99144      0.16073
_SET3_   ENSG00000149308    11  108027942  108093369    174      37  247037      0.45814      0.32343
_SET3_   ENSG00000110723    11  108376158  108464465    339      55  246190      0.78513      0.21619
_SET3_   ENSG00000073614    12     389295     498620    454      34  247189     -0.63538      0.73741
_SET3_   ENSG00000111276    12   12867992   12875305     28      15  239783      0.27672        0.391
_SET3_   ENSG00000139218    12   46312914   46385903    177      51  241001       1.6312     0.051427
_SET3_   ENSG00000065361    12   56473641   56497289     54      19  239938     -0.52137      0.69895
_SET3_   ENSG00000166881    12   57449426   57481846     80      19  243707     -0.37638      0.64668
_SET3_   ENSG00000149948    12   66217911   66360075    395      70  250294      0.25055      0.40108
_SET3_   ENSG00000127334    12   68042118   68059186     50      15  241062      0.86519      0.19347
_SET3_   ENSG00000111596    12   70636774   70748773    411      35  250977     -0.70758       0.7604
_SET3_   ENSG00000133858    12   72003252   72061505    172      34  248301       3.0557    0.0011226
_SET3_   ENSG00000067798    12   78224685   78606790   1660     126  245969     -0.88097      0.81083
_SET3_   ENSG00000058272    12   80167343   80329240    429      38  246997     -0.33012      0.62934
_SET3_   ENSG00000070961    12   89981828   90103077    288      40  249579      0.84547      0.19892
_SET3_   ENSG00000075856    12  108916357  108955176    176      22  241368       1.0115      0.15588
_SET3_   ENSG00000111252    12  111843752  111889427    127      24  226052     -0.97005      0.83399
_SET3_   ENSG00000123066    12  116395711  116715143    801      53  250890       1.3651     0.086109
_SET3_   ENSG00000110987    12  122457328  122499948    168      47  238206        2.129     0.016626
_SET3_   ENSG00000151835    13   23902965   24007841    488      75  247437     -0.71977      0.76417
_SET3_   ENSG00000139505    13   25802307   25862147    181      27  244310      0.26953      0.39376
_SET3_   ENSG00000139514    13   30083547   30169825    330      33  252931      0.34836      0.36379
_SET3_   ENSG00000122042    13   30338508   30424821    295      25  247115        2.326      0.01001
_SET3_   ENSG00000244754    13   33006554   33112970    343      31  231147       2.1131     0.017296
_SET3_   ENSG00000150907    13   41129804   41240734    338      32  243301     -0.67216      0.74926
_SET3_   ENSG00000120690    13   41506056   41635576    452      46  235132      0.13092      0.44792
_SET3_   ENSG00000102531    13   49550048   49783915    599      52  242117       2.1099     0.017433
_SET3_   ENSG00000204977    13   50570024   50594617     73      20  242525      0.21107      0.41641
_SET3_   ENSG00000088387    13   99445741   99738879   1229      58  247409       3.6762   0.00011837
_SET3_   ENSG00000125266    13  107142079  107187462    157      45  248550         3.73   9.5751e-05
_SET3_   ENSG00000102606    13  111766906  111958084    803      74  252071        2.238     0.012609
_SET3_   ENSG00000126216    13  113139325  113242481    380      35  252862       1.2216      0.11094
_SET3_   ENSG00000198604    14   35221937   35344853    461      37  254987     -0.18765      0.57443
_SET3_   ENSG00000198718    14   45431411   45543634    291      25  249234    -0.090357        0.536
_SET3_   ENSG00000100479    14   50110273   50155140    151      18  250149       1.1929      0.11645
_SET3_   ENSG00000073712    14   53323986   53419153    367      40  245391      -1.0901      0.86218
_SET3_   ENSG00000198554    14   55405668   55493823    286      30  250020      0.90861      0.18178
_SET3_   ENSG00000133985    14   71108504   71142077    147      47  245291       0.5566       0.2889
_SET3_   ENSG00000119684    14   75480467   75518235    116      20  237254     -0.77841      0.78184
_SET3_   ENSG00000176454    15   34651106   34659479     24      10  250919       1.5778      0.05731
_SET3_   ENSG00000156970    15   40453224   40513337    151      28  241190     -0.19505      0.57732
_SET3_   ENSG00000157456    15   59397277   59417244     93      13  254977     -0.85811      0.80459
_SET3_   ENSG00000166949    15   67356101   67487533    542      92  252327     -0.28091      0.61061
_SET3_   ENSG00000169018    15   68570141   68588203     60      14  234984      -1.5031      0.93359
_SET3_   ENSG00000137807    15   69706585   69740764     77      30  239637     -0.24332      0.59612
_SET3_   ENSG00000185551    15   96869167   96883492     28      11  243873       2.8595    0.0021218
_SET3_   ENSG00000005339    16    3775055    3930727    477      40  237632      0.12819        0.449
_SET3_   ENSG00000162104    16    4003388    4166186    949     139  244016      0.17948      0.42878
_SET3_   ENSG00000243716    16   22490442   22547842      2       1  222909      0.21903      0.41331
_SET3_   ENSG00000102921    16   48572637   48654059    250      24  242239       1.2903     0.098475
_SET3_   ENSG00000177200    16   53088945   53363062    885      40  250931     -0.53839      0.70485
_SET3_   ENSG00000102974    16   67596310   67673086    210      60  244034       2.1973        0.014
_SET3_   ENSG00000131149    16   85645015   85709810    354      89  239895     -0.22168      0.58772
_SET3_   ENSG00000140948    16   87439852   87525651    512      32  243064     -0.52256      0.69936
_SET3_   ENSG00000070444    17    2287354    2304412     66      16  239893    -0.039019      0.51556
_SET3_   ENSG00000007168    17    2496504    2588909    319      31  246074      -1.2788      0.89952
_SET3_   ENSG00000132388    17    4172554    4269923    220      29  243981      0.76877      0.22102
_SET3_   ENSG00000129204    17    5019733    5078329    192      35  243599     -0.58366      0.72028
_SET3_   ENSG00000170425    17   15848231   15879060    109      30  251003      -1.3057      0.90418
_SET3_   ENSG00000141720    17   36921942   36956379    113      31  250449    -0.097239      0.53873
_SET3_   ENSG00000131747    17   38544768   38574202     58      12  254309      0.18704      0.42581
_SET3_   ENSG00000121067    17   47676246   47755596    176      56  240678      0.11888      0.45269
_SET3_   ENSG00000062725    17   58520520   58603580    359      13  205151     -0.46098      0.67759
_SET3_   ENSG00000146872    17   60536019   60692842    350      50  242549    -0.053065      0.52116
_SET3_   ENSG00000198265    17   65066554   65242105    480      43  247494     -0.88407      0.81167
_SET3_   ENSG00000171634    17   65821640   65980494    435      40  234749       3.0288    0.0012276
_SET3_   ENSG00000108669    17   76670130   76778379    341      32  249555      0.69888      0.24231
_SET3_   ENSG00000132199    18     670324     712676    263      20  257598       2.4228    0.0077018
_SET3_   ENSG00000168502    18    8705659    8832776    623      99  249824       2.1027     0.017747
_SET3_   ENSG00000078142    18   39535171   39667794    394      43  240397        3.473   0.00025734
_SET3_   ENSG00000101665    18   46446223   46477081    132      39  250604     0.003585      0.49857
_SET3_   ENSG00000134046    18   51679079   51751158    229      42  242976       1.8194     0.034427
_SET3_   ENSG00000081913    18   60382672   60647666    719      54  248203       0.7299      0.23273
_SET3_   ENSG00000116017    19     925781     975939    294      48  251136     -0.98547       0.8378
_SET3_   ENSG00000079999    19   10596796   10614417     66      16  245321   -0.0028546      0.50114
_SET3_   ENSG00000197857    19   12335501   12405702    223      29  252812      0.41673      0.33844
_SET3_   ENSG00000105173    19   30302805   30315215     41      18  235764        3.533   0.00020544
_SET3_   ENSG00000257103    19   34663409   34720420    212      25  254454       2.1252     0.016786
_SET3_   ENSG00000167635    19   36705504   36729676     95      14  251279       0.9123      0.18081
_SET3_   ENSG00000130749    19   47567444   47617009    175      40  234291       0.2142       0.4152
_SET3_   ENSG00000083844    19   57702868   57724724     76      19  243857       0.2759      0.39131
_SET3_   ENSG00000132640    20   11871371   11907257    128      20  252146       2.5804    0.0049346
_SET3_   ENSG00000173418    20   19997760   20014299     40      12  254892        1.661     0.048358
_SET3_   ENSG00000125968    20   30193086   30194318     12       7  241381      -1.3052      0.90409
_SET3_   ENSG00000171456    20   30946155   31027122    182      29  246027       5.7472    4.538e-09
_SET3_   ENSG00000078699    20   32077881   32237842    305      83  240004       1.4068     0.079746
_SET3_   ENSG00000101040    20   45837859   45985567    411      78  235027       1.1431       0.1265
_SET3_   ENSG00000124151    20   46130601   46285621    474      42  244814     -0.42253      0.66368
_SET3_   ENSG00000101126    20   49505585   49547958    156      31  235917       0.2695      0.39377
_SET3_   ENSG00000171940    20   52183604   52226446    133      46  250716        -1.23      0.89064
_SET3_   ENSG00000087586    20   54944445   54967393     79      35  250096     -0.29243      0.61502
_SET3_   ENSG00000101191    20   61509090   61569304    272      40  246377       1.6327     0.051262
_SET3_   ENSG00000180530    21   16333556   16437321    340      46  244110        1.908     0.028196
_SET3_   ENSG00000156273    21   30566392   31003071   1331     115  247240      0.46308      0.32165
_SET3_   ENSG00000159256    21   37692487   37758446    290      23  247035      -1.3517      0.91177
_SET3_   ENSG00000157540    21   38738092   38889753    616      43  245874       2.8195    0.0024049
_SET3_   ENSG00000160208    21   45079429   45115958    103      18  233778      0.43694      0.33108
_SET3_   ENSG00000169184    22   28144265   28197486    187      76  249469      0.46553      0.32078
_SET3_   ENSG00000100281    22   35653445   35691800    120      12  253630      0.63465      0.26283
_SET3_   ENSG00000239900    22   40742507   40786467     92      29  246077     -0.03216      0.51283
_SET3_   ENSG00000100426    22   50247490   50283726    193      21  252784      -1.2732      0.89853

# _SET4_  VARIABLE = Curated_gene_sets:reactome_cyp2e1_reactions (set)
# _SET4_  NGENES = 11
# _SET4_  P-VALUE = 4.6636e-08
_SET4_   GENE              CHR      START       STOP  NSNPS  NPARAM       N        ZSTAT            P
_SET4_   ENSG00000165841    10   96447911   96613017    817      39  242149     -0.37287      0.64538
_SET4_   ENSG00000138109    10   96698415   96749147    239      34  249342      0.19873      0.42124
_SET4_   ENSG00000138115    10   96796530   96829254    182      29  250879      0.28003      0.38973
_SET4_   ENSG00000130649    10  135333910  135374724    315      30  253814       1.0871      0.13849
_SET4_   ENSG00000255974    19   41349443   41356352     38      12  247831        8.067   3.3294e-49
_SET4_   ENSG00000198077    19   41381344   41388657     53      14  246528       5.7658   4.0638e-09
_SET4_   ENSG00000197408    19   41497204   41524303    183      34  240475       7.0032   1.2512e-12
_SET4_   ENSG00000197838    19   41594377   41602100     39      14  236907       1.5883     0.056105
_SET4_   ENSG00000197446    19   41620337   41634271     74      16  243458       2.3438     0.009545
_SET4_   ENSG00000167600    19   41698954   41713444     54      19  236916       1.5292     0.063109
_SET4_   ENSG00000100197    22   42522501   42526908     29      17  239543      -0.1252      0.54982

# _SET5_  VARIABLE = Curated_gene_sets:reactome_highly_sodium_permeable_acetylcholine_nicotinic_receptors (set)
# _SET5_  NGENES = 7
# _SET5_  P-VALUE = 1.2751e-06
_SET5_   GENE              CHR      START       STOP  NSNPS  NPARAM       N        ZSTAT            P
_SET5_   ENSG00000160716     1  154540257  154552502     37      20  245836       6.0034   9.6602e-10
_SET5_   ENSG00000135902     2  233390703  233401377     44      14  250470      0.30593      0.37983
_SET5_   ENSG00000196811     2  233404437  233411113     38      14  243266      0.23356      0.40766
_SET5_   ENSG00000080644    15   78885394   78913637    118      23  243639        8.067   1.1232e-79
_SET5_   ENSG00000117971    15   78916461   79020096    404      56  238276        8.067  5.4257e-122
_SET5_   ENSG00000108556    17    4801069    4806369     35      15  237078     -0.47608      0.68299
_SET5_   ENSG00000101204    20   61975420   62009753    250      58  253400       7.6363   1.1182e-14

# _SET6_  VARIABLE = Curated_gene_sets:reactome_highly_calcium_permeable_nicotinic_acetylcholine_receptors (set)
# _SET6_  NGENES = 9
# _SET6_  P-VALUE = 1.8824e-26
_SET6_   GENE              CHR      START       STOP  NSNPS  NPARAM       N        ZSTAT            P
_SET6_   ENSG00000160716     1  154540257  154552502     37      20  245836       6.0034   9.6602e-10
_SET6_   ENSG00000138435     2  175612320  175629200     69      16  250748      0.62611      0.26562
_SET6_   ENSG00000120903     8   27317279   27337400    115      28  250505        2.843    0.0022349
_SET6_   ENSG00000147432     8   42552519   42592550    223      11  257167       5.1385   1.3846e-07
_SET6_   ENSG00000147434     8   42607763   42651535    146      26  251487        8.067   1.8699e-23
_SET6_   ENSG00000169684    15   78857862   78887611    121      21  242377        8.067   3.9362e-55
_SET6_   ENSG00000080644    15   78885394   78913637    118      23  243639        8.067   1.1232e-79
_SET6_   ENSG00000117971    15   78916461   79020096    404      56  238276        8.067  5.4257e-122
_SET6_   ENSG00000101204    20   61975420   62009753    250      58  253400       7.6363   1.1182e-14

# _SET7_  VARIABLE = GO_bp:go_exogenous_drug_catabolic_process (set)
# _SET7_  NGENES = 22
# _SET7_  P-VALUE = 2.3885e-06
_SET7_   GENE              CHR      START       STOP  NSNPS  NPARAM       N        ZSTAT            P
_SET7_   ENSG00000142973     1   47223510   47285085    228      54  248417      0.59437      0.27613
_SET7_   ENSG00000134716     1   60358980   60392462     95      22  251415       2.6932     0.003538
_SET7_   ENSG00000144852     3  119499331  119537332    175      40  252544      0.78801      0.21535
_SET7_   ENSG00000155016     4  108852525  108874613     94      15  242737      0.37166      0.35507
_SET7_   ENSG00000073067     7    1022835    1029276     35      16  249898    -0.017431      0.50695
_SET7_   ENSG00000160868     7   99354604   99381888     62      32  234355       2.3866    0.0085018
_SET7_   ENSG00000108242    10   96443251   96495947    273      27  241021    -0.029436      0.51174
_SET7_   ENSG00000165841    10   96447911   96613017    817      39  242149     -0.37287      0.64538
_SET7_   ENSG00000138109    10   96698415   96749147    239      34  249342      0.19873      0.42124
_SET7_   ENSG00000138115    10   96796530   96829254    182      29  250879      0.28003      0.38973
_SET7_   ENSG00000130649    10  135333910  135374724    315      30  253814       1.0871      0.13849
_SET7_   ENSG00000186104    11   14899553   14913798     25      14  242487       1.6236     0.052236
_SET7_   ENSG00000089250    12  117645947  117889975    941      98  251652      -1.0909      0.86233
_SET7_   ENSG00000136159    13   48611703   48621358     37      16  246153       1.6023     0.054542
_SET7_   ENSG00000140505    15   75041185   75048543     25      13  230753      0.38446      0.35032
_SET7_   ENSG00000255974    19   41349443   41356352     38      12  247831        8.067   3.3294e-49
_SET7_   ENSG00000198077    19   41381344   41388657     53      14  246528       5.7658   4.0638e-09
_SET7_   ENSG00000197408    19   41497204   41524303    183      34  240475       7.0032   1.2512e-12
_SET7_   ENSG00000197838    19   41594377   41602100     39      14  236907       1.5883     0.056105
_SET7_   ENSG00000197446    19   41620337   41634271     74      16  243458       2.3438     0.009545
_SET7_   ENSG00000167600    19   41698954   41713444     54      19  236916       1.5292     0.063109
_SET7_   ENSG00000100197    22   42522501   42526908     29      17  239543      -0.1252      0.54982

# _SET8_  VARIABLE = GO_bp:go_synaptic_transmission_cholinergic (set)
# _SET8_  NGENES = 29
# _SET8_  P-VALUE = 3.2774e-07
_SET8_   GENE              CHR      START       STOP  NSNPS  NPARAM       N        ZSTAT            P
_SET8_   ENSG00000160716     1  154540257  154552502     37      20  245836       6.0034   9.6602e-10
_SET8_   ENSG00000133019     1  239549865  240078750   2228     162  239758     -0.54186      0.70604
_SET8_   ENSG00000115665     2  108602979  108630450    103      39  253379      -1.0934       0.8629
_SET8_   ENSG00000150551     2  133402426  133429152    118      17  236655     -0.58224       0.7198
_SET8_   ENSG00000138435     2  175612320  175629200     69      16  250748      0.62611      0.26562
_SET8_   ENSG00000135902     2  233390703  233401377     44      14  250470      0.30593      0.37983
_SET8_   ENSG00000196811     2  233404437  233411113     38      14  243266      0.23356      0.40766
_SET8_   ENSG00000206561     3   15491640   15563258    293      35  254107     -0.64702      0.74119
_SET8_   ENSG00000196569     6  129204342  129837714   2359     139  251476       1.0191      0.15409
_SET8_   ENSG00000006128     7   97361220   97369784     34       7  250152       2.2711     0.011571
_SET8_   ENSG00000087085     7  100487615  100494594     24      12  243953      0.25856      0.39799
_SET8_   ENSG00000147432     8   42552519   42592550    223      11  257167       5.1385   1.3846e-07
_SET8_   ENSG00000147434     8   42607763   42651535    146      26  251487        8.067   1.8699e-23
_SET8_   ENSG00000180155     8  143845752  143859640     59      19  247958      -1.2155      0.88791
_SET8_   ENSG00000075073    10   71163659   71176623     91      12  225516     -0.19627       0.5778
_SET8_   ENSG00000129749    11    3686817    3692614     29       7  255680       1.2838     0.099599
_SET8_   ENSG00000166405    11    8127597    8190602    345      32  246818      0.73623       0.2308
_SET8_   ENSG00000165917    11   47459308   47470730     52      13  248069       4.1161   1.9267e-05
_SET8_   ENSG00000166664    15   30653443   30686052      2       1  227524    -0.093429      0.53722
_SET8_   ENSG00000175344    15   32322691   32464722    433      88  246903     0.082566       0.4671
_SET8_   ENSG00000169684    15   78857862   78887611    121      21  242377        8.067   3.9362e-55
_SET8_   ENSG00000080644    15   78885394   78913637    118      23  243639        8.067   1.1232e-79
_SET8_   ENSG00000117971    15   78916461   79020096    404      56  238276        8.067  5.4257e-122
_SET8_   ENSG00000181019    16   69740899   69760854     80      23  244670       3.7993   7.2547e-05
_SET8_   ENSG00000108556    17    4801069    4806369     35      15  237078     -0.47608      0.68299
_SET8_   ENSG00000170175    17    7348380    7361026     43      11  239871    -0.051893      0.52069
_SET8_   ENSG00000130203    19   45409011   45412650     10       6  242779       2.6139    0.0044754
_SET8_   ENSG00000101204    20   61975420   62009753    250      58  253400       7.6363   1.1182e-14
_SET8_   ENSG00000128271    22   24813847   24838328     92      31  249341     -0.20004      0.57928

# _SET9_  VARIABLE = GO_bp:go_central_nervous_system_projection_neuron_axonogenesis (set)
# _SET9_  NGENES = 25
# _SET9_  P-VALUE = 5.4686e-08
_SET9_   GENE              CHR      START       STOP  NSNPS  NPARAM       N        ZSTAT            P
_SET9_   ENSG00000133216     1   23037332   23241818    800     116  242043     -0.16537      0.56567
_SET9_   ENSG00000198198     1   43855553   43918321    154      26  246825     -0.15232      0.56053
_SET9_   ENSG00000160716     1  154540257  154552502     37      20  245836       6.0034   9.6602e-10
_SET9_   ENSG00000074047     2  121493199  121750229   1069     137  247076       2.4004    0.0081884
_SET9_   ENSG00000169554     2  145141648  145282147    321      78  247600       1.7856     0.037083
_SET9_   ENSG00000153234     2  157180944  157198860     24      11  243226      0.92788      0.17674
_SET9_   ENSG00000116106     2  222282747  222438922    629      66  250150     -0.15186      0.56035
_SET9_   ENSG00000154928     3  134316643  134979309   2682     218  251971      0.65697       0.2556
_SET9_   ENSG00000182580     3  184279572  184300197     90      25  248807      0.91138      0.18105
_SET9_   ENSG00000174013     3  196295482  196315930     80      15  234204       2.0581     0.019792
_SET9_   ENSG00000145147     4   20254883   20622184   1494     170  245810       1.8747     0.030419
_SET9_   ENSG00000112333     6  108487262  108510013     58      21  246981       2.0812     0.018706
_SET9_   ENSG00000221866     7  131808091  132333447   2512     198  248561     -0.62396      0.73367
_SET9_   ENSG00000147862     9   14081842   14398982   1317     206  247900       3.3184   0.00045275
_SET9_   ENSG00000182704    11   76493295   76509198     66      15  251921      -1.6474      0.95026
_SET9_   ENSG00000111678    12    7052141    7055166     20      13  240426      0.34553      0.36485
_SET9_   ENSG00000133083    13   36345478   36705443   1513     151  253277      0.97776       0.1641
_SET9_   ENSG00000005810    13   77618792   77901185    776      45  251351     -0.83232      0.79738
_SET9_   ENSG00000100503    14   51186481   51297839    398      72  250563      -1.3706      0.91475
_SET9_   ENSG00000140937    16   64977656   65160015    692      72  247904       4.7676   9.3235e-07
_SET9_   ENSG00000007168    17    2496504    2588909    319      31  246074      -1.2788      0.89952
_SET9_   ENSG00000187323    18   49866542   51057784   6293     163  252039       4.5046   3.3244e-06
_SET9_   ENSG00000105711    19   35521588   35531352     40      16  243436      0.62484      0.26604
_SET9_   ENSG00000160460    19   40972148   41082370    373      72  250020       5.6541    7.831e-09
_SET9_   ENSG00000197381    21   46493768   46646478    656      51  247062       3.3674   0.00037939

# _SET10_  VARIABLE = GO_bp:go_response_to_nicotine (set)
# _SET10_  NGENES = 45
# _SET10_  P-VALUE = 2.7135e-07
_SET10_   GENE              CHR      START       STOP  NSNPS  NPARAM       N        ZSTAT            P
_SET10_   ENSG00000162692     1  101185298  101204601     53      28  241030       0.1236      0.45082
_SET10_   ENSG00000160716     1  154540257  154552502     37      20  245836       6.0034   9.6602e-10
_SET10_   ENSG00000198400     1  156785432  156851642    242      63  246436     -0.79068      0.78544
_SET10_   ENSG00000018625     1  160085549  160113381    132      35  247991      -0.6632       0.7464
_SET10_   ENSG00000135750     1  233749750  233808258    295      63  244782     -0.87082      0.80807
_SET10_   ENSG00000150551     2  133402426  133429152    118      17  236655     -0.58224       0.7198
_SET10_   ENSG00000138435     2  175612320  175629200     69      16  250748      0.62611      0.26562
_SET10_   ENSG00000118260     2  208394461  208468155    197      41  243175       0.3446       0.3652
_SET10_   ENSG00000135902     2  233390703  233401377     44      14  250470      0.30593      0.37983
_SET10_   ENSG00000196811     2  233404437  233411113     38      14  243266      0.23356      0.40766
_SET10_   ENSG00000163132     4    4861393    4865663     21       7  260744       1.0672      0.14293
_SET10_   ENSG00000163623     4   85413140   85419603     15       8  248143       1.0324      0.15095
_SET10_   ENSG00000109320     4  103422486  103538459    389      35  251752       1.3557     0.087597
_SET10_   ENSG00000151012     4  139085251  139163503    333      44  250010      -1.0548      0.85424
_SET10_   ENSG00000164305     4  185548850  185570663     73      18  248807     -0.72445       0.7656
_SET10_   ENSG00000142319     5    1392909    1445545    246      53  248087       1.5333     0.062605
_SET10_   ENSG00000169194     5  131991955  131996802     14       5  259139    -0.082768      0.53298
_SET10_   ENSG00000078401     6   12290596   12297427     28      10  255574      0.75407       0.2254
_SET10_   ENSG00000118432     6   88849583   88876078     97      37  250721    -0.029392      0.51172
_SET10_   ENSG00000196591     6  114254192  114332472    267      39  250834      0.53526      0.29623
_SET10_   ENSG00000214415     7   80087987   80141336    177      31  251988        1.656     0.048862
_SET10_   ENSG00000147465     8   38001167   38008783     21      13  236793      0.52975      0.29814
_SET10_   ENSG00000147432     8   42552519   42592550    223      11  257167       5.1385   1.3846e-07
_SET10_   ENSG00000147434     8   42607763   42651535    146      26  251487        8.067   1.8699e-23
_SET10_   ENSG00000181195     8   57349233   57359293     43      10  246547      0.52456      0.29994
_SET10_   ENSG00000180176    11    2185159    2193107     34      12  248493     -0.18961      0.57519
_SET10_   ENSG00000187486    11   17407406   17410878     14       6  253553       0.7132      0.23786
_SET10_   ENSG00000002330    11   64037302   64052176     40      19  236145      0.25055      0.40108
_SET10_   ENSG00000173039    11   65421067   65430565     21      10  242507     -0.13879      0.55519
_SET10_   ENSG00000149295    11  113280318  113346413    245      46  249422        5.506   1.8356e-08
_SET10_   ENSG00000139515    13   28494157   28500368     27      10  250671      0.14077      0.44403
_SET10_   ENSG00000175344    15   32322691   32464722    433      88  246903     0.082566       0.4671
_SET10_   ENSG00000169684    15   78857862   78887611    121      21  242377        8.067   3.9362e-55
_SET10_   ENSG00000080644    15   78885394   78913637    118      23  243639        8.067   1.1232e-79
_SET10_   ENSG00000117971    15   78916461   79020096    404      56  238276        8.067  5.4257e-122
_SET10_   ENSG00000183044    16    8768422    8878432    767     109  253875     -0.21085       0.5835
_SET10_   ENSG00000108556    17    4801069    4806369     35      15  237078     -0.47608      0.68299
_SET10_   ENSG00000170175    17    7348380    7361026     43      11  239871    -0.051893      0.52069
_SET10_   ENSG00000131771    17   37782993   37792879     36      12  246727        1.704     0.044194
_SET10_   ENSG00000171791    18   60790579   60987361    798     146  252205        1.234       0.1086
_SET10_   ENSG00000101200    20    3063202    3065370      5       3  241571     -0.56548      0.71413
_SET10_   ENSG00000101204    20   61975420   62009753    250      58  253400       7.6363   1.1182e-14
_SET10_   ENSG00000100030    22   22108789   22221970    393      42  246641       0.1086      0.45676
_SET10_   ENSG00000100292    22   35776354   35790207     67      14  243932     -0.15071       0.5599
_SET10_   ENSG00000186951    22   46546424   46639653    359      61  247098      0.41236      0.34004

# _SET11_  VARIABLE = GO_bp:go_central_nervous_system_neuron_development (set)
# _SET11_  NGENES = 76
# _SET11_  P-VALUE = 1.4308e-06
_SET11_   GENE              CHR      START       STOP  NSNPS  NPARAM       N        ZSTAT            P
_SET11_   ENSG00000133216     1   23037332   23241818    800     116  242043     -0.16537      0.56567
_SET11_   ENSG00000198198     1   43855553   43918321    154      26  246825     -0.15232      0.56053
_SET11_   ENSG00000162624     1   75594119   75627218    104      30  235788       1.0973      0.13626
_SET11_   ENSG00000160716     1  154540257  154552502     37      20  245836       6.0034   9.6602e-10
_SET11_   ENSG00000159388     1  203274619  203278730      8       4  252238      0.48458      0.31399
_SET11_   ENSG00000184144     1  205012325  205047627    175      31  251983       1.2582      0.10416
_SET11_   ENSG00000074047     2  121493199  121750229   1069     137  247076       2.4004    0.0081884
_SET11_   ENSG00000169554     2  145141648  145282147    321      78  247600       1.7856     0.037083
_SET11_   ENSG00000153234     2  157180944  157198860     24      11  243226      0.92788      0.17674
_SET11_   ENSG00000144290     2  162280843  162841792   1788      50  249924      0.31227      0.37742
_SET11_   ENSG00000118257     2  206546714  206662857    428     101  247214       1.1912      0.11679
_SET11_   ENSG00000078018     2  210288782  210598842   1078      56  249252      0.32626      0.37212
_SET11_   ENSG00000116106     2  222282747  222438922    629      66  250150     -0.15186      0.56035
_SET11_   ENSG00000168505     2  237073879  237077012     10       7  252781       1.7153     0.043141
_SET11_   ENSG00000114251     3   55499743   55523973     80      28  248450     -0.18903      0.57496
_SET11_   ENSG00000153266     3   62355356   62359999      6       4  232267     -0.33842      0.63247
_SET11_   ENSG00000185008     3   75955846   77699115   7478     352  248435       2.2963     0.010829
_SET11_   ENSG00000169855     3   78646390   79816965   3982     180  249259    0.0027338      0.49891
_SET11_   ENSG00000179348     3  128198270  128212028     46      17  257273     -0.65942      0.74519
_SET11_   ENSG00000154928     3  134316643  134979309   2682     218  251971      0.65697       0.2556
_SET11_   ENSG00000182580     3  184279572  184300197     90      25  248807      0.91138      0.18105
_SET11_   ENSG00000174013     3  196295482  196315930     80      15  234204       2.0581     0.019792
_SET11_   ENSG00000145147     4   20254883   20622184   1494     170  245810       1.8747     0.030419
_SET11_   ENSG00000109132     4   41746099   41750987     12       4  260245     -0.45967      0.67712
_SET11_   ENSG00000163288     4   46995740   47428461   1602     127  250870       1.0325      0.15093
_SET11_   ENSG00000170390     4  150999426  151178609    712      64  252166       1.6021     0.054566
_SET11_   ENSG00000109756     4  160025330  160281321    793      70  242949     -0.76328      0.77735
_SET11_   ENSG00000164405     5  132202252  132203723      6       3  258337      0.15799      0.43723
_SET11_   ENSG00000184845     5  174867042  174871211     12       5  258337     -0.11831      0.54709
_SET11_   ENSG00000096384     6   44214824   44221620     31      16  248603     0.017632      0.49297
_SET11_   ENSG00000112333     6  108487262  108510013     58      21  246981       2.0812     0.018706
_SET11_   ENSG00000122585     7   24323782   24331484     47      15  251021      -1.1639      0.87777
_SET11_   ENSG00000105953     7   44646171   44748665    343      43  247892      0.71893      0.23609
_SET11_   ENSG00000158321     7   69063905   70258054   3764     128  250414       3.8425   6.0889e-05
_SET11_   ENSG00000075213     7   83585093   84122040   2361     117  253357     -0.30693      0.62055
_SET11_   ENSG00000174697     7  127881337  127897681     72      25  237472      0.50645      0.30627
_SET11_   ENSG00000221866     7  131808091  132333447   2512     198  248561     -0.62396      0.73367
_SET11_   ENSG00000164885     7  150750899  150755617     15       7  248130      0.45034      0.32623
_SET11_   ENSG00000169398     8  141667999  142012315    978      42  243771     -0.13556      0.55392
_SET11_   ENSG00000147862     9   14081842   14398982   1317     206  247900       3.3184   0.00045275
_SET11_   ENSG00000070610     9   35736863   35749983     28      17  240360      -0.5995      0.72558
_SET11_   ENSG00000148053     9   87283466   87638505   1401     126  250763      0.97754      0.16415
_SET11_   ENSG00000106852     9  124964856  124991905     84      32  244868       1.5603     0.059347
_SET11_   ENSG00000099250    10   33466420   33625190    754      80  254553       2.1004     0.017846
_SET11_   ENSG00000171862    10   89622870   89731687    425      27  213474      -1.0968      0.86363
_SET11_   ENSG00000107831    10  103529899  103535854      5       3  241571      0.96667      0.16685
_SET11_   ENSG00000188613    10  120789228  120793854     12       9  221598      0.61645       0.2688
_SET11_   ENSG00000066468    10  123237848  123357972    424     106  238615       2.7515    0.0029662
_SET11_   ENSG00000182704    11   76493295   76509198     66      15  251921      -1.6474      0.95026
_SET11_   ENSG00000149295    11  113280318  113346413    245      46  249422        5.506   1.8356e-08
_SET11_   ENSG00000111678    12    7052141    7055166     20      13  240426      0.34553      0.36485
_SET11_   ENSG00000139352    12  103351464  103354294      7       4  247966       1.3305     0.091674
_SET11_   ENSG00000204852    12  111051832  111087235     99      22  249096     -0.62967      0.73555
_SET11_   ENSG00000133083    13   36345478   36705443   1513     151  253277      0.97776       0.1641
_SET11_   ENSG00000005810    13   77618792   77901185    776      45  251351     -0.83232      0.79738
_SET11_   ENSG00000182968    13  112721913  112726020     13       8  232534      -1.3053       0.9041
_SET11_   ENSG00000176165    14   29235050   29238870      4       2  244402       1.1875      0.11751
_SET11_   ENSG00000100503    14   51186481   51297839    398      72  250563      -1.3706      0.91475
_SET11_   ENSG00000080824    14  102547075  102606036    208      41  249395       2.6337    0.0042225
_SET11_   ENSG00000140937    16   64977656   65160015    692      72  247904       4.7676   9.3235e-07
_SET11_   ENSG00000167193    17    1323983    1366456    202      39  240166       1.2671      0.10257
_SET11_   ENSG00000007168    17    2496504    2588909    319      31  246074      -1.2788      0.89952
_SET11_   ENSG00000166579    17    8316449    8393729    227      55  230545     -0.89522      0.81467
_SET11_   ENSG00000170315    17   16284112   16286059      6       3  247102       1.9563     0.025215
_SET11_   ENSG00000186868    17   43971748   44105700    822      10  247589      0.89975      0.18413
_SET11_   ENSG00000169750    17   79989500   79992080      8       4  247361       1.6887     0.045641
_SET11_   ENSG00000118276    18   29202210   29265799    188      40  243366       1.6484     0.049635
_SET11_   ENSG00000187323    18   49866542   51057784   6293     163  252039       4.5046   3.3244e-06
_SET11_   ENSG00000256463    18   76740275   76762677     82      28  235635      -1.6124      0.94657
_SET11_   ENSG00000105711    19   35521588   35531352     40      16  243436      0.62484      0.26604
_SET11_   ENSG00000160460    19   40972148   41082370    373      72  250020       5.6541    7.831e-09
_SET11_   ENSG00000160007    19   47421933   47508334    241      45  241682      -1.4832      0.93099
_SET11_   ENSG00000169136    19   50431959   50437192     28      10  255960       2.0876     0.018417
_SET11_   ENSG00000158470    20   48249482   48330415    271      30  244007      0.44874      0.32681
_SET11_   ENSG00000197381    21   46493768   46646478    656      51  247062       3.3674   0.00037939
_SET11_   ENSG00000099942    22   21271714   21308037    146      22  246860      0.33709      0.36802

# _SET12_  VARIABLE = GO_bp:go_neuromuscular_synaptic_transmission (set)
# _SET12_  NGENES = 30
# _SET12_  P-VALUE = 1.7582e-08
_SET12_   GENE              CHR      START       STOP  NSNPS  NPARAM       N        ZSTAT            P
_SET12_   ENSG00000054523     1   10270863   10441661    711      32  250311       1.4801     0.069427
_SET12_   ENSG00000160716     1  154540257  154552502     37      20  245836       6.0034   9.6602e-10
_SET12_   ENSG00000115665     2  108602979  108630450    103      39  253379      -1.0934       0.8629
_SET12_   ENSG00000138435     2  175612320  175629200     69      16  250748      0.62611      0.26562
_SET12_   ENSG00000135902     2  233390703  233401377     44      14  250470      0.30593      0.37983
_SET12_   ENSG00000196811     2  233404437  233411113     38      14  243266      0.23356      0.40766
_SET12_   ENSG00000244405     3  185764097  185828107    165      34  247459     -0.54122      0.70582
_SET12_   ENSG00000197948     5  141018869  141030986     57      19  255721       1.4952     0.067436
_SET12_   ENSG00000179388     8   22545172   22550815     12       8  251819     -0.34322      0.63429
_SET12_   ENSG00000147432     8   42552519   42592550    223      11  257167       5.1385   1.3846e-07
_SET12_   ENSG00000147434     8   42607763   42651535    146      26  251487        8.067   1.8699e-23
_SET12_   ENSG00000136854     9  130374544  130457460    237      41  238805     -0.21487      0.58507
_SET12_   ENSG00000070748    10   50817141   50901925    385      77  244926      -2.2698      0.98839
_SET12_   ENSG00000165917    11   47459308   47470730     52      13  248069       4.1161   1.9267e-05
_SET12_   ENSG00000109991    11   57105848   57138073    109      18  255855     -0.82753      0.79603
_SET12_   ENSG00000168539    11   62676151   62689279     38      14  254834      0.49743      0.30944
_SET12_   ENSG00000137478    11   72547790   72853306    707      57  240604       1.5875     0.056196
_SET12_   ENSG00000185482    12   57637236   57644976     19       9  234069       3.4658   0.00026436
_SET12_   ENSG00000060709    12  130880682  131200826   1886     222  251652      -1.3719      0.91494
_SET12_   ENSG00000187848    12  133195366  133198972     14       6  250374     -0.49425      0.68943
_SET12_   ENSG00000169684    15   78857862   78887611    121      21  242377        8.067   3.9362e-55
_SET12_   ENSG00000080644    15   78885394   78913637    118      23  243639        8.067   1.1232e-79
_SET12_   ENSG00000117971    15   78916461   79020096    404      56  238276        8.067  5.4257e-122
_SET12_   ENSG00000108556    17    4801069    4806369     35      15  237078     -0.47608      0.68299
_SET12_   ENSG00000170175    17    7348380    7361026     43      11  239871    -0.051893      0.52069
_SET12_   ENSG00000134769    18   32073254   32471808   1434      62  247578        1.268       0.1024
_SET12_   ENSG00000105649    19   18307594   18314884     23       9  252757     -0.66068      0.74559
_SET12_   ENSG00000101306    20   30407111   30422492     65      14  248233      -1.0471      0.85247
_SET12_   ENSG00000101204    20   61975420   62009753    250      58  253400       7.6363   1.1182e-14
_SET12_   ENSG00000197381    21   46493768   46646478    656      51  247062       3.3674   0.00037939

# _SET13_  VARIABLE = GO_bp:go_behavioral_response_to_nicotine (set)
# _SET13_  NGENES = 7
# _SET13_  P-VALUE = 1.5824e-12
_SET13_   GENE              CHR      START       STOP  NSNPS  NPARAM       N        ZSTAT            P
_SET13_   ENSG00000160716     1  154540257  154552502     37      20  245836       6.0034   9.6602e-10
_SET13_   ENSG00000169684    15   78857862   78887611    121      21  242377        8.067   3.9362e-55
_SET13_   ENSG00000080644    15   78885394   78913637    118      23  243639        8.067   1.1232e-79
_SET13_   ENSG00000117971    15   78916461   79020096    404      56  238276        8.067  5.4257e-122
_SET13_   ENSG00000170175    17    7348380    7361026     43      11  239871    -0.051893      0.52069
_SET13_   ENSG00000101204    20   61975420   62009753    250      58  253400       7.6363   1.1182e-14
_SET13_   ENSG00000186951    22   46546424   46639653    359      61  247098      0.41236      0.34004

# _SET14_  VARIABLE = GO_bp:go_regulation_of_mesenchymal_stem_cell_differentiation (set)
# _SET14_  NGENES = 6
# _SET14_  P-VALUE = 1.0819e-06
_SET14_   GENE              CHR     START      STOP  NSNPS  NPARAM       N        ZSTAT            P
_SET14_   ENSG00000134853     4  55095264  55164414    210      28  249162      0.53588      0.29602
_SET14_   ENSG00000084093     4  57774075  57802010    120      32  249786       2.2436     0.012429
_SET14_   ENSG00000110693    11  15987995  16761138   2277     109  247498       7.6885   7.4429e-15
_SET14_   ENSG00000168056    11  65306276  65326401     32      13  247435       1.7269     0.042096
_SET14_   ENSG00000134532    12  23682440  24103966   1654     184  249158       1.6311     0.051436
_SET14_   ENSG00000125398    17  70117161  70122561     14       6  253553       1.9786     0.023929

# _SET15_  VARIABLE = GO_cc:go_acetylcholine_gated_channel_complex (set)
# _SET15_  NGENES = 17
# _SET15_  P-VALUE = 3.8299e-13
_SET15_   GENE              CHR      START       STOP  NSNPS  NPARAM       N        ZSTAT            P
_SET15_   ENSG00000160716     1  154540257  154552502     37      20  245836       6.0034   9.6602e-10
_SET15_   ENSG00000138435     2  175612320  175629200     69      16  250748      0.62611      0.26562
_SET15_   ENSG00000135902     2  233390703  233401377     44      14  250470      0.30593      0.37983
_SET15_   ENSG00000196811     2  233404437  233411113     38      14  243266      0.23356      0.40766
_SET15_   ENSG00000174343     4   40337346   40357234    128      17  257307       1.3252     0.092552
_SET15_   ENSG00000164506     6  147525561  147706866    474      42  245876     -0.62413      0.73373
_SET15_   ENSG00000120903     8   27317279   27337400    115      28  250505        2.843    0.0022349
_SET15_   ENSG00000147432     8   42552519   42592550    223      11  257167       5.1385   1.3846e-07
_SET15_   ENSG00000147434     8   42607763   42651535    146      26  251487        8.067   1.8699e-23
_SET15_   ENSG00000166664    15   30653443   30686052      2       1  227524    -0.093429      0.53722
_SET15_   ENSG00000175344    15   32322691   32464722    433      88  246903     0.082566       0.4671
_SET15_   ENSG00000169684    15   78857862   78887611    121      21  242377        8.067   3.9362e-55
_SET15_   ENSG00000080644    15   78885394   78913637    118      23  243639        8.067   1.1232e-79
_SET15_   ENSG00000117971    15   78916461   79020096    404      56  238276        8.067  5.4257e-122
_SET15_   ENSG00000108556    17    4801069    4806369     35      15  237078     -0.47608      0.68299
_SET15_   ENSG00000170175    17    7348380    7361026     43      11  239871    -0.051893      0.52069
_SET15_   ENSG00000101204    20   61975420   62009753    250      58  253400       7.6363   1.1182e-14

# _SET16_  VARIABLE = GO_cc:go_dopaminergic_synapse (set)
# _SET16_  NGENES = 12
# _SET16_  P-VALUE = 1.0288e-19
_SET16_   GENE              CHR      START       STOP  NSNPS  NPARAM       N        ZSTAT            P
_SET16_   ENSG00000169213     1   52373628   52456436    261      30  240838       1.1152      0.13238
_SET16_   ENSG00000160716     1  154540257  154552502     37      20  245836       6.0034   9.6602e-10
_SET16_   ENSG00000151577     3  113847499  113918254    276      41  251521       1.4394     0.075014
_SET16_   ENSG00000142319     5    1392909    1445545    246      53  248087       1.5333     0.062605
_SET16_   ENSG00000120907     8   26605667   26724790    637      75  256616     -0.17014      0.56755
_SET16_   ENSG00000147432     8   42552519   42592550    223      11  257167       5.1385   1.3846e-07
_SET16_   ENSG00000147434     8   42607763   42651535    146      26  251487        8.067   1.8699e-23
_SET16_   ENSG00000165646    10  119000604  119038941    153      42  253265       3.8435   6.0653e-05
_SET16_   ENSG00000149295    11  113280318  113346413    245      46  249422        5.506   1.8356e-08
_SET16_   ENSG00000169684    15   78857862   78887611    121      21  242377        8.067   3.9362e-55
_SET16_   ENSG00000169992    17    7308193    7323179     50      26  250521      -0.1147      0.54566
_SET16_   ENSG00000101204    20   61975420   62009753    250      58  253400       7.6363   1.1182e-14

# _SET17_  VARIABLE = GO_mf:go_neurotransmitter_binding (set)
# _SET17_  NGENES = 51
# _SET17_  P-VALUE = 1.1678e-06
_SET17_   GENE              CHR      START       STOP  NSNPS  NPARAM       N        ZSTAT            P
_SET17_   ENSG00000116198     1    3728645    3773778    350      24  253246     -0.85834      0.80465
_SET17_   ENSG00000160716     1  154540257  154552502     37      20  245836       6.0034   9.6602e-10
_SET17_   ENSG00000132693     1  159682079  159684379      7       4  239668       1.0271      0.15218
_SET17_   ENSG00000133019     1  239549865  240078750   2228     162  239758     -0.54186      0.70604
_SET17_   ENSG00000115665     2  108602979  108630450    103      39  253379      -1.0934       0.8629
_SET17_   ENSG00000138435     2  175612320  175629200     69      16  250748      0.62611      0.26562
_SET17_   ENSG00000135914     2  231972944  231989832     29      14  248517     -0.30908      0.62137
_SET17_   ENSG00000135902     2  233390703  233401377     44      14  250470      0.30593      0.37983
_SET17_   ENSG00000196811     2  233404437  233411113     38      14  243266      0.23356      0.40766
_SET17_   ENSG00000132164     3   10857885   10982419    545      63  250776       5.3185   5.2313e-08
_SET17_   ENSG00000157103     3   11034410   11080933    236      69  251151       1.2217      0.11091
_SET17_   ENSG00000179097     3   88039846   88042919     10       7  249392     -0.33856      0.63253
_SET17_   ENSG00000114200     3  165490692  165555260    246      39  256380       1.9279     0.026936
_SET17_   ENSG00000109738     4  157997209  158093242    469      40  245494     -0.22143      0.58762
_SET17_   ENSG00000145451     4  175558065  175750465    954      88  251173       1.5928     0.055606
_SET17_   ENSG00000178394     5   63256183   63258334      3       2  263954       1.9105     0.028034
_SET17_   ENSG00000145708     5   76248538   76276983    111      29  238993     -0.52282      0.69945
_SET17_   ENSG00000145888     5  151202074  151304403    289      27  251213      0.52096       0.3012
_SET17_   ENSG00000124713     6   42928496   42931618     11       4  260890        2.262     0.011849
_SET17_   ENSG00000135312     6   78171948   78173490      5       2  263954       1.8131     0.034905
_SET17_   ENSG00000168830     6   87647024   87726349    277      31  250656     0.075209      0.47002
_SET17_   ENSG00000087085     7  100487615  100494594     24      12  243953      0.25856      0.39799
_SET17_   ENSG00000157219     7  154862034  154877459    100      18  243751       1.3645     0.086197
_SET17_   ENSG00000120903     8   27317279   27337400    115      28  250505        2.843    0.0022349
_SET17_   ENSG00000147432     8   42552519   42592550    223      11  257167       5.1385   1.3846e-07
_SET17_   ENSG00000147434     8   42607763   42651535    146      26  251487        8.067   1.8699e-23
_SET17_   ENSG00000178445     9    6532464    6645650    643      87  250896      0.23569      0.40684
_SET17_   ENSG00000198785     9  104331635  104500862    821      44  253631       1.1188      0.13162
_SET17_   ENSG00000176884     9  140032842  140063207     69      23  246034       2.0806     0.018735
_SET17_   ENSG00000119912    10   94211441   94333833    399      44  249745      0.48901      0.31242
_SET17_   ENSG00000110721    11   67820326   67888911    154      37  242584     -0.19663      0.57794
_SET17_   ENSG00000166736    11  113845603  113861035     67      17  251819      0.16272      0.43537
_SET17_   ENSG00000111181    12     299243     323736    155      40  244306    -0.074795      0.52981
_SET17_   ENSG00000010379    12     329789     372039    235      51  245852     -0.59581      0.72435
_SET17_   ENSG00000273079    12   13693165   14133053   2058     148  250171     -0.54725       0.7079
_SET17_   ENSG00000102468    13   47405685   47471169    305      50  247580      0.31971       0.3746
_SET17_   ENSG00000166664    15   30653443   30686052      2       1  227524    -0.093429      0.53722
_SET17_   ENSG00000175344    15   32322691   32464722    433      88  246903     0.082566       0.4671
_SET17_   ENSG00000169684    15   78857862   78887611    121      21  242377        8.067   3.9362e-55
_SET17_   ENSG00000080644    15   78885394   78913637    118      23  243639        8.067   1.1232e-79
_SET17_   ENSG00000117971    15   78916461   79020096    404      56  238276        8.067  5.4257e-122
_SET17_   ENSG00000167720    17    2206677    2228554     63      24  233606      0.65194      0.25722
_SET17_   ENSG00000108556    17    4801069    4806369     35      15  237078     -0.47608      0.68299
_SET17_   ENSG00000170175    17    7348380    7361026     43      11  239871    -0.051893      0.52069
_SET17_   ENSG00000108576    17   28521337   28563020    116      32  237954     -0.97005      0.83399
_SET17_   ENSG00000120088    17   43699267   43913194   1178      16  245754       0.7471       0.2275
_SET17_   ENSG00000116032    19    1000418    1009731     87      20  257491     -0.64317      0.73994
_SET17_   ENSG00000100983    20   33516236   33543620     65      18  240326       1.1394      0.12727
_SET17_   ENSG00000101204    20   61975420   62009753    250      58  253400       7.6363   1.1182e-14
_SET17_   ENSG00000160200    21   44473301   44497053    139      38  222956        1.236      0.10823
_SET17_   ENSG00000184117    22   29950797   29977326    109      21  251548       1.4004     0.080698

# _SET18_  VARIABLE = GO_mf:go_transmitter_gated_channel_activity (set)
# _SET18_  NGENES = 56
# _SET18_  P-VALUE = 2.1769e-06
_SET18_   GENE              CHR      START       STOP  NSNPS  NPARAM       N        ZSTAT            P
_SET18_   ENSG00000187730     1    1950780    1962192     52      18  240778     0.030358      0.48789
_SET18_   ENSG00000163873     1   37261128   37499730    778     104  245519       1.4524     0.073191
_SET18_   ENSG00000160716     1  154540257  154552502     37      20  245836       6.0034   9.6602e-10
_SET18_   ENSG00000138435     2  175612320  175629200     69      16  250748      0.62611      0.26562
_SET18_   ENSG00000135902     2  233390703  233401377     44      14  250470      0.30593      0.37983
_SET18_   ENSG00000196811     2  233404437  233411113     38      14  243266      0.23356      0.40766
_SET18_   ENSG00000186090     3  183749332  183757157     51      14  246262       1.3431     0.089621
_SET18_   ENSG00000178084     3  183770835  183778459     38      14  248729     -0.85784      0.80451
_SET18_   ENSG00000186038     3  183814852  183824783     37      14  241286      0.61456      0.26942
_SET18_   ENSG00000174343     4   40337346   40357234    128      17  257307       1.3252     0.092552
_SET18_   ENSG00000163285     4   46037786   46126098    378      33  250612      0.72099      0.23546
_SET18_   ENSG00000151834     4   46250444   46477247    736      52  249428       2.0747     0.019006
_SET18_   ENSG00000109158     4   46920917   46996424    316      33  252875       2.3558    0.0092407
_SET18_   ENSG00000163288     4   46995740   47428461   1602     127  250870       1.0325      0.15093
_SET18_   ENSG00000152208     4   93225550   94695707   5187     190  250724      0.98819      0.16153
_SET18_   ENSG00000109738     4  157997209  158093242    469      40  245494     -0.22143      0.58762
_SET18_   ENSG00000120251     4  158125334  158287227    427      58  247950     -0.86112      0.80541
_SET18_   ENSG00000145451     4  175558065  175750465    954      88  251173       1.5928     0.055606
_SET18_   ENSG00000145888     5  151202074  151304403    289      27  251213      0.52096       0.3012
_SET18_   ENSG00000155511     5  152869175  153193429   1500     102  255347       1.7101      0.04362
_SET18_   ENSG00000145864     5  160715436  160976050    932      72  248067     0.086825      0.46541
_SET18_   ENSG00000145863     5  160974069  161129599    532      54  242438     -0.13052      0.55192
_SET18_   ENSG00000022355     5  161274197  161326975    210      37  247166       1.3421     0.089777
_SET18_   ENSG00000113327     5  161494546  161582542    235      57  249801     -0.47696       0.6833
_SET18_   ENSG00000146276     6   89887220   89940997    279      37  249029       0.4568      0.32391
_SET18_   ENSG00000111886     6   89966927   90025018    288      61  245276      -2.3282      0.99005
_SET18_   ENSG00000164418     6  101846664  102517958   2862     196  251297      0.68063      0.24805
_SET18_   ENSG00000120899     8   27168999   27316903    635      59  246136       4.8847   5.1785e-07
_SET18_   ENSG00000120903     8   27317279   27337400    115      28  250505        2.843    0.0022349
_SET18_   ENSG00000147432     8   42552519   42592550    223      11  257167       5.1385   1.3846e-07
_SET18_   ENSG00000147434     8   42607763   42651535    146      26  251487        8.067   1.8699e-23
_SET18_   ENSG00000198785     9  104331635  104500862    821      44  253631       1.1188      0.13162
_SET18_   ENSG00000176884     9  140032842  140063207     69      23  246034       2.0806     0.018735
_SET18_   ENSG00000182771    10   87359312   88126250   3345     212  249174      0.63324      0.26329
_SET18_   ENSG00000129749    11    3686817    3692614     29       7  255680       1.2838     0.099599
_SET18_   ENSG00000152578    11  105480721  105852819   1191      73  247901     -0.15046       0.5598
_SET18_   ENSG00000149305    11  113775399  113817287    169      32  251835      -1.0116      0.84414
_SET18_   ENSG00000166736    11  113845603  113861035     67      17  251819      0.16272      0.43537
_SET18_   ENSG00000149403    11  120382468  120859613   2154     227  246490       1.4308     0.076239
_SET18_   ENSG00000273079    12   13693165   14133053   2058     148  250171     -0.54725       0.7079
_SET18_   ENSG00000166206    15   26788693   27184686   1812     181  251551     -0.20008      0.57929
_SET18_   ENSG00000186297    15   27111510   27194354    367      75  250404     -0.49649      0.69023
_SET18_   ENSG00000182256    15   27216429   27778373   2342     254  251356    -0.068547      0.52732
_SET18_   ENSG00000175344    15   32322691   32464722    433      88  246903     0.082566       0.4671
_SET18_   ENSG00000169684    15   78857862   78887611    121      21  242377        8.067   3.9362e-55
_SET18_   ENSG00000080644    15   78885394   78913637    118      23  243639        8.067   1.1232e-79
_SET18_   ENSG00000117971    15   78916461   79020096    404      56  238276        8.067  5.4257e-122
_SET18_   ENSG00000183454    16    9852376   10276611   2277      75  251123     -0.89977      0.81588
_SET18_   ENSG00000108556    17    4801069    4806369     35      15  237078     -0.47608      0.68299
_SET18_   ENSG00000170175    17    7348380    7361026     43      11  239871    -0.051893      0.52069
_SET18_   ENSG00000161509    17   72838162   72857627     63      12  250174      -0.7043      0.75938
_SET18_   ENSG00000116032    19    1000418    1009731     87      20  257491     -0.64317      0.73994
_SET18_   ENSG00000105737    19   42502473   42573650    113      48  232977     -0.28733      0.61307
_SET18_   ENSG00000105464    19   48898132   48948188    154      42  247029     -0.64984       0.7421
_SET18_   ENSG00000101204    20   61975420   62009753    250      58  253400       7.6363   1.1182e-14
_SET18_   ENSG00000171189    21   30909254   31312351   1665     108  251862     -0.87908      0.81032

# _SET19_  VARIABLE = GO_mf:go_acetylcholine_receptor_activity (set)
# _SET19_  NGENES = 23
# _SET19_  P-VALUE = 8.6636e-12
_SET19_   GENE              CHR      START       STOP  NSNPS  NPARAM       N        ZSTAT            P
_SET19_   ENSG00000143412     1  150954493  150968110     45      15  254553       4.6749   1.4707e-06
_SET19_   ENSG00000160716     1  154540257  154552502     37      20  245836       6.0034   9.6602e-10
_SET19_   ENSG00000133019     1  239549865  240078750   2228     162  239758     -0.54186      0.70604
_SET19_   ENSG00000138435     2  175612320  175629200     69      16  250748      0.62611      0.26562
_SET19_   ENSG00000135902     2  233390703  233401377     44      14  250470      0.30593      0.37983
_SET19_   ENSG00000196811     2  233404437  233411113     38      14  243266      0.23356      0.40766
_SET19_   ENSG00000181072     7  136553416  136705002    621      53  251101       1.0255      0.15256
_SET19_   ENSG00000120903     8   27317279   27337400    115      28  250505        2.843    0.0022349
_SET19_   ENSG00000147432     8   42552519   42592550    223      11  257167       5.1385   1.3846e-07
_SET19_   ENSG00000147434     8   42607763   42651535    146      26  251487        8.067   1.8699e-23
_SET19_   ENSG00000180720    11   46406640   46408107      1       1  263954        3.956     3.81e-05
_SET19_   ENSG00000168539    11   62676151   62689279     38      14  254834      0.49743      0.30944
_SET19_   ENSG00000166664    15   30653443   30686052      2       1  227524    -0.093429      0.53722
_SET19_   ENSG00000175344    15   32322691   32464722    433      88  246903     0.082566       0.4671
_SET19_   ENSG00000184984    15   34260921   34357291    383      32  251000     -0.91981      0.82116
_SET19_   ENSG00000169684    15   78857862   78887611    121      21  242377        8.067   3.9362e-55
_SET19_   ENSG00000080644    15   78885394   78913637    118      23  243639        8.067   1.1232e-79
_SET19_   ENSG00000117971    15   78916461   79020096    404      56  238276        8.067  5.4257e-122
_SET19_   ENSG00000108556    17    4801069    4806369     35      15  237078     -0.47608      0.68299
_SET19_   ENSG00000170175    17    7348380    7361026     43      11  239871    -0.051893      0.52069
_SET19_   ENSG00000134489    18   22040593   22059921     78      26  248439      -1.4762      0.93006
_SET19_   ENSG00000101180    20   60790026   60795323     14      10  255189      0.68253      0.24745
_SET19_   ENSG00000101204    20   61975420   62009753    250      58  253400       7.6363   1.1182e-14

# _SET20_  VARIABLE = GO_mf:go_excitatory_extracellular_ligand_gated_ion_channel_activity (set)
# _SET20_  NGENES = 29
# _SET20_  P-VALUE = 4.7519e-08
_SET20_   GENE              CHR      START       STOP  NSNPS  NPARAM       N        ZSTAT            P
_SET20_   ENSG00000160716     1  154540257  154552502     37      20  245836       6.0034   9.6602e-10
_SET20_   ENSG00000138435     2  175612320  175629200     69      16  250748      0.62611      0.26562
_SET20_   ENSG00000135902     2  233390703  233401377     44      14  250470      0.30593      0.37983
_SET20_   ENSG00000196811     2  233404437  233411113     38      14  243266      0.23356      0.40766
_SET20_   ENSG00000174343     4   40337346   40357234    128      17  257307       1.3252     0.092552
_SET20_   ENSG00000109738     4  157997209  158093242    469      40  245494     -0.22143      0.58762
_SET20_   ENSG00000145451     4  175558065  175750465    954      88  251173       1.5928     0.055606
_SET20_   ENSG00000145888     5  151202074  151304403    289      27  251213      0.52096       0.3012
_SET20_   ENSG00000164418     6  101846664  102517958   2862     196  251297      0.68063      0.24805
_SET20_   ENSG00000120903     8   27317279   27337400    115      28  250505        2.843    0.0022349
_SET20_   ENSG00000147432     8   42552519   42592550    223      11  257167       5.1385   1.3846e-07
_SET20_   ENSG00000147434     8   42607763   42651535    146      26  251487        8.067   1.8699e-23
_SET20_   ENSG00000129749    11    3686817    3692614     29       7  255680       1.2838     0.099599
_SET20_   ENSG00000109991    11   57105848   57138073    109      18  255855     -0.82753      0.79603
_SET20_   ENSG00000089041    12  121570622  121623876    311      36  253167       2.1751     0.014812
_SET20_   ENSG00000135124    12  121647660  121671909    111      20  248710      0.72882      0.23306
_SET20_   ENSG00000187848    12  133195366  133198972     14       6  250374     -0.49425      0.68943
_SET20_   ENSG00000175344    15   32322691   32464722    433      88  246903     0.082566       0.4671
_SET20_   ENSG00000169684    15   78857862   78887611    121      21  242377        8.067   3.9362e-55
_SET20_   ENSG00000080644    15   78885394   78913637    118      23  243639        8.067   1.1232e-79
_SET20_   ENSG00000117971    15   78916461   79020096    404      56  238276        8.067  5.4257e-122
_SET20_   ENSG00000196689    17    3468738    3500392    190      44  233950     0.069658      0.47223
_SET20_   ENSG00000083454    17    3575493    3599698    101      25  243444      0.71521      0.23724
_SET20_   ENSG00000108405    17    3799886    3819794     85      24  236972      0.21533      0.41476
_SET20_   ENSG00000108556    17    4801069    4806369     35      15  237078     -0.47608      0.68299
_SET20_   ENSG00000170175    17    7348380    7361026     43      11  239871    -0.051893      0.52069
_SET20_   ENSG00000104888    19   49932658   49945617     31      12  247775     -0.44648      0.67237
_SET20_   ENSG00000101204    20   61975420   62009753    250      58  253400       7.6363   1.1182e-14
_SET20_   ENSG00000099957    22   21364097   21383119    111      36  248625      -1.5218      0.93598

# _SET21_  VARIABLE = GO_mf:go_acetylcholine_binding (set)
# _SET21_  NGENES = 17
# _SET21_  P-VALUE = 2.2853e-10
_SET21_   GENE              CHR      START       STOP  NSNPS  NPARAM       N        ZSTAT            P
_SET21_   ENSG00000160716     1  154540257  154552502     37      20  245836       6.0034   9.6602e-10
_SET21_   ENSG00000133019     1  239549865  240078750   2228     162  239758     -0.54186      0.70604
_SET21_   ENSG00000138435     2  175612320  175629200     69      16  250748      0.62611      0.26562
_SET21_   ENSG00000135902     2  233390703  233401377     44      14  250470      0.30593      0.37983
_SET21_   ENSG00000196811     2  233404437  233411113     38      14  243266      0.23356      0.40766
_SET21_   ENSG00000087085     7  100487615  100494594     24      12  243953      0.25856      0.39799
_SET21_   ENSG00000120903     8   27317279   27337400    115      28  250505        2.843    0.0022349
_SET21_   ENSG00000147432     8   42552519   42592550    223      11  257167       5.1385   1.3846e-07
_SET21_   ENSG00000147434     8   42607763   42651535    146      26  251487        8.067   1.8699e-23
_SET21_   ENSG00000166664    15   30653443   30686052      2       1  227524    -0.093429      0.53722
_SET21_   ENSG00000175344    15   32322691   32464722    433      88  246903     0.082566       0.4671
_SET21_   ENSG00000169684    15   78857862   78887611    121      21  242377        8.067   3.9362e-55
_SET21_   ENSG00000080644    15   78885394   78913637    118      23  243639        8.067   1.1232e-79
_SET21_   ENSG00000117971    15   78916461   79020096    404      56  238276        8.067  5.4257e-122
_SET21_   ENSG00000108556    17    4801069    4806369     35      15  237078     -0.47608      0.68299
_SET21_   ENSG00000170175    17    7348380    7361026     43      11  239871    -0.051893      0.52069
_SET21_   ENSG00000101204    20   61975420   62009753    250      58  253400       7.6363   1.1182e-14

# _SET22_  VARIABLE = GO_mf:go_arachidonic_acid_monooxygenase_activity (set)
# _SET22_  NGENES = 15
# _SET22_  P-VALUE = 2.7189e-07
_SET22_   GENE              CHR      START       STOP  NSNPS  NPARAM       N        ZSTAT            P
_SET22_   ENSG00000187048     1   47394849   47407156     59      16  237425     -0.15055      0.55983
_SET22_   ENSG00000134716     1   60358980   60392462     95      22  251415       2.6932     0.003538
_SET22_   ENSG00000108242    10   96443251   96495947    273      27  241021    -0.029436      0.51174
_SET22_   ENSG00000165841    10   96447911   96613017    817      39  242149     -0.37287      0.64538
_SET22_   ENSG00000138109    10   96698415   96749147    239      34  249342      0.19873      0.42124
_SET22_   ENSG00000138115    10   96796530   96829254    182      29  250879      0.28003      0.38973
_SET22_   ENSG00000130649    10  135333910  135374724    315      30  253814       1.0871      0.13849
_SET22_   ENSG00000186204    19   15783567   15807984    154      14  254295       1.3941     0.081648
_SET22_   ENSG00000186115    19   15988833   16008930    101      14  251805      0.08598      0.46574
_SET22_   ENSG00000255974    19   41349443   41356352     38      12  247831        8.067   3.3294e-49
_SET22_   ENSG00000198077    19   41381344   41388657     53      14  246528       5.7658   4.0638e-09
_SET22_   ENSG00000197408    19   41497204   41524303    183      34  240475       7.0032   1.2512e-12
_SET22_   ENSG00000197838    19   41594377   41602100     39      14  236907       1.5883     0.056105
_SET22_   ENSG00000197446    19   41620337   41634271     74      16  243458       2.3438     0.009545
_SET22_   ENSG00000167600    19   41698954   41713444     54      19  236916       1.5292     0.063109

# _SET23_  VARIABLE = GO_mf:go_acetylcholine_gated_cation_selective_channel_activity (set)
# _SET23_  NGENES = 16
# _SET23_  P-VALUE = 7.5593e-15
_SET23_   GENE              CHR      START       STOP  NSNPS  NPARAM       N        ZSTAT            P
_SET23_   ENSG00000160716     1  154540257  154552502     37      20  245836       6.0034   9.6602e-10
_SET23_   ENSG00000138435     2  175612320  175629200     69      16  250748      0.62611      0.26562
_SET23_   ENSG00000135902     2  233390703  233401377     44      14  250470      0.30593      0.37983
_SET23_   ENSG00000196811     2  233404437  233411113     38      14  243266      0.23356      0.40766
_SET23_   ENSG00000174343     4   40337346   40357234    128      17  257307       1.3252     0.092552
_SET23_   ENSG00000120903     8   27317279   27337400    115      28  250505        2.843    0.0022349
_SET23_   ENSG00000147432     8   42552519   42592550    223      11  257167       5.1385   1.3846e-07
_SET23_   ENSG00000147434     8   42607763   42651535    146      26  251487        8.067   1.8699e-23
_SET23_   ENSG00000129749    11    3686817    3692614     29       7  255680       1.2838     0.099599
_SET23_   ENSG00000175344    15   32322691   32464722    433      88  246903     0.082566       0.4671
_SET23_   ENSG00000169684    15   78857862   78887611    121      21  242377        8.067   3.9362e-55
_SET23_   ENSG00000080644    15   78885394   78913637    118      23  243639        8.067   1.1232e-79
_SET23_   ENSG00000117971    15   78916461   79020096    404      56  238276        8.067  5.4257e-122
_SET23_   ENSG00000108556    17    4801069    4806369     35      15  237078     -0.47608      0.68299
_SET23_   ENSG00000170175    17    7348380    7361026     43      11  239871    -0.051893      0.52069
_SET23_   ENSG00000101204    20   61975420   62009753    250      58  253400       7.6363   1.1182e-14

# _SET24_  VARIABLE = GO_mf:go_postsynaptic_neurotransmitter_receptor_activity (set)
# _SET24_  NGENES = 48
# _SET24_  P-VALUE = 3.0421e-08
_SET24_   GENE              CHR      START       STOP  NSNPS  NPARAM       N        ZSTAT            P
_SET24_   ENSG00000187730     1    1950780    1962192     52      18  240778     0.030358      0.48789
_SET24_   ENSG00000163873     1   37261128   37499730    778     104  245519       1.4524     0.073191
_SET24_   ENSG00000160716     1  154540257  154552502     37      20  245836       6.0034   9.6602e-10
_SET24_   ENSG00000138435     2  175612320  175629200     69      16  250748      0.62611      0.26562
_SET24_   ENSG00000135902     2  233390703  233401377     44      14  250470      0.30593      0.37983
_SET24_   ENSG00000196811     2  233404437  233411113     38      14  243266      0.23356      0.40766
_SET24_   ENSG00000174343     4   40337346   40357234    128      17  257307       1.3252     0.092552
_SET24_   ENSG00000163285     4   46037786   46126098    378      33  250612      0.72099      0.23546
_SET24_   ENSG00000151834     4   46250444   46477247    736      52  249428       2.0747     0.019006
_SET24_   ENSG00000109158     4   46920917   46996424    316      33  252875       2.3558    0.0092407
_SET24_   ENSG00000163288     4   46995740   47428461   1602     127  250870       1.0325      0.15093
_SET24_   ENSG00000152208     4   93225550   94695707   5187     190  250724      0.98819      0.16153
_SET24_   ENSG00000109738     4  157997209  158093242    469      40  245494     -0.22143      0.58762
_SET24_   ENSG00000145888     5  151202074  151304403    289      27  251213      0.52096       0.3012
_SET24_   ENSG00000155511     5  152869175  153193429   1500     102  255347       1.7101      0.04362
_SET24_   ENSG00000145864     5  160715436  160976050    932      72  248067     0.086825      0.46541
_SET24_   ENSG00000145863     5  160974069  161129599    532      54  242438     -0.13052      0.55192
_SET24_   ENSG00000022355     5  161274197  161326975    210      37  247166       1.3421     0.089777
_SET24_   ENSG00000113327     5  161494546  161582542    235      57  249801     -0.47696       0.6833
_SET24_   ENSG00000204681     6   29523406   29601753    450      62  220385       2.0052     0.022469
_SET24_   ENSG00000146276     6   89887220   89940997    279      37  249029       0.4568      0.32391
_SET24_   ENSG00000111886     6   89966927   90025018    288      61  245276      -2.3282      0.99005
_SET24_   ENSG00000164418     6  101846664  102517958   2862     196  251297      0.68063      0.24805
_SET24_   ENSG00000152822     6  146348782  146758734   1215      81  247596       1.8992     0.028771
_SET24_   ENSG00000120903     8   27317279   27337400    115      28  250505        2.843    0.0022349
_SET24_   ENSG00000147432     8   42552519   42592550    223      11  257167       5.1385   1.3846e-07
_SET24_   ENSG00000147434     8   42607763   42651535    146      26  251487        8.067   1.8699e-23
_SET24_   ENSG00000198785     9  104331635  104500862    821      44  253631       1.1188      0.13162
_SET24_   ENSG00000176884     9  140032842  140063207     69      23  246034       2.0806     0.018735
_SET24_   ENSG00000182771    10   87359312   88126250   3345     212  249174      0.63324      0.26329
_SET24_   ENSG00000043591    10  115803806  115806667      4       2  255528       2.2561     0.012031
_SET24_   ENSG00000129749    11    3686817    3692614     29       7  255680       1.2838     0.099599
_SET24_   ENSG00000168539    11   62676151   62689279     38      14  254834      0.49743      0.30944
_SET24_   ENSG00000168959    11   88237744   88799113   2706      72  243014      -1.9771      0.97598
_SET24_   ENSG00000149403    11  120382468  120859613   2154     227  246490       1.4308     0.076239
_SET24_   ENSG00000166206    15   26788693   27184686   1812     181  251551     -0.20008      0.57929
_SET24_   ENSG00000186297    15   27111510   27194354    367      75  250404     -0.49649      0.69023
_SET24_   ENSG00000182256    15   27216429   27778373   2342     254  251356    -0.068547      0.52732
_SET24_   ENSG00000175344    15   32322691   32464722    433      88  246903     0.082566       0.4671
_SET24_   ENSG00000169684    15   78857862   78887611    121      21  242377        8.067   3.9362e-55
_SET24_   ENSG00000080644    15   78885394   78913637    118      23  243639        8.067   1.1232e-79
_SET24_   ENSG00000117971    15   78916461   79020096    404      56  238276        8.067  5.4257e-122
_SET24_   ENSG00000108556    17    4801069    4806369     35      15  237078     -0.47608      0.68299
_SET24_   ENSG00000170175    17    7348380    7361026     43      11  239871    -0.051893      0.52069
_SET24_   ENSG00000161509    17   72838162   72857627     63      12  250174      -0.7043      0.75938
_SET24_   ENSG00000105737    19   42502473   42573650    113      48  232977     -0.28733      0.61307
_SET24_   ENSG00000101204    20   61975420   62009753    250      58  253400       7.6363   1.1182e-14
_SET24_   ENSG00000171189    21   30909254   31312351   1665     108  251862     -0.87908      0.81032
